#
# A fatal error has been detected by the Java Runtime Environment:
#
#  EXCEPTION_ACCESS_VIOLATION (0xc0000005) at pc=0x000000007789bd7d, pid=32740, tid=0x0000000000002c64
#
# JRE version: Java(TM) SE Runtime Environment (8.0_144-b01) (build 1.8.0_144-b01)
# Java VM: Java HotSpot(TM) 64-Bit Server VM (25.144-b01 mixed mode windows-amd64 compressed oops)
# Problematic frame:
# V  [jvm.dll+0x13bd7d]
#
# Failed to write core dump. Minidumps are not enabled by default on client versions of Windows
#
# If you would like to submit a bug report, please visit:
#   http://bugreport.java.com/bugreport/crash.jsp
#

---------------  T H R E A D  ---------------

Current thread (0x000000002170a800):  JavaThread "C1 CompilerThread9" daemon [_thread_in_vm, id=11364, stack(0x00000000228d0000,0x00000000229d0000)]

siginfo: ExceptionCode=0xc0000005, reading address 0x000000200313c900

Registers:
RAX=0x000000002170a800, RBX=0x00000000229cf530, RCX=0x0000000000000005, RDX=0x00000000229cf530
RSP=0x00000000229cf3f0, RBP=0x0000000002ed21e0, RSI=0x00000000216d6850, RDI=0x00000000216d6840
R8 =0x0000000000000017, R9 =0x00000000229cf530, R10=0x0000000000000017, R11=0x000000001d255e20
R12=0x000000200313c900, R13=0x00000000000003d8, R14=0x00000000229cf530, R15=0x0000000077d545c8
RIP=0x000000007789bd7d, EFLAGS=0x0000000000010246

Top of Stack: (sp=0x00000000229cf3f0)
0x00000000229cf3f0:   000000001f72e420 000000060000001b
0x00000000229cf400:   000000001f719260 00000000229cf7f0
0x00000000229cf410:   0000000077d545c8 00000000229cf530
0x00000000229cf420:   00000000000003d8 000000001d255ea0
0x00000000229cf430:   00000000216d6840 00000000216d6850
0x00000000229cf440:   00000000216d6c28 000000007788c1d6
0x00000000229cf450:   0000000000000000 0000000077d666cc
0x00000000229cf460:   000000001f72e420 0000000000000014
0x00000000229cf470:   000000001f733760 00000000216d6840
0x00000000229cf480:   0000000000000000 0000000077801306
0x00000000229cf490:   00000000229cf530 00000000229cf7b0
0x00000000229cf4a0:   0000000000000003 000000001d255ea0
0x00000000229cf4b0:   000000ee00000020 0000000000000020
0x00000000229cf4c0:   0000000000000020 3033353436373300
0x00000000229cf4d0:   000000001f72e420 0000000077801b6f
0x00000000229cf4e0:   000000001f733760 00000000031cfe10 

Instructions: (pc=0x000000007789bd7d)
0x000000007789bd5d:   56 41 57 48 83 ec 20 4c 8b e1 8b 0d db 7a 67 00
0x000000007789bd6d:   48 8b da ff 15 7a 16 4a 00 48 8b 2d c3 62 6d 00
0x000000007789bd7d:   41 0f b7 14 24 4c 8b a8 30 01 00 00 49 8d 4c 24
0x000000007789bd8d:   08 48 85 db 49 8b 45 20 4d 8b 75 10 4d 8b 7d 18 


Register to memory mapping:

RAX=0x000000002170a800 is a thread
RBX=0x00000000229cf530 is pointing into the stack for thread: 0x000000002170a800
RCX=0x0000000000000005 is an unknown value
RDX=0x00000000229cf530 is pointing into the stack for thread: 0x000000002170a800
RSP=0x00000000229cf3f0 is pointing into the stack for thread: 0x000000002170a800
RBP=0x0000000002ed21e0 is an unknown value
RSI=0x00000000216d6850 is an unknown value
RDI=0x00000000216d6840 is an unknown value
R8 =0x0000000000000017 is an unknown value
R9 =0x00000000229cf530 is pointing into the stack for thread: 0x000000002170a800
R10=0x0000000000000017 is an unknown value
R11=0x000000001d255e20 is pointing into metadata
R12=0x000000200313c900 is an unknown value
R13=0x00000000000003d8 is an unknown value
R14=0x00000000229cf530 is pointing into the stack for thread: 0x000000002170a800
R15=0x0000000077d545c8 is an unknown value


Stack: [0x00000000228d0000,0x00000000229d0000],  sp=0x00000000229cf3f0,  free space=1020k
Native frames: (J=compiled Java code, j=interpreted, Vv=VM code, C=native code)
V  [jvm.dll+0x13bd7d]
V  [jvm.dll+0x12c1d6]
V  [jvm.dll+0xa1306]
V  [jvm.dll+0xa1b6f]
V  [jvm.dll+0xa5a28]
V  [jvm.dll+0xa66ff]
V  [jvm.dll+0x24524f]
V  [jvm.dll+0x29ca6a]
C  [msvcr100.dll+0x21d9f]
C  [msvcr100.dll+0x21e3b]
C  [KERNEL32.DLL+0x2e8d7]
C  [ntdll.dll+0x3c34c]


Current CompileTask:
C1:   1727  715       3       java.math.BigInteger::
[error occurred during error reporting (printing current compile task), id 0xc0000005]


---------------  P R O C E S S  ---------------

Java Threads: ( => current thread )
  0x000000001f72f800 JavaThread "Service Thread" daemon [_thread_blocked, id=21924, stack(0x0000000022bd0000,0x0000000022cd0000)]
  0x0000000021711800 JavaThread "C1 CompilerThread11" daemon [_thread_in_vm, id=29100, stack(0x0000000022ad0000,0x0000000022bd0000)]
  0x000000002170e800 JavaThread "C1 CompilerThread10" daemon [_thread_blocked, id=25400, stack(0x00000000229d0000,0x0000000022ad0000)]
=>0x000000002170a800 JavaThread "C1 CompilerThread9" daemon [_thread_in_vm, id=11364, stack(0x00000000228d0000,0x00000000229d0000)]
  0x000000002170d800 JavaThread "C1 CompilerThread8" daemon [_thread_blocked, id=33996, stack(0x00000000227d0000,0x00000000228d0000)]
  0x000000002170b800 JavaThread "C2 CompilerThread7" daemon [_thread_blocked, id=14748, stack(0x00000000226d0000,0x00000000227d0000)]
  0x000000002170c000 JavaThread "C2 CompilerThread6" daemon [_thread_blocked, id=23840, stack(0x00000000225d0000,0x00000000226d0000)]
  0x000000002170d000 JavaThread "C2 CompilerThread5" daemon [_thread_blocked, id=13776, stack(0x00000000224d0000,0x00000000225d0000)]
  0x000000001f73d800 JavaThread "C2 CompilerThread4" daemon [_thread_blocked, id=15584, stack(0x00000000222d0000,0x00000000223d0000)]
  0x00000000216dc000 JavaThread "C2 CompilerThread3" daemon [_thread_in_native, id=8592, stack(0x00000000221d0000,0x00000000222d0000)]
  0x00000000216d3000 JavaThread "C2 CompilerThread2" daemon [_thread_blocked, id=16868, stack(0x00000000220d0000,0x00000000221d0000)]
  0x00000000216d0800 JavaThread "C2 CompilerThread1" daemon [_thread_blocked, id=28596, stack(0x0000000021fd0000,0x00000000220d0000)]
  0x000000001f735000 JavaThread "C2 CompilerThread0" daemon [_thread_blocked, id=19164, stack(0x0000000021ed0000,0x0000000021fd0000)]
  0x000000001f432000 JavaThread "JDWP Command Reader" daemon [_thread_in_native, id=25364, stack(0x00000000215d0000,0x00000000216d0000)]
  0x000000001f430800 JavaThread "JDWP Event Helper Thread" daemon [_thread_blocked, id=17964, stack(0x00000000214d0000,0x00000000215d0000)]
  0x000000001f41e000 JavaThread "JDWP Transport Listener: dt_socket" daemon [_thread_blocked, id=8496, stack(0x00000000213d0000,0x00000000214d0000)]
  0x000000001f428000 JavaThread "Attach Listener" daemon [_thread_blocked, id=19328, stack(0x0000000020f90000,0x0000000021090000)]
  0x000000001f425800 JavaThread "Signal Dispatcher" daemon [_thread_blocked, id=14812, stack(0x0000000020e90000,0x0000000020f90000)]
  0x000000001f406800 JavaThread "Finalizer" daemon [_thread_blocked, id=26168, stack(0x0000000020c80000,0x0000000020d80000)]
  0x000000001d99c800 JavaThread "Reference Handler" daemon [_thread_blocked, id=22264, stack(0x0000000020b80000,0x0000000020c80000)]
  0x0000000002edd000 JavaThread "main" [_thread_blocked, id=5988, stack(0x0000000002ee0000,0x0000000002fe0000)]

Other Threads:
  0x000000001d996000 VMThread [stack: 0x0000000020a80000,0x0000000020b80000] [id=10780]
  0x0000000021923800 WatcherThread [stack: 0x0000000022cd0000,0x0000000022dd0000] [id=31576]

VM state:synchronizing (normal execution)

VM Mutex/Monitor currently owned by a thread:  ([mutex/lock_event])
[0x00000000030e3660] Threads_lock - owner thread: 0x000000001d996000
[0x00000000030e41f0] Compile_lock - owner thread: 0x0000000002edd000

Heap:
 PSYoungGen      total 8869376K, used 1216438K [0x0000000555580000, 0x00000007c0000000, 0x00000007c0000000)
  eden space 7602688K, 16% used [0x0000000555580000,0x000000059f96d8e8,0x0000000725600000)
  from space 1266688K, 0% used [0x0000000772b00000,0x0000000772b00000,0x00000007c0000000)
  to   space 1266688K, 0% used [0x0000000725600000,0x0000000725600000,0x0000000772b00000)
 ParOldGen       total 20272640K, used 0K [0x0000000080000000, 0x0000000555580000, 0x0000000555580000)
  object space 20272640K, 0% used [0x0000000080000000,0x0000000080000000,0x0000000555580000)
 Metaspace       used 8498K, capacity 8550K, committed 8832K, reserved 1056768K
  class space    used 822K, capacity 849K, committed 896K, reserved 1048576K

Card table byte_map: [0x00000000125a0000,0x0000000015fb0000] byte_map_base: 0x00000000121a0000

Marking Bits: (ParMarkBitMap*) 0x0000000077f7d850
 Begin Bits: [0x00000007c0000000, 0x00000007dd000000)
 End Bits:   [0x00000007dd000000, 0x00000007fa000000)

Polling page: 0x0000000001490000

CodeCache: size=245760Kb used=5847Kb max_used=5859Kb free=239912Kb
 bounds [0x00000000031e0000, 0x00000000037b0000, 0x00000000121e0000]
 total_blobs=1084 nmethods=753 adapters=248
 compilation: enabled

Compilation events (10 events):
Event: 1.697 Thread 0x0000000021711800  716       3       java.util.Arrays::copyOfRange (63 bytes)
Event: 1.698 Thread 0x000000002170b800 nmethod 663% 0x0000000003776a10 code [0x0000000003776c60, 0x0000000003779110]
Event: 1.698 Thread 0x000000002170e800  717       3       java.math.BigInteger::trustedStripLeadingZeroInts (37 bytes)
Event: 1.698 Thread 0x0000000021711800 nmethod 716 0x0000000003775650 code [0x0000000003775860, 0x0000000003776438]
Event: 1.698 Thread 0x000000002170d800  718       3       java.lang.Integer::numberOfTrailingZeros (79 bytes)
Event: 1.698 Thread 0x000000001f735000 nmethod 711 0x00000000037630d0 code [0x0000000003763220, 0x0000000003763478]
Event: 1.698 Thread 0x000000002170e800 nmethod 717 0x0000000003770a10 code [0x0000000003770b80, 0x0000000003770e48]
Event: 1.698 Thread 0x0000000021711800  719       3       java.math.MutableBigInteger::getLowestSetBit (74 bytes)
Event: 1.698 Thread 0x000000002170d800 nmethod 718 0x0000000003770590 code [0x0000000003770700, 0x00000000037709b0]
Event: 1.698 Thread 0x0000000021711800 nmethod 719 0x0000000003774f90 code [0x0000000003775120, 0x00000000037754a8]

GC Heap History (0 events):
No events

Deoptimization events (10 events):
Event: 1.409 Thread 0x0000000002edd000 Uncommon trap: reason=unstable_if action=reinterpret pc=0x0000000003662c9c method=sun.misc.MetaIndex.mayContain(Ljava/lang/String;)Z @ 13
Event: 1.409 Thread 0x0000000002edd000 Uncommon trap: reason=unstable_if action=reinterpret pc=0x00000000035bec64 method=sun.misc.URLClassPath.getLoader(I)Lsun/misc/URLClassPath$Loader; @ 36
Event: 1.426 Thread 0x0000000002edd000 Uncommon trap: reason=unstable_if action=reinterpret pc=0x00000000035d2784 method=java.lang.String.regionMatches(ZILjava/lang/String;II)Z @ 95
Event: 1.460 Thread 0x0000000002edd000 Uncommon trap: reason=unstable_if action=reinterpret pc=0x0000000003689b74 method=java.io.WinNTFileSystem.isLetter(C)Z @ 3
Event: 1.645 Thread 0x0000000002edd000 Uncommon trap: reason=class_check action=maybe_recompile pc=0x0000000003522eec method=java.lang.String.equals(Ljava/lang/Object;)Z @ 8
Event: 1.645 Thread 0x0000000002edd000 Uncommon trap: reason=class_check action=maybe_recompile pc=0x0000000003522eec method=java.lang.String.equals(Ljava/lang/Object;)Z @ 8
Event: 1.645 Thread 0x0000000002edd000 Uncommon trap: reason=class_check action=maybe_recompile pc=0x0000000003522eec method=java.lang.String.equals(Ljava/lang/Object;)Z @ 8
Event: 1.645 Thread 0x0000000002edd000 Uncommon trap: reason=class_check action=maybe_recompile pc=0x0000000003522eec method=java.lang.String.equals(Ljava/lang/Object;)Z @ 8
Event: 1.669 Thread 0x0000000002edd000 Uncommon trap: reason=unstable_if action=reinterpret pc=0x0000000003749fa0 method=sun.util.calendar.ZoneInfoFile$ZoneOffsetTransitionRule.toEpochDay(III)J @ 119
Event: 1.669 Thread 0x0000000002edd000 Uncommon trap: reason=unstable_if action=reinterpret pc=0x0000000003749a0c method=sun.util.calendar.ZoneInfoFile$ZoneOffsetTransitionRule.toEpochDay(III)J @ 119

Internal exceptions (10 events):
Event: 0.410 Thread 0x0000000002edd000 Exception <a 'java/security/PrivilegedActionException'> (0x00000005556848c8) thrown at [C:\re\workspace\8-2-build-windows-amd64-cygwin\jdk8u144\9417\hotspot\src\share\vm\prims\jvm.cpp, line 1390]
Event: 0.410 Thread 0x0000000002edd000 Exception <a 'java/security/PrivilegedActionException'> (0x0000000555684ad8) thrown at [C:\re\workspace\8-2-build-windows-amd64-cygwin\jdk8u144\9417\hotspot\src\share\vm\prims\jvm.cpp, line 1390]
Event: 0.411 Thread 0x0000000002edd000 Exception <a 'java/security/PrivilegedActionException'> (0x0000000555685e38) thrown at [C:\re\workspace\8-2-build-windows-amd64-cygwin\jdk8u144\9417\hotspot\src\share\vm\prims\jvm.cpp, line 1390]
Event: 0.411 Thread 0x0000000002edd000 Exception <a 'java/security/PrivilegedActionException'> (0x0000000555686048) thrown at [C:\re\workspace\8-2-build-windows-amd64-cygwin\jdk8u144\9417\hotspot\src\share\vm\prims\jvm.cpp, line 1390]
Event: 0.425 Thread 0x0000000002edd000 Exception <a 'java/security/PrivilegedActionException'> (0x00000005556d3598) thrown at [C:\re\workspace\8-2-build-windows-amd64-cygwin\jdk8u144\9417\hotspot\src\share\vm\prims\jvm.cpp, line 1390]
Event: 0.425 Thread 0x0000000002edd000 Exception <a 'java/security/PrivilegedActionException'> (0x00000005556d37a8) thrown at [C:\re\workspace\8-2-build-windows-amd64-cygwin\jdk8u144\9417\hotspot\src\share\vm\prims\jvm.cpp, line 1390]
Event: 1.409 Thread 0x0000000002edd000 Exception <a 'java/security/PrivilegedActionException'> (0x000000055808cf78) thrown at [C:\re\workspace\8-2-build-windows-amd64-cygwin\jdk8u144\9417\hotspot\src\share\vm\prims\jvm.cpp, line 1390]
Event: 1.409 Thread 0x0000000002edd000 Exception <a 'java/security/PrivilegedActionException'> (0x000000055808d188) thrown at [C:\re\workspace\8-2-build-windows-amd64-cygwin\jdk8u144\9417\hotspot\src\share\vm\prims\jvm.cpp, line 1390]
Event: 1.410 Thread 0x0000000002edd000 Exception <a 'java/security/PrivilegedActionException'> (0x0000000558091098) thrown at [C:\re\workspace\8-2-build-windows-amd64-cygwin\jdk8u144\9417\hotspot\src\share\vm\prims\jvm.cpp, line 1390]
Event: 1.410 Thread 0x0000000002edd000 Exception <a 'java/security/PrivilegedActionException'> (0x00000005580912a8) thrown at [C:\re\workspace\8-2-build-windows-amd64-cygwin\jdk8u144\9417\hotspot\src\share\vm\prims\jvm.cpp, line 1390]

Events (10 events):
Event: 1.682 loading class java/security/KeyPairGeneratorSpi done
Event: 1.682 loading class java/security/KeyPairGenerator done
Event: 1.682 loading class sun/security/rsa/RSAKeyPairGenerator
Event: 1.682 loading class sun/security/rsa/RSAKeyPairGenerator done
Event: 1.682 loading class java/security/spec/RSAKeyGenParameterSpec
Event: 1.682 loading class java/security/spec/RSAKeyGenParameterSpec done
Event: 1.682 loading class java/security/KeyPairGenerator$Delegate
Event: 1.682 loading class java/security/KeyPairGenerator$Delegate done
Event: 1.682 loading class java/math/BitSieve
Event: 1.682 loading class java/math/BitSieve done


Dynamic libraries:
0x00007ff626bd0000 - 0x00007ff626c07000 	C:\Program Files\Java\jdk1.8.0_144\bin\javaw.exe
0x00007ffc5b440000 - 0x00007ffc5b6a8000 	C:\WINDOWS\SYSTEM32\ntdll.dll
0x00007ffc5a5b0000 - 0x00007ffc5a679000 	C:\WINDOWS\System32\KERNEL32.DLL
0x00007ffc58df0000 - 0x00007ffc591dd000 	C:\WINDOWS\System32\KERNELBASE.dll
0x00007ffc59ee0000 - 0x00007ffc59f94000 	C:\WINDOWS\System32\ADVAPI32.dll
0x00007ffc591e0000 - 0x00007ffc59289000 	C:\WINDOWS\System32\msvcrt.dll
0x00007ffc5aa30000 - 0x00007ffc5aad6000 	C:\WINDOWS\System32\sechost.dll
0x00007ffc59dc0000 - 0x00007ffc59ed8000 	C:\WINDOWS\System32\RPCRT4.dll
0x00007ffc5b230000 - 0x00007ffc5b3fc000 	C:\WINDOWS\System32\USER32.dll
0x00007ffc58c70000 - 0x00007ffc58c97000 	C:\WINDOWS\System32\win32u.dll
0x00007ffc59fc0000 - 0x00007ffc59feb000 	C:\WINDOWS\System32\GDI32.dll
0x00007ffc58770000 - 0x00007ffc588a7000 	C:\WINDOWS\System32\gdi32full.dll
0x00007ffc58ca0000 - 0x00007ffc58d43000 	C:\WINDOWS\System32\msvcp_win.dll
0x00007ffc58590000 - 0x00007ffc586db000 	C:\WINDOWS\System32\ucrtbase.dll
0x00007ffc57850000 - 0x00007ffc57aea000 	C:\WINDOWS\WinSxS\amd64_microsoft.windows.common-controls_6595b64144ccf1df_6.0.26100.4484_none_3e0e6d4ce32ef3b3\COMCTL32.dll
0x00007ffc5ac50000 - 0x00007ffc5ac7f000 	C:\WINDOWS\System32\IMM32.DLL
0x0000000050340000 - 0x0000000050412000 	C:\Program Files\Java\jdk1.8.0_144\jre\bin\msvcr100.dll
0x0000000077760000 - 0x0000000077ffd000 	C:\Program Files\Java\jdk1.8.0_144\jre\bin\server\jvm.dll
0x00007ffc5ac90000 - 0x00007ffc5ac98000 	C:\WINDOWS\System32\PSAPI.DLL
0x00007ffc49380000 - 0x00007ffc4938a000 	C:\WINDOWS\SYSTEM32\WSOCK32.dll
0x00007ffc54250000 - 0x00007ffc54285000 	C:\WINDOWS\SYSTEM32\WINMM.dll
0x00007ffc50650000 - 0x00007ffc5065b000 	C:\WINDOWS\SYSTEM32\VERSION.dll
0x00007ffc59ae0000 - 0x00007ffc59b54000 	C:\WINDOWS\System32\WS2_32.dll
0x0000000050c40000 - 0x0000000050c4f000 	C:\Program Files\Java\jdk1.8.0_144\jre\bin\verify.dll
0x0000000050c10000 - 0x0000000050c39000 	C:\Program Files\Java\jdk1.8.0_144\jre\bin\java.dll
0x0000000050300000 - 0x0000000050335000 	C:\Program Files\Java\jdk1.8.0_144\jre\bin\jdwp.dll
0x00000000502f0000 - 0x00000000502f8000 	C:\Program Files\Java\jdk1.8.0_144\jre\bin\npt.dll
0x00000000502c0000 - 0x00000000502e3000 	C:\Program Files\Java\jdk1.8.0_144\jre\bin\instrument.dll
0x0000000050bf0000 - 0x0000000050c06000 	C:\Program Files\Java\jdk1.8.0_144\jre\bin\zip.dll
0x00007ffc59290000 - 0x00007ffc599da000 	C:\WINDOWS\System32\SHELL32.dll
0x00007ffc58af0000 - 0x00007ffc58c64000 	C:\WINDOWS\System32\wintypes.dll
0x00007ffc5a6a0000 - 0x00007ffc5aa26000 	C:\WINDOWS\System32\combase.dll
0x00007ffc553e0000 - 0x00007ffc55c3b000 	C:\WINDOWS\SYSTEM32\windows.storage.dll
0x00007ffc5a4b0000 - 0x00007ffc5a5a5000 	C:\WINDOWS\System32\SHCORE.dll
0x00007ffc5aae0000 - 0x00007ffc5ab4a000 	C:\WINDOWS\System32\shlwapi.dll
0x00007ffc584a0000 - 0x00007ffc584cf000 	C:\WINDOWS\SYSTEM32\profapi.dll
0x00000000502b0000 - 0x00000000502b9000 	C:\Program Files\Java\jdk1.8.0_144\jre\bin\dt_socket.dll
0x00007ffc4f830000 - 0x00007ffc4f848000 	C:\WINDOWS\system32\napinsp.dll
0x00007ffc58d50000 - 0x00007ffc58de9000 	C:\WINDOWS\System32\bcryptPrimitives.dll
0x00007ffc56ee0000 - 0x00007ffc56f4a000 	C:\WINDOWS\System32\mswsock.dll
0x00007ffc561b0000 - 0x00007ffc562d6000 	C:\WINDOWS\SYSTEM32\DNSAPI.dll
0x00007ffc56170000 - 0x00007ffc561a3000 	C:\WINDOWS\SYSTEM32\IPHLPAPI.DLL
0x00007ffc5abe0000 - 0x00007ffc5abea000 	C:\WINDOWS\System32\NSI.dll
0x00007ffc4f810000 - 0x00007ffc4f822000 	C:\WINDOWS\System32\winrnr.dll
0x00007ffc4f7d0000 - 0x00007ffc4f800000 	C:\WINDOWS\system32\nlansp_c.dll
0x00007ffc4f7a0000 - 0x00007ffc4f7c0000 	C:\WINDOWS\system32\wshbth.dll
0x00007ffc516c0000 - 0x00007ffc51746000 	C:\WINDOWS\System32\fwpuclnt.dll
0x00007ffc4fe00000 - 0x00007ffc4fe0b000 	C:\Windows\System32\rasadhlp.dll
0x0000000050bd0000 - 0x0000000050bea000 	C:\Program Files\Java\jdk1.8.0_144\jre\bin\net.dll
0x00000000502a0000 - 0x00000000502ad000 	C:\Program Files\Java\jdk1.8.0_144\jre\bin\management.dll
0x00007ffc57e60000 - 0x00007ffc580a1000 	C:\WINDOWS\SYSTEM32\dbghelp.dll
0x00007ffc5a3c0000 - 0x00007ffc5a4a0000 	C:\WINDOWS\System32\OLEAUT32.dll

VM Arguments:
jvm_args: -agentlib:jdwp=transport=dt_socket,suspend=y,address=localhost:51001 -Djava.util.logging.manager=com.f1.speedlogger.sun.SunSpeedLoggerLogManager -Df1.license.mode=dev -Dproperty.f1.autocoded.disabled=false -Dproperty.f1.logging.mode=info -Xms29g -javaagent:C:\Users\XPS17-6\Desktop\Setup\eclipse-jee-2019-12-R-win32-x86_64\eclipse\configuration\org.eclipse.osgi\411\0\.cp\lib\javaagent-shaded.jar -Dfile.encoding=UTF-8 
java_command: com.f1.ami.one.AmiOneMain
java_class_path (initial): C:\Users\XPS17-6\Perforce\Yuan_branch\makers\yuan3\java\ami\amione\target\classes;C:\Users\XPS17-6\Perforce\Yuan_branch\makers\yuan3\java\ami\amicenterfull\target\classes;C:\Users\XPS17-6\Perforce\Yuan_branch\makers\yuan3\java\ami\amicenter\target\classes;C:\Users\XPS17-6\Perforce\Yuan_branch\makers\yuan3\java\ami\amiclient\target\classes;C:\Users\XPS17-6\Perforce\Yuan_branch\makers\yuan3\java\ami\amimysql\target\classes;C:\Users\XPS17-6\.m2\repository\mysql\mysql-connector-java\5.1.39\mysql-connector-java-5.1.39.jar;C:\Users\XPS17-6\Perforce\Yuan_branch\makers\yuan3\java\ami\amipostgresql\target\classes;C:\Users\XPS17-6\.m2\repository\org\postgresql\postgresql\42.5.1\postgresql-42.5.1.jar;C:\Users\XPS17-6\.m2\repository\org\checkerframework\checker-qual\3.5.0\checker-qual-3.5.0.jar;C:\Users\XPS17-6\Perforce\Yuan_branch\makers\yuan3\java\ami\amioracle\target\classes;C:\Users\XPS17-6\.m2\repository\com\oracle\database\jdbc\ojdbc8\18.3.0.0\ojdbc8-18.3.0.0.jar;C:\Users\XPS17-6\.m2\repository\com\oracle\database\jdbc\ucp\18.3.0.0\ucp-18.3.0.0.jar;C:\Users\XPS17-6\.m2\repository\com\oracle\database\security\oraclepki\18.3.0.0\oraclepki-18.3.0.0.jar;C:\Users\XPS17-6\.m2\repository\com\oracle\database\security\osdt_cert\18.3.0.0\osdt_cert-18.3.0.0.jar;C:\Users\XPS17-6\.m2\repository\com\oracle\database\security\osdt_core\18.3.0.0\osdt_core-18.3.0.0.jar;C:\Users\XPS17-6\.m2\repository\com\oracle\database\ha\simplefan\18.3.0.0\simplefan-18.3.0.0.jar;C:\Users\XPS17-6\.m2\repository\com\oracle\database\ha\ons\18.3.0.0\ons-18.3.0.0.jar;C:\Users\XPS17-6\Perforce\Yuan_branch\makers\yuan3\java\ami\amiexcel\target\classes;C:\Users\XPS17-6\.m2\repository\org\apache\poi\poi\5.2.3\poi-5.2.3.jar;C:\Users\XPS17-6\.m2\repository\commons-codec\commons-codec\1.15\commons-codec-1.15.jar;C:\Users\XPS17-6\.m2\repository\org\apache\commons\commons-collections4\4.4\commons-collections4-4.4.jar;C:\Users\XPS17-6\.m2\repository\org\apache\commons\commons-math3\3.6.1\co
Launcher Type: SUN_STANDARD

Environment Variables:
JAVA_HOME=C:\Program Files\Java\jdk1.8.0_144
CLASSPATH=C:\Program Files\Java\jdk1.8.0_144\lib;C:\Program Files\Java\jdk1.8.0_144\jre\lib
PATH=C:\Program Files\Java\jdk1.8.0_144\jre\bin;C:/Program Files/Java/jdk1.8.0_144/bin/../jre/bin/server;C:/Program Files/Java/jdk1.8.0_144/bin/../jre/bin;C:/Program Files/Java/jdk1.8.0_144/bin/../jre/lib/amd64;C:\Windows\system32;C:\Windows;C:\Windows\System32\Wbem;C:\Windows\System32\WindowsPowerShell\v1.0\;C:\Windows\System32\OpenSSH\;C:\Program Files (x86)\NVIDIA Corporation\PhysX\Common;C:\Program Files (x86)\PuTTY\;C:\Program Files (x86)\apache-maven-3.8.4\bin;C:\Program Files\Java\jdk1.8.0_144\bin;C:\Program Files\Git\cmd;C:\Program Files\dotnet\;C:\WINDOWS\system32;C:\WINDOWS;C:\WINDOWS\System32\Wbem;C:\WINDOWS\System32\WindowsPowerShell\v1.0\;C:\WINDOWS\System32\OpenSSH\;C:\sqlite;C:\Program Files (x86)\Microsoft SQL Server\160\Tools\Binn\;C:\Program Files\Microsoft SQL Server\160\Tools\Binn\;C:\Program Files\Microsoft SQL Server\Client SDK\ODBC\170\Tools\Binn\;C:\Program Files\Microsoft SQL Server\160\DTS\Binn\;C:\Program Files\Java\jre1.8.0_144;C:\q\w64;;C:\Program Files\Docker\Docker\resources\bin;C:\Program Files\Perforce\;C:\Users\XPS17-6\AppData\Roaming\.dotnet;C:\Users\XPS17-6\AppData\Local\Microsoft\WindowsApps;C:\Users\XPS17-6\AppData\Local\Programs\Microsoft VS Code\bin;C:\q\w64;C:\Users\XPS17-6\.dotnet\tools;;C:\Users\XPS17-6\Desktop\Setup\eclipse-jee-2019-12-R-win32-x86_64\eclipse;
USERNAME=YuanYao
OS=Windows_NT
PROCESSOR_IDENTIFIER=Intel64 Family 6 Model 165 Stepping 2, GenuineIntel



---------------  S Y S T E M  ---------------

OS: Windows 10.0 , 64 bit Build 26100 (10.0.26100.4484)

CPU:total 16 (initial active 16) (8 cores per cpu, 2 threads per core) family 6 model 165 stepping 2, cmov, cx8, fxsr, mmx, sse, sse2, sse3, ssse3, sse4.1, sse4.2, popcnt, avx, avx2, aes, clmul, erms, 3dnowpref, lzcnt, ht, tsc, tscinvbit, bmi1, bmi2, adx

Memory: 4k page, physical 33292996k(19551092k free), swap 98304708k(51834844k free)

vm_info: Java HotSpot(TM) 64-Bit Server VM (25.144-b01) for windows-amd64 JRE (1.8.0_144-b01), built on Jul 21 2017 21:57:33 by "java_re" with MS VC++ 10.0 (VS2010)

time: Wed Jul 16 20:50:42 2025
elapsed time: 1 seconds (0d 0h 0m 1s)

