#
# A fatal error has been detected by the Java Runtime Environment:
#
#  EXCEPTION_ACCESS_VIOLATION (0xc0000005) at pc=0x0000000056ee2120, pid=16480, tid=0x00000000000038f0
#
# JRE version: Java(TM) SE Runtime Environment (8.0_144-b01) (build 1.8.0_144-b01)
# Java VM: Java HotSpot(TM) 64-Bit Server VM (25.144-b01 mixed mode windows-amd64 compressed oops)
# Problematic frame:
# V  [jvm.dll+0x4a2120]
#
# Failed to write core dump. Minidumps are not enabled by default on client versions of Windows
#
# If you would like to submit a bug report, please visit:
#   http://bugreport.java.com/bugreport/crash.jsp
#

---------------  T H R E A D  ---------------

Current thread (0x000000005bd6f000):  JavaThread "C2 CompilerThread4" daemon [_thread_in_native, id=14576, stack(0x000000005c960000,0x000000005ca60000)]

siginfo: ExceptionCode=0xc0000005, reading address 0x000000205725df90

Registers:
RAX=0x0000000000000000, RBX=0x0000000064020910, RCX=0x000000205725df90, RDX=0x0000000000000000
RSP=0x000000005ca5c690, RBP=0x000000000000001f, RSI=0x00000000000000f8, RDI=0x000000005ca5c6e0
R8 =0x0000000002000000, R9 =0x000000006548d900, R10=0x0000000056a40000, R11=0x000000005ca5c5b0
R12=0x000000005725df90, R13=0x0000000056a40000, R14=0x000000005be29398, R15=0x00000000000003d8
RIP=0x0000000056ee2120, EFLAGS=0x0000000000010246

Top of Stack: (sp=0x000000005ca5c690)
0x000000005ca5c690:   000000005ca5ee60 000000006417c430
0x000000005ca5c6a0:   fffffffffffffff8 0000000055797d20
0x000000005ca5c6b0:   000000000000a279 0000000056edd1ef
0x000000005ca5c6c0:   00000000643e0690 0000000064020910
0x000000005ca5c6d0:   000000000000a279 000000005ca5c7c0
0x000000005ca5c6e0:   00000a8f00000000 0000000000000005
0x000000005ca5c6f0:   000000205725df90 000000000000000b
0x000000005ca5c700:   000000006300cc38 00000000000000bb
0x000000005ca5c710:   000000006460fbf0 000000005ca5cab0
0x000000005ca5c720:   000000005be28fc0 000000005ca5cab0
0x000000005ca5c730:   000000005be28fb0 0000000056ea9331
0x000000005ca5c740:   0000000000000000 000000005ca5c840
0x000000005ca5c750:   0000000000000000 0000000000000042
0x000000005ca5c760:   0000000000000002 000000005be28fb0
0x000000005ca5c770:   0000000065486fd0 000000006548e2a0
0x000000005ca5c780:   000000006548efb8 000000000641f7c0 

Instructions: (pc=0x0000000056ee2120)
0x0000000056ee2100:   48 8b 4f 20 48 39 04 0e 0f 84 9d 00 00 00 48 8b
0x0000000056ee2110:   0c 0e 33 d2 33 c0 48 89 4f 10 66 0f 1f 44 00 00
0x0000000056ee2120:   83 3c 08 00 0f 85 36 01 00 00 ff c2 48 83 c0 04
0x0000000056ee2130:   83 fa 08 72 eb 48 8b 47 30 48 89 44 24 30 48 85 


Register to memory mapping:

RAX=0x0000000000000000 is an unknown value
RBX=0x0000000064020910 is an unknown value
RCX=0x000000205725df90 is an unknown value
RDX=0x0000000000000000 is an unknown value
RSP=0x000000005ca5c690 is pointing into the stack for thread: 0x000000005bd6f000
RBP=0x000000000000001f is an unknown value
RSI=0x00000000000000f8 is an unknown value
RDI=0x000000005ca5c6e0 is pointing into the stack for thread: 0x000000005bd6f000
R8 =0x0000000002000000 is an unknown value
R9 =0x000000006548d900 is an unknown value
R10=0x0000000056a40000 is an unknown value
R11=0x000000005ca5c5b0 is pointing into the stack for thread: 0x000000005bd6f000
R12=0x000000005725df90 is an unknown value
R13=0x0000000056a40000 is an unknown value
R14=0x000000005be29398 is an unknown value
R15=0x00000000000003d8 is an unknown value


Stack: [0x000000005c960000,0x000000005ca60000],  sp=0x000000005ca5c690,  free space=1009k
Native frames: (J=compiled Java code, j=interpreted, Vv=VM code, C=native code)
V  [jvm.dll+0x4a2120]
V  [jvm.dll+0x49d1ef]
V  [jvm.dll+0x469331]
V  [jvm.dll+0x4745bb]
V  [jvm.dll+0x476ec7]
V  [jvm.dll+0x4598c2]
V  [jvm.dll+0xa5dc2]
V  [jvm.dll+0xa66ff]
V  [jvm.dll+0x24524f]
V  [jvm.dll+0x29ca6a]
C  [msvcr100.dll+0x21d9f]
C  [msvcr100.dll+0x21e3b]
C  [KERNEL32.DLL+0x2e8d7]
C  [ntdll.dll+0xb14fc]


Current CompileTask:
C2:   2384  327 %     4       org.eclipse.jdt.launching.internal.org.objectweb.asm.ClassReader::readCode @ 2165 (5089 bytes)


---------------  P R O C E S S  ---------------

Java Threads: ( => current thread )
  0x000000005be3f800 JavaThread "Service Thread" daemon [_thread_blocked, id=34636, stack(0x000000005d260000,0x000000005d360000)]
  0x000000005bdb5000 JavaThread "C1 CompilerThread11" daemon [_thread_blocked, id=31668, stack(0x000000005d160000,0x000000005d260000)]
  0x000000005bdb7800 JavaThread "C1 CompilerThread10" daemon [_thread_blocked, id=25540, stack(0x000000005d060000,0x000000005d160000)]
  0x000000005bdb6800 JavaThread "C1 CompilerThread9" daemon [_thread_blocked, id=14612, stack(0x000000005cf60000,0x000000005d060000)]
  0x000000005bdb3000 JavaThread "C1 CompilerThread8" daemon [_thread_blocked, id=20072, stack(0x000000005ce60000,0x000000005cf60000)]
  0x000000005bdb3800 JavaThread "C2 CompilerThread7" daemon [_thread_blocked, id=3716, stack(0x000000005cd60000,0x000000005ce60000)]
  0x00000000557b9000 JavaThread "C2 CompilerThread6" daemon [_thread_blocked, id=9752, stack(0x000000005cc60000,0x000000005cd60000)]
  0x00000000557b8000 JavaThread "C2 CompilerThread5" daemon [_thread_blocked, id=3764, stack(0x000000005cb60000,0x000000005cc60000)]
=>0x000000005bd6f000 JavaThread "C2 CompilerThread4" daemon [_thread_in_native, id=14576, stack(0x000000005c960000,0x000000005ca60000)]
  0x000000005bd66800 JavaThread "C2 CompilerThread3" daemon [_thread_blocked, id=31308, stack(0x000000005c860000,0x000000005c960000)]
  0x00000000557b0800 JavaThread "C2 CompilerThread2" daemon [_thread_blocked, id=27392, stack(0x000000005c760000,0x000000005c860000)]
  0x00000000557b0000 JavaThread "C2 CompilerThread1" daemon [_thread_blocked, id=13724, stack(0x000000005c660000,0x000000005c760000)]
  0x00000000557b7800 JavaThread "C2 CompilerThread0" daemon [_thread_blocked, id=6728, stack(0x000000005c560000,0x000000005c660000)]
  0x00000000554b4000 JavaThread "JDWP Command Reader" daemon [_thread_in_native, id=14488, stack(0x000000005bc60000,0x000000005bd60000)]
  0x00000000554b3000 JavaThread "JDWP Event Helper Thread" daemon [_thread_blocked, id=16740, stack(0x000000005bb60000,0x000000005bc60000)]
  0x00000000554b2800 JavaThread "JDWP Transport Listener: dt_socket" daemon [_thread_blocked, id=14600, stack(0x000000005ba60000,0x000000005bb60000)]
  0x0000000055499000 JavaThread "Attach Listener" daemon [_thread_blocked, id=15896, stack(0x000000005b620000,0x000000005b720000)]
  0x00000000554a7000 JavaThread "Signal Dispatcher" daemon [_thread_blocked, id=34192, stack(0x0000000057910000,0x0000000057a10000)]
  0x0000000055486800 JavaThread "Finalizer" daemon [_thread_blocked, id=29296, stack(0x0000000057700000,0x0000000057800000)]
  0x0000000053a11800 JavaThread "Reference Handler" daemon [_thread_blocked, id=30964, stack(0x0000000057600000,0x0000000057700000)]
  0x0000000002b56000 JavaThread "main" [_thread_in_native, id=21464, stack(0x0000000002870000,0x0000000002970000)]

Other Threads:
  0x0000000055465800 VMThread [stack: 0x0000000057500000,0x0000000057600000] [id=33368]
  0x000000005bf5a000 WatcherThread [stack: 0x000000005d360000,0x000000005d460000] [id=8624]

VM state:not at safepoint (normal execution)

VM Mutex/Monitor currently owned by a thread: None

Heap:
 PSYoungGen      total 8869376K, used 1216438K [0x0000000555580000, 0x00000007c0000000, 0x00000007c0000000)
  eden space 7602688K, 16% used [0x0000000555580000,0x000000059f96d8e8,0x0000000725600000)
  from space 1266688K, 0% used [0x0000000772b00000,0x0000000772b00000,0x00000007c0000000)
  to   space 1266688K, 0% used [0x0000000725600000,0x0000000725600000,0x0000000772b00000)
 ParOldGen       total 20272640K, used 0K [0x0000000080000000, 0x0000000555580000, 0x0000000555580000)
  object space 20272640K, 0% used [0x0000000080000000,0x0000000080000000,0x0000000555580000)
 Metaspace       used 7694K, capacity 7782K, committed 8064K, reserved 1056768K
  class space    used 747K, capacity 785K, committed 896K, reserved 1048576K

Card table byte_map: [0x0000000012010000,0x0000000015a20000] byte_map_base: 0x0000000011c10000

Marking Bits: (ParMarkBitMap*) 0x000000005725d850
 Begin Bits: [0x0000000018dd0000, 0x0000000035dd0000)
 End Bits:   [0x0000000035dd0000, 0x0000000052dd0000)

Polling page: 0x0000000000e10000

CodeCache: size=245760Kb used=5072Kb max_used=5119Kb free=240687Kb
 bounds [0x0000000002c50000, 0x0000000003160000, 0x0000000011c50000]
 total_blobs=823 nmethods=495 adapters=246
 compilation: enabled

Compilation events (10 events):
Event: 1.722 Thread 0x000000005bdb6800 nmethod 493 0x00000000031248d0 code [0x0000000003124a40, 0x0000000003124c50]
Event: 1.724 Thread 0x000000005bdb3000  494       3       java.util.regex.Matcher::search (109 bytes)
Event: 1.724 Thread 0x00000000557b9000 nmethod 447 0x0000000003135fd0 code [0x00000000031364c0, 0x000000000313c0f0]
Event: 1.724 Thread 0x000000005bdb3000 nmethod 494 0x0000000003120ad0 code [0x0000000003120c60, 0x0000000003121088]
Event: 1.735 Thread 0x00000000557b0000 nmethod 470% 0x0000000003131450 code [0x00000000031315c0, 0x0000000003132b78]
Event: 1.735 Thread 0x000000005bdb3800 nmethod 446 0x0000000003149e50 code [0x000000000314a2a0, 0x0000000003151cc0]
Event: 1.737 Thread 0x000000005bdb5000  495       3       java.util.HashMap$HashIterator::nextNode (100 bytes)
Event: 1.737 Thread 0x000000005bdb7800  496       1       java.util.HashMap$Node::getKey (5 bytes)
Event: 1.737 Thread 0x000000005bdb7800 nmethod 496 0x0000000003120810 code [0x0000000003120960, 0x0000000003120a70]
Event: 1.737 Thread 0x000000005bdb5000 nmethod 495 0x000000000311fed0 code [0x0000000003120080, 0x0000000003120598]

GC Heap History (0 events):
No events

Deoptimization events (6 events):
Event: 1.505 Thread 0x0000000002b56000 Uncommon trap: reason=unstable_if action=reinterpret pc=0x0000000002fc4c14 method=org.eclipse.jdt.launching.internal.org.objectweb.asm.ClassReader.readUtf(II[C)Ljava/lang/String; @ 41
Event: 1.505 Thread 0x0000000002b56000 Uncommon trap: reason=unstable_if action=reinterpret pc=0x0000000003027068 method=org.eclipse.jdt.launching.internal.org.objectweb.asm.ByteVector.putUTF8(Ljava/lang/String;)Lorg/eclipse/jdt/launching/internal/org/objectweb/asm/ByteVector; @ 100
Event: 1.680 Thread 0x0000000002b56000 Uncommon trap: reason=unstable_if action=reinterpret pc=0x00000000030c5c1c method=sun.misc.MetaIndex.mayContain(Ljava/lang/String;)Z @ 13
Event: 1.680 Thread 0x0000000002b56000 Uncommon trap: reason=unstable_if action=reinterpret pc=0x000000000302aa80 method=sun.misc.URLClassPath.getLoader(I)Lsun/misc/URLClassPath$Loader; @ 36
Event: 1.703 Thread 0x0000000002b56000 Uncommon trap: reason=unstable_if action=reinterpret pc=0x0000000003041644 method=java.lang.String.regionMatches(ZILjava/lang/String;II)Z @ 95
Event: 1.751 Thread 0x0000000002b56000 Uncommon trap: reason=unstable_if action=reinterpret pc=0x00000000030ecc74 method=java.io.WinNTFileSystem.isLetter(C)Z @ 3

Internal exceptions (10 events):
Event: 0.605 Thread 0x0000000002b56000 Exception <a 'java/security/PrivilegedActionException'> (0x00000005556848c8) thrown at [C:\re\workspace\8-2-build-windows-amd64-cygwin\jdk8u144\9417\hotspot\src\share\vm\prims\jvm.cpp, line 1390]
Event: 0.605 Thread 0x0000000002b56000 Exception <a 'java/security/PrivilegedActionException'> (0x0000000555684ad8) thrown at [C:\re\workspace\8-2-build-windows-amd64-cygwin\jdk8u144\9417\hotspot\src\share\vm\prims\jvm.cpp, line 1390]
Event: 0.606 Thread 0x0000000002b56000 Exception <a 'java/security/PrivilegedActionException'> (0x0000000555685e38) thrown at [C:\re\workspace\8-2-build-windows-amd64-cygwin\jdk8u144\9417\hotspot\src\share\vm\prims\jvm.cpp, line 1390]
Event: 0.606 Thread 0x0000000002b56000 Exception <a 'java/security/PrivilegedActionException'> (0x0000000555686048) thrown at [C:\re\workspace\8-2-build-windows-amd64-cygwin\jdk8u144\9417\hotspot\src\share\vm\prims\jvm.cpp, line 1390]
Event: 0.629 Thread 0x0000000002b56000 Exception <a 'java/security/PrivilegedActionException'> (0x00000005556d3598) thrown at [C:\re\workspace\8-2-build-windows-amd64-cygwin\jdk8u144\9417\hotspot\src\share\vm\prims\jvm.cpp, line 1390]
Event: 0.629 Thread 0x0000000002b56000 Exception <a 'java/security/PrivilegedActionException'> (0x00000005556d37a8) thrown at [C:\re\workspace\8-2-build-windows-amd64-cygwin\jdk8u144\9417\hotspot\src\share\vm\prims\jvm.cpp, line 1390]
Event: 1.680 Thread 0x0000000002b56000 Exception <a 'java/security/PrivilegedActionException'> (0x000000055808ca28) thrown at [C:\re\workspace\8-2-build-windows-amd64-cygwin\jdk8u144\9417\hotspot\src\share\vm\prims\jvm.cpp, line 1390]
Event: 1.680 Thread 0x0000000002b56000 Exception <a 'java/security/PrivilegedActionException'> (0x000000055808cc38) thrown at [C:\re\workspace\8-2-build-windows-amd64-cygwin\jdk8u144\9417\hotspot\src\share\vm\prims\jvm.cpp, line 1390]
Event: 1.681 Thread 0x0000000002b56000 Exception <a 'java/security/PrivilegedActionException'> (0x0000000558090b48) thrown at [C:\re\workspace\8-2-build-windows-amd64-cygwin\jdk8u144\9417\hotspot\src\share\vm\prims\jvm.cpp, line 1390]
Event: 1.681 Thread 0x0000000002b56000 Exception <a 'java/security/PrivilegedActionException'> (0x0000000558090d58) thrown at [C:\re\workspace\8-2-build-windows-amd64-cygwin\jdk8u144\9417\hotspot\src\share\vm\prims\jvm.cpp, line 1390]

Events (10 events):
Event: 1.822 Thread 0x0000000002b56000 DEOPT PACKING pc=0x000000000302be9c sp=0x000000000296c4f0
Event: 1.822 Thread 0x0000000002b56000 DEOPT UNPACKING pc=0x0000000002c9787f sp=0x000000000296c310 mode 1
Event: 1.826 loading class com/f1/utils/structs/Tuple3
Event: 1.826 loading class com/f1/utils/structs/Tuple3 done
Event: 1.826 Thread 0x0000000002b56000 DEOPT PACKING pc=0x00000000030d06c9 sp=0x0000000002969de0
Event: 1.826 Thread 0x0000000002b56000 DEOPT UNPACKING pc=0x0000000002c9787f sp=0x0000000002969b30 mode 1
Event: 1.826 Thread 0x0000000002b56000 DEOPT PACKING pc=0x000000000302c104 sp=0x0000000002969e60
Event: 1.826 Thread 0x0000000002b56000 DEOPT UNPACKING pc=0x0000000002c9787f sp=0x0000000002969c80 mode 1
Event: 1.826 Thread 0x0000000002b56000 DEOPT PACKING pc=0x000000000302be9c sp=0x0000000002969ff0
Event: 1.826 Thread 0x0000000002b56000 DEOPT UNPACKING pc=0x0000000002c9787f sp=0x0000000002969e10 mode 1


Dynamic libraries:
0x00007ff6a1d40000 - 0x00007ff6a1d77000 	C:\Program Files\Java\jdk1.8.0_144\bin\javaw.exe
0x00007ff967ee0000 - 0x00007ff968140000 	C:\WINDOWS\SYSTEM32\ntdll.dll
0x00007ff9674b0000 - 0x00007ff967577000 	C:\WINDOWS\System32\KERNEL32.DLL
0x00007ff965620000 - 0x00007ff9659ea000 	C:\WINDOWS\System32\KERNELBASE.dll
0x00007ff966d60000 - 0x00007ff966e12000 	C:\WINDOWS\System32\ADVAPI32.dll
0x00007ff966ff0000 - 0x00007ff967099000 	C:\WINDOWS\System32\msvcrt.dll
0x00007ff967720000 - 0x00007ff9677c6000 	C:\WINDOWS\System32\sechost.dll
0x00007ff967880000 - 0x00007ff967996000 	C:\WINDOWS\System32\RPCRT4.dll
0x00007ff966e20000 - 0x00007ff966fec000 	C:\WINDOWS\System32\USER32.dll
0x00007ff9659f0000 - 0x00007ff965a17000 	C:\WINDOWS\System32\win32u.dll
0x00007ff966c80000 - 0x00007ff966caa000 	C:\WINDOWS\System32\GDI32.dll
0x00007ff9650c0000 - 0x00007ff9651f1000 	C:\WINDOWS\System32\gdi32full.dll
0x00007ff965200000 - 0x00007ff9652a3000 	C:\WINDOWS\System32\msvcp_win.dll
0x00007ff965430000 - 0x00007ff96557b000 	C:\WINDOWS\System32\ucrtbase.dll
0x00007ff964520000 - 0x00007ff9647b7000 	C:\WINDOWS\WinSxS\amd64_microsoft.windows.common-controls_6595b64144ccf1df_6.0.26100.3624_none_3e086962e3345f24\COMCTL32.dll
0x00007ff966180000 - 0x00007ff9661af000 	C:\WINDOWS\System32\IMM32.DLL
0x0000000057a60000 - 0x0000000057b32000 	C:\Program Files\Java\jdk1.8.0_144\jre\bin\msvcr100.dll
0x0000000056a40000 - 0x00000000572dd000 	C:\Program Files\Java\jdk1.8.0_144\jre\bin\server\jvm.dll
0x00007ff966170000 - 0x00007ff966178000 	C:\WINDOWS\System32\PSAPI.DLL
0x00007ff95c860000 - 0x00007ff95c896000 	C:\WINDOWS\SYSTEM32\WINMM.dll
0x00007ff95d1a0000 - 0x00007ff95d1ab000 	C:\WINDOWS\SYSTEM32\VERSION.dll
0x00007ff92ede0000 - 0x00007ff92edea000 	C:\WINDOWS\SYSTEM32\WSOCK32.dll
0x00007ff9670b0000 - 0x00007ff967124000 	C:\WINDOWS\System32\WS2_32.dll
0x0000000057c10000 - 0x0000000057c1f000 	C:\Program Files\Java\jdk1.8.0_144\jre\bin\verify.dll
0x0000000057be0000 - 0x0000000057c09000 	C:\Program Files\Java\jdk1.8.0_144\jre\bin\java.dll
0x0000000056a00000 - 0x0000000056a35000 	C:\Program Files\Java\jdk1.8.0_144\jre\bin\jdwp.dll
0x0000000057a50000 - 0x0000000057a58000 	C:\Program Files\Java\jdk1.8.0_144\jre\bin\npt.dll
0x00000000569d0000 - 0x00000000569f3000 	C:\Program Files\Java\jdk1.8.0_144\jre\bin\instrument.dll
0x0000000057bc0000 - 0x0000000057bd6000 	C:\Program Files\Java\jdk1.8.0_144\jre\bin\zip.dll
0x00007ff966550000 - 0x00007ff966c79000 	C:\WINDOWS\System32\SHELL32.dll
0x00007ff965ab0000 - 0x00007ff965c18000 	C:\WINDOWS\System32\wintypes.dll
0x00007ff9679b0000 - 0x00007ff967d32000 	C:\WINDOWS\System32\combase.dll
0x00007ff961f90000 - 0x00007ff9627e2000 	C:\WINDOWS\SYSTEM32\windows.storage.dll
0x00007ff9675e0000 - 0x00007ff9676cd000 	C:\WINDOWS\System32\SHCORE.dll
0x00007ff9677d0000 - 0x00007ff967834000 	C:\WINDOWS\System32\shlwapi.dll
0x00007ff964fd0000 - 0x00007ff964fff000 	C:\WINDOWS\SYSTEM32\profapi.dll
0x0000000057a40000 - 0x0000000057a49000 	C:\Program Files\Java\jdk1.8.0_144\jre\bin\dt_socket.dll
0x00007ff95c6a0000 - 0x00007ff95c6b8000 	C:\WINDOWS\system32\napinsp.dll
0x00007ff965580000 - 0x00007ff965619000 	C:\WINDOWS\System32\bcryptPrimitives.dll
0x00007ff963a20000 - 0x00007ff963a8a000 	C:\WINDOWS\System32\mswsock.dll
0x00007ff962e00000 - 0x00007ff962f25000 	C:\WINDOWS\SYSTEM32\DNSAPI.dll
0x00007ff962d30000 - 0x00007ff962d63000 	C:\WINDOWS\SYSTEM32\IPHLPAPI.DLL
0x00007ff9670a0000 - 0x00007ff9670aa000 	C:\WINDOWS\System32\NSI.dll
0x00007ff95c640000 - 0x00007ff95c652000 	C:\WINDOWS\System32\winrnr.dll
0x00007ff95c600000 - 0x00007ff95c630000 	C:\WINDOWS\system32\nlansp_c.dll
0x00007ff95c5e0000 - 0x00007ff95c5f6000 	C:\WINDOWS\system32\wshbth.dll
0x00007ff95e1e0000 - 0x00007ff95e265000 	C:\WINDOWS\System32\fwpuclnt.dll
0x00007ff95c6c0000 - 0x00007ff95c6cb000 	C:\Windows\System32\rasadhlp.dll
0x0000000057ba0000 - 0x0000000057bba000 	C:\Program Files\Java\jdk1.8.0_144\jre\bin\net.dll
0x00007ff964960000 - 0x00007ff964ba1000 	C:\WINDOWS\SYSTEM32\dbghelp.dll
0x00007ff967d40000 - 0x00007ff967e16000 	C:\WINDOWS\System32\OLEAUT32.dll

VM Arguments:
jvm_args: -agentlib:jdwp=transport=dt_socket,suspend=y,address=localhost:65190 -Djava.util.logging.manager=com.f1.speedlogger.sun.SunSpeedLoggerLogManager -Df1.license.mode=dev -Dproperty.f1.autocoded.disabled=false -Dproperty.f1.logging.mode=info -Xms29g -javaagent:C:\Users\XPS17-6\Desktop\Setup\eclipse-jee-2019-12-R-win32-x86_64\eclipse\configuration\org.eclipse.osgi\411\0\.cp\lib\javaagent-shaded.jar -Dfile.encoding=UTF-8 
java_command: com.f1.ami.one.AmiOneMain
java_class_path (initial): C:\Users\XPS17-6\Perforce\Yuan_branch\makers\yuan3\java\ami\amione\target\classes;C:\Users\XPS17-6\Perforce\Yuan_branch\makers\yuan3\java\ami\amicenterfull\target\classes;C:\Users\XPS17-6\Perforce\Yuan_branch\makers\yuan3\java\ami\amicenter\target\classes;C:\Users\XPS17-6\Perforce\Yuan_branch\makers\yuan3\java\ami\amiclient\target\classes;C:\Users\XPS17-6\Perforce\Yuan_branch\makers\yuan3\java\ami\amimysql\target\classes;C:\Users\XPS17-6\.m2\repository\mysql\mysql-connector-java\5.1.39\mysql-connector-java-5.1.39.jar;C:\Users\XPS17-6\Perforce\Yuan_branch\makers\yuan3\java\ami\amipostgresql\target\classes;C:\Users\XPS17-6\.m2\repository\org\postgresql\postgresql\42.5.1\postgresql-42.5.1.jar;C:\Users\XPS17-6\.m2\repository\org\checkerframework\checker-qual\3.5.0\checker-qual-3.5.0.jar;C:\Users\XPS17-6\Perforce\Yuan_branch\makers\yuan3\java\ami\amioracle\target\classes;C:\Users\XPS17-6\.m2\repository\com\oracle\database\jdbc\ojdbc8\18.3.0.0\ojdbc8-18.3.0.0.jar;C:\Users\XPS17-6\.m2\repository\com\oracle\database\jdbc\ucp\18.3.0.0\ucp-18.3.0.0.jar;C:\Users\XPS17-6\.m2\repository\com\oracle\database\security\oraclepki\18.3.0.0\oraclepki-18.3.0.0.jar;C:\Users\XPS17-6\.m2\repository\com\oracle\database\security\osdt_cert\18.3.0.0\osdt_cert-18.3.0.0.jar;C:\Users\XPS17-6\.m2\repository\com\oracle\database\security\osdt_core\18.3.0.0\osdt_core-18.3.0.0.jar;C:\Users\XPS17-6\.m2\repository\com\oracle\database\ha\simplefan\18.3.0.0\simplefan-18.3.0.0.jar;C:\Users\XPS17-6\.m2\repository\com\oracle\database\ha\ons\18.3.0.0\ons-18.3.0.0.jar;C:\Users\XPS17-6\Perforce\Yuan_branch\makers\yuan3\java\ami\amiexcel\target\classes;C:\Users\XPS17-6\.m2\repository\org\apache\poi\poi\5.2.3\poi-5.2.3.jar;C:\Users\XPS17-6\.m2\repository\commons-codec\commons-codec\1.15\commons-codec-1.15.jar;C:\Users\XPS17-6\.m2\repository\org\apache\commons\commons-collections4\4.4\commons-collections4-4.4.jar;C:\Users\XPS17-6\.m2\repository\org\apache\commons\commons-math3\3.6.1\co
Launcher Type: SUN_STANDARD

Environment Variables:
JAVA_HOME=C:\Program Files\Java\jdk1.8.0_144
CLASSPATH=C:\Program Files\Java\jdk1.8.0_144\lib;C:\Program Files\Java\jdk1.8.0_144\jre\lib
PATH=C:\Program Files\Java\jdk1.8.0_144\jre\bin;C:/Program Files/Java/jdk1.8.0_144/bin/../jre/bin/server;C:/Program Files/Java/jdk1.8.0_144/bin/../jre/bin;C:/Program Files/Java/jdk1.8.0_144/bin/../jre/lib/amd64;C:\Windows\system32;C:\Windows;C:\Windows\System32\Wbem;C:\Windows\System32\WindowsPowerShell\v1.0\;C:\Windows\System32\OpenSSH\;C:\Program Files (x86)\NVIDIA Corporation\PhysX\Common;C:\Program Files (x86)\PuTTY\;C:\Program Files (x86)\apache-maven-3.8.4\bin;C:\Program Files\Java\jdk1.8.0_144\bin;C:\Program Files\Git\cmd;C:\Program Files\dotnet\;C:\WINDOWS\system32;C:\WINDOWS;C:\WINDOWS\System32\Wbem;C:\WINDOWS\System32\WindowsPowerShell\v1.0\;C:\WINDOWS\System32\OpenSSH\;C:\sqlite;C:\Program Files (x86)\Microsoft SQL Server\160\Tools\Binn\;C:\Program Files\Microsoft SQL Server\160\Tools\Binn\;C:\Program Files\Microsoft SQL Server\Client SDK\ODBC\170\Tools\Binn\;C:\Program Files\Microsoft SQL Server\160\DTS\Binn\;C:\Program Files\Java\jre1.8.0_144;C:\q\w64;;C:\Program Files\Docker\Docker\resources\bin;C:\Program Files\Perforce\;C:\Users\XPS17-6\AppData\Roaming\.dotnet;C:\Users\XPS17-6\AppData\Local\Microsoft\WindowsApps;C:\Users\XPS17-6\AppData\Local\Programs\Microsoft VS Code\bin;C:\q\w64;C:\Users\XPS17-6\.dotnet\tools;;C:\Users\XPS17-6\Desktop\Setup\eclipse-jee-2019-12-R-win32-x86_64\eclipse;
USERNAME=YuanYao
OS=Windows_NT
PROCESSOR_IDENTIFIER=Intel64 Family 6 Model 165 Stepping 2, GenuineIntel



---------------  S Y S T E M  ---------------

OS: Windows 10.0 , 64 bit Build 26100 (10.0.26100.3775)

CPU:total 16 (initial active 16) (8 cores per cpu, 2 threads per core) family 6 model 165 stepping 2, cmov, cx8, fxsr, mmx, sse, sse2, sse3, ssse3, sse4.1, sse4.2, popcnt, avx, avx2, aes, clmul, erms, 3dnowpref, lzcnt, ht, tsc, tscinvbit, bmi1, bmi2, adx

Memory: 4k page, physical 33292996k(18166068k free), swap 64750276k(16933940k free)

vm_info: Java HotSpot(TM) 64-Bit Server VM (25.144-b01) for windows-amd64 JRE (1.8.0_144-b01), built on Jul 21 2017 21:57:33 by "java_re" with MS VC++ 10.0 (VS2010)

time: Fri May 09 11:40:37 2025
elapsed time: 2 seconds (0d 0h 0m 2s)

