#
# A fatal error has been detected by the Java Runtime Environment:
#
#  EXCEPTION_PRIV_INSTRUCTION (0xc0000096) at pc=0x0000000002e259d6, pid=29364, tid=0x0000000000001244
#
# JRE version: Java(TM) SE Runtime Environment (8.0_144-b01) (build 1.8.0_144-b01)
# Java VM: Java HotSpot(TM) 64-Bit Server VM (25.144-b01 mixed mode windows-amd64 compressed oops)
# Problematic frame:
# j  com.f1.ami.web.centermanger.AmiCenterManagerUtils.parseAdminNode(Lcom/f1/utils/string/sqlnode/AdminNode;)Lcom/f1/utils/structs/MapInMap;+43
#
# Failed to write core dump. Minidumps are not enabled by default on client versions of Windows
#
# If you would like to submit a bug report, please visit:
#   http://bugreport.java.com/bugreport/crash.jsp
#

---------------  T H R E A D  ---------------

Current thread (0x000000005f090000):  JavaThread "F1POOL-02" [_thread_in_Java, id=4676, stack(0x0000000068790000,0x0000000068890000)]

siginfo: ExceptionCode=0xc0000096

Registers:
RAX=0x0000000000000000, RBX=0x00000000000000fe, RCX=0x0000000000000000, RDX=0x0000000000000000
RSP=0x000000006888e820, RBP=0x000000006888e8e8, RSI=0x00000005d44478b0, RDI=0x0000000000000006
R8 =0x0000000000000048, R9 =0x0000000002b31fe0, R10=0x0000000000000048, R11=0x000000006888dff0
R12=0x0000000000000000, R13=0x0000000000dc8eb4, R14=0x000000006888e960, R15=0x000000005f090000
RIP=0x0000000002e259d6, EFLAGS=0x0000000000010206

Top of Stack: (sp=0x000000006888e820)
0x000000006888e820:   0000000000dcc908 000000005f090000
0x000000006888e830:   00000000000000fe 00000005d44478b0
0x000000006888e840:   0000000000000000 00000007c03bb3b0
0x000000006888e850:   0000000063228a90 0000000000000006
0x000000006888e860:   0000000061aee488 0000000000000006
0x000000006888e870:   00000005d44478b0 000000006888e8e8
0x000000006888e880:   000000006888e8a8 00000000000000fe
0x000000006888e890:   ffffffffffffca0f 0000000000dcd7f0
0x000000006888e8a0:   0000000000000008 000000006888e8a8
0x000000006888e8b0:   0000000000dcc49b 000000006888e960
0x000000006888e8c0:   0000000000dcd2d8 0000000000000000
0x000000006888e8d0:   0000000000dcc728 0000000000000000
0x000000006888e8e0:   000000006888e960 000000006888e9a8
0x000000006888e8f0:   0000000002e28180 0000000000000000
0x000000006888e900:   0000000000000000 0000000000000000
0x000000006888e910:   0000000000000000 0000000000000000 

Instructions: (pc=0x0000000002e259d6)
0x0000000002e259b6:   48 b9 60 89 01 63 00 00 00 00 48 ba 60 59 e2 02
0x0000000002e259c6:   00 00 00 00 4c 8b c4 48 83 e4 f0 e8 1a e3 ee 5f
0x0000000002e259d6:   f4 48 89 64 24 d8 48 81 ec 80 00 00 00 48 89 44
0x0000000002e259e6:   24 78 48 89 4c 24 70 48 89 54 24 68 48 89 5c 24 


Register to memory mapping:

RAX=0x0000000000000000 is an unknown value
RBX=0x00000000000000fe is an unknown value
RCX=0x0000000000000000 is an unknown value
RDX=0x0000000000000000 is an unknown value
RSP=0x000000006888e820 is pointing into the stack for thread: 0x000000005f090000
RBP=0x000000006888e8e8 is pointing into the stack for thread: 0x000000005f090000
RSI=0x00000005d44478b0 is an oop
java.lang.String 
 - klass: 'java/lang/String'
RDI=0x0000000000000006 is an unknown value
R8 =0x0000000000000048 is an unknown value
R9 =0x0000000002b31fe0 is an unknown value
R10=0x0000000000000048 is an unknown value
R11=0x000000006888dff0 is pointing into the stack for thread: 0x000000005f090000
R12=0x0000000000000000 is an unknown value
R13=0x0000000000dc8eb4 is pointing into metadata
R14=0x000000006888e960 is pointing into the stack for thread: 0x000000005f090000
R15=0x000000005f090000 is a thread


Stack: [0x0000000068790000,0x0000000068890000],  sp=0x000000006888e820,  free space=1018k
Native frames: (J=compiled Java code, j=interpreted, Vv=VM code, C=native code)
C  0x0000000002e259d6


---------------  P R O C E S S  ---------------

Java Threads: ( => current thread )
  0x000000006160b800 JavaThread "AmiCenter-GP-7" [_thread_blocked, id=18208, stack(0x000000006cb80000,0x000000006cc80000)]
  0x000000006160a000 JavaThread "AmiCenter-GP-6" [_thread_blocked, id=15044, stack(0x000000006ca80000,0x000000006cb80000)]
  0x0000000061607000 JavaThread "AmiCenter-GP-5" [_thread_blocked, id=28176, stack(0x000000006c880000,0x000000006c980000)]
  0x0000000061608800 JavaThread "AmiCenter-GP-4" [_thread_blocked, id=26092, stack(0x000000006c780000,0x000000006c880000)]
  0x0000000061608000 JavaThread "AmiCenter-GP-3" [_thread_blocked, id=24684, stack(0x000000006c680000,0x000000006c780000)]
  0x0000000061605000 JavaThread "AmiCenter-GP-2" [_thread_blocked, id=35772, stack(0x000000006c580000,0x000000006c680000)]
  0x0000000061603800 JavaThread "F1POOL-03" [_thread_blocked, id=25048, stack(0x000000006b480000,0x000000006b580000)]
  0x0000000061606800 JavaThread "AmiCenter-GP-1" [_thread_blocked, id=21492, stack(0x000000006b380000,0x000000006b480000)]
  0x0000000061602800 JavaThread "http6" [_thread_blocked, id=4512, stack(0x000000006b280000,0x000000006b380000)]
  0x0000000061605800 JavaThread "http5" [_thread_blocked, id=18048, stack(0x000000006b180000,0x000000006b280000)]
  0x0000000061601000 JavaThread "http4" [_thread_in_native, id=14152, stack(0x000000006ada0000,0x000000006aea0000)]
  0x0000000061604000 JavaThread "http3" [_thread_blocked, id=27876, stack(0x000000006aca0000,0x000000006ada0000)]
  0x00000000615fd800 JavaThread "http2" [_thread_blocked, id=19104, stack(0x000000006a3a0000,0x000000006a4a0000)]
  0x0000000061600800 JavaThread "http1" [_thread_blocked, id=5044, stack(0x000000006a2a0000,0x000000006a3a0000)]
  0x00000000615fe000 JavaThread "MsgDirectConnection6" [_thread_blocked, id=29712, stack(0x0000000068e90000,0x0000000068f90000)]
  0x00000000615ff800 JavaThread "pool-3-thread-2" [_thread_blocked, id=25432, stack(0x0000000068d90000,0x0000000068e90000)]
  0x00000000615fc800 JavaThread "MsgDirectConnection5" [_thread_blocked, id=12028, stack(0x0000000068c90000,0x0000000068d90000)]
  0x00000000615ff000 JavaThread "MsgDirectConnection4" [_thread_blocked, id=14980, stack(0x0000000068b90000,0x0000000068c90000)]
  0x000000005f09b800 JavaThread "MsgDirectConnection3" [_thread_blocked, id=28200, stack(0x0000000068a90000,0x0000000068b90000)]
  0x000000005f09a800 JavaThread "MsgDirectConnection2" [_thread_blocked, id=16340, stack(0x0000000068990000,0x0000000068a90000)]
  0x000000005f09d800 JavaThread "AMISOCKET1" [_thread_in_native, id=32372, stack(0x000000006a0a0000,0x000000006a1a0000)]
  0x000000005f09a000 JavaThread "DestroyJavaVM" [_thread_blocked, id=35420, stack(0x0000000002a20000,0x0000000002b20000)]
  0x000000005f09d000 JavaThread "KeepAliveThread" [_thread_blocked, id=17060, stack(0x0000000069e50000,0x0000000069f50000)]
  0x000000005f09c000 JavaThread "AmiRelay-GP-1" [_thread_blocked, id=2416, stack(0x0000000069d50000,0x0000000069e50000)]
  0x000000005f096000 JavaThread "pool-3-thread-1" [_thread_blocked, id=30272, stack(0x0000000069c50000,0x0000000069d50000)]
  0x000000005f099000 JavaThread "F1POOL-01" [_thread_blocked, id=8984, stack(0x0000000069b50000,0x0000000069c50000)]
  0x000000005f098800 JavaThread "MsgDirectConnection3" [_thread_blocked, id=19648, stack(0x0000000069a50000,0x0000000069b50000)]
  0x000000005f095800 JavaThread "MsgDirectConnection2" [_thread_blocked, id=22888, stack(0x0000000069950000,0x0000000069a50000)]
  0x000000005f094800 JavaThread "MsgDirectConnection1" [_thread_blocked, id=2348, stack(0x0000000069850000,0x0000000069950000)]
  0x000000005f097800 JavaThread "MSGDIRECT_PROC-017" daemon [_thread_in_native, id=26144, stack(0x0000000069750000,0x0000000069850000)]
  0x000000005f094000 JavaThread "MSGDIRECT_PROC-016" [_thread_in_native, id=8264, stack(0x0000000069650000,0x0000000069750000)]
  0x000000005f097000 JavaThread "MSGDIRECT_PROC-015" daemon [_thread_in_native, id=2448, stack(0x0000000069550000,0x0000000069650000)]
  0x000000005f093000 JavaThread "MSGDIRECT_PROC-014" [_thread_in_native, id=31980, stack(0x0000000069450000,0x0000000069550000)]
  0x000000005f092800 JavaThread "F1POOL-00" daemon [_thread_blocked, id=8640, stack(0x0000000069350000,0x0000000069450000)]
  0x000000005f08e800 JavaThread "MSGDIRECT_PROC-013" daemon [_thread_in_native, id=26608, stack(0x0000000069250000,0x0000000069350000)]
  0x000000005f08f800 JavaThread "MSGDIRECT_PROC-012" [_thread_in_native, id=10944, stack(0x0000000069150000,0x0000000069250000)]
  0x000000005f091800 JavaThread "MSGDIRECT_RECN-011" daemon [_thread_blocked, id=8124, stack(0x0000000069050000,0x0000000069150000)]
  0x000000005f091000 JavaThread "F1POOL-03" [_thread_blocked, id=29164, stack(0x0000000068890000,0x0000000068990000)]
=>0x000000005f090000 JavaThread "F1POOL-02" [_thread_in_Java, id=4676, stack(0x0000000068790000,0x0000000068890000)]
  0x000000005d262800 JavaThread "pool-2-thread-2" [_thread_blocked, id=18380, stack(0x0000000068690000,0x0000000068790000)]
  0x000000005d261800 JavaThread "MsgDirectConnection1" [_thread_blocked, id=21228, stack(0x0000000068590000,0x0000000068690000)]
  0x000000005d260000 JavaThread "MsgDirectConnection3" [_thread_blocked, id=25636, stack(0x0000000068490000,0x0000000068590000)]
  0x000000005d261000 JavaThread "MsgDirectConnection2" [_thread_blocked, id=4552, stack(0x0000000068390000,0x0000000068490000)]
  0x000000005d25c800 JavaThread "MSGDIRECT_PROC-010" daemon [_thread_in_native, id=13100, stack(0x0000000068290000,0x0000000068390000)]
  0x000000005d25f800 JavaThread "MSGDIRECT_PROC-009" [_thread_in_native, id=14360, stack(0x0000000068190000,0x0000000068290000)]
  0x000000005d25e800 JavaThread "MSGDIRECT_PROC-008" daemon [_thread_in_native, id=18204, stack(0x0000000068090000,0x0000000068190000)]
  0x000000005d25b000 JavaThread "MSGDIRECT_PROC-007" [_thread_in_native, id=28792, stack(0x0000000067f90000,0x0000000068090000)]
  0x000000005d25e000 JavaThread "MSGDIRECT_PROC-006" daemon [_thread_in_native, id=21120, stack(0x0000000067e90000,0x0000000067f90000)]
  0x000000005d25d000 JavaThread "MSGDIRECT_PROC-005" [_thread_in_native, id=5832, stack(0x0000000067d90000,0x0000000067e90000)]
  0x000000005d25b800 JavaThread "MsgDirectConnection1" [_thread_blocked, id=18504, stack(0x0000000067c90000,0x0000000067d90000)]
  0x000000005d257000 JavaThread "F1POOL-02" [_thread_blocked, id=29704, stack(0x0000000067b90000,0x0000000067c90000)]
  0x000000005d25a000 JavaThread "F1POOL-01" [_thread_blocked, id=24216, stack(0x0000000067a90000,0x0000000067b90000)]
  0x000000005d259800 JavaThread "pool-2-thread-1" [_thread_blocked, id=34488, stack(0x0000000067990000,0x0000000067a90000)]
  0x000000005d258000 JavaThread "F1POOL-00" [_thread_blocked, id=1740, stack(0x0000000067890000,0x0000000067990000)]
  0x000000005d258800 JavaThread "MSGDIRECT_RECN-004" daemon [_thread_in_native, id=25820, stack(0x0000000067790000,0x0000000067890000)]
  0x000000005d253800 JavaThread "MSGDIRECT_RECN-003" daemon [_thread_blocked, id=15328, stack(0x0000000067690000,0x0000000067790000)]
  0x000000005d255800 JavaThread "MSGDIRECT_LSTN-002" [_thread_in_native, id=19988, stack(0x0000000067590000,0x0000000067690000)]
  0x000000005d255000 JavaThread "AMICommandLineInterfaceSocket-1390" [_thread_in_native, id=32248, stack(0x0000000067490000,0x0000000067590000)]
  0x000000005d256800 JavaThread "AMIJDBCSocket-1380" [_thread_in_native, id=25400, stack(0x0000000067390000,0x0000000067490000)]
  0x000000005d254000 JavaThread "AmiCenterResourcesWatcher" daemon [_thread_blocked, id=24344, stack(0x0000000066e90000,0x0000000066f90000)]
  0x000000005ce49800 JavaThread "MsgDirectConnection1" [_thread_blocked, id=32636, stack(0x0000000066b90000,0x0000000066c90000)]
  0x000000005ce48000 JavaThread "F1POOL-01" [_thread_blocked, id=14180, stack(0x0000000066a90000,0x0000000066b90000)]
  0x000000005ce47000 JavaThread "Abandoned connection cleanup thread" daemon [_thread_blocked, id=14528, stack(0x0000000066990000,0x0000000066a90000)]
  0x000000005ce46800 JavaThread "F1POOL-00" [_thread_blocked, id=34104, stack(0x0000000066890000,0x0000000066990000)]
  0x000000005ce48800 JavaThread "MSGDIRECT_RECN-001" daemon [_thread_blocked, id=28616, stack(0x0000000066790000,0x0000000066890000)]
  0x000000005d3ac800 JavaThread "Session Reaper" [_thread_blocked, id=22532, stack(0x0000000066690000,0x0000000066790000)]
  0x000000005cf19800 JavaThread "HttpServerSocket-13332" [_thread_in_native, id=4528, stack(0x0000000066590000,0x0000000066690000)]
  0x000000005cb75000 JavaThread "Java2D Disposer" daemon [_thread_blocked, id=12532, stack(0x0000000063fe0000,0x00000000640e0000)]
  0x000000005f8ef000 JavaThread "AMiWebStats" daemon [_thread_blocked, id=28736, stack(0x00000000638c0000,0x00000000639c0000)]
  0x000000005f0a6800 JavaThread "AmiProcessStatsLogger" [_thread_blocked, id=14004, stack(0x0000000062690000,0x0000000062790000)]
  0x0000000061a2f000 JavaThread "TerminateFileThread" daemon [_thread_blocked, id=25380, stack(0x0000000062590000,0x0000000062690000)]
  0x000000005cb64000 JavaThread "consoleServer1" daemon [_thread_in_native, id=14060, stack(0x0000000062490000,0x0000000062590000)]
  0x000000005de3e000 JavaThread "AutoFlushWritercom.f1.speedlogger.impl.AutoFlushWriter@48ae9b55" daemon [_thread_blocked, id=26640, stack(0x0000000060100000,0x0000000060200000)]
  0x0000000065c9b000 JavaThread "AutoFlushWritercom.f1.speedlogger.impl.AutoFlushWriter@9353778" daemon [_thread_blocked, id=31376, stack(0x0000000060000000,0x0000000060100000)]
  0x00000000608c4000 JavaThread "AutoFlushWritercom.f1.speedlogger.impl.AutoFlushWriter@654f0d9c" daemon [_thread_blocked, id=7300, stack(0x000000005eca0000,0x000000005eda0000)]
  0x000000005d232800 JavaThread "Thread" daemon [_thread_blocked, id=31112, stack(0x000000005eba0000,0x000000005eca0000)]
  0x000000005b3dc000 JavaThread "Service Thread" daemon [_thread_blocked, id=22948, stack(0x000000005c800000,0x000000005c900000)]
  0x000000005b38d000 JavaThread "C1 CompilerThread11" daemon [_thread_blocked, id=17404, stack(0x000000005c700000,0x000000005c800000)]
  0x000000005b38c800 JavaThread "C1 CompilerThread10" daemon [_thread_blocked, id=11612, stack(0x000000005c600000,0x000000005c700000)]
  0x000000005b381000 JavaThread "C1 CompilerThread9" daemon [_thread_blocked, id=33072, stack(0x000000005c500000,0x000000005c600000)]
  0x000000005b36c800 JavaThread "C1 CompilerThread8" daemon [_thread_blocked, id=13864, stack(0x000000005c400000,0x000000005c500000)]
  0x000000005b34f800 JavaThread "C2 CompilerThread7" daemon [_thread_blocked, id=29816, stack(0x000000005c300000,0x000000005c400000)]
  0x000000005b32f000 JavaThread "C2 CompilerThread6" daemon [_thread_blocked, id=19620, stack(0x000000005c200000,0x000000005c300000)]
  0x000000005937d800 JavaThread "C2 CompilerThread5" daemon [_thread_blocked, id=14788, stack(0x000000005c000000,0x000000005c100000)]
  0x000000005937c800 JavaThread "C2 CompilerThread4" daemon [_thread_blocked, id=33380, stack(0x000000005bf00000,0x000000005c000000)]
  0x000000005b308000 JavaThread "C2 CompilerThread3" daemon [_thread_blocked, id=25164, stack(0x000000005be00000,0x000000005bf00000)]
  0x000000005b303800 JavaThread "C2 CompilerThread2" daemon [_thread_blocked, id=17172, stack(0x000000005bd00000,0x000000005be00000)]
  0x000000005936e000 JavaThread "C2 CompilerThread1" daemon [_thread_blocked, id=11852, stack(0x000000005bc00000,0x000000005bd00000)]
  0x000000005936d000 JavaThread "C2 CompilerThread0" daemon [_thread_blocked, id=15464, stack(0x000000005bb00000,0x000000005bc00000)]
  0x0000000059071000 JavaThread "JDWP Command Reader" daemon [_thread_in_native, id=17308, stack(0x000000005b200000,0x000000005b300000)]
  0x0000000059070000 JavaThread "JDWP Event Helper Thread" daemon [_thread_blocked, id=28352, stack(0x000000005b100000,0x000000005b200000)]
  0x000000005905e800 JavaThread "JDWP Transport Listener: dt_socket" daemon [_thread_blocked, id=13912, stack(0x000000005b000000,0x000000005b100000)]
  0x0000000059057000 JavaThread "Attach Listener" daemon [_thread_blocked, id=4132, stack(0x000000005abc0000,0x000000005acc0000)]
  0x0000000059065000 JavaThread "Signal Dispatcher" daemon [_thread_blocked, id=16800, stack(0x000000005aac0000,0x000000005abc0000)]
  0x0000000059046800 JavaThread "Finalizer" daemon [_thread_blocked, id=19408, stack(0x000000005a8b0000,0x000000005a9b0000)]
  0x00000000575dc800 JavaThread "Reference Handler" daemon [_thread_blocked, id=4124, stack(0x000000005a7b0000,0x000000005a8b0000)]

Other Threads:
  0x00000000575d6000 VMThread [stack: 0x000000005a6b0000,0x000000005a7b0000] [id=23888]
  0x000000005b3c7000 WatcherThread [stack: 0x000000005c900000,0x000000005ca00000] [id=14608]

VM state:not at safepoint (normal execution)

VM Mutex/Monitor currently owned by a thread: None

Heap:
 PSYoungGen      total 8869376K, used 3986708K [0x0000000555580000, 0x00000007c0000000, 0x00000007c0000000)
  eden space 7602688K, 52% used [0x0000000555580000,0x0000000648ac50a0,0x0000000725600000)
  from space 1266688K, 0% used [0x0000000772b00000,0x0000000772b00000,0x00000007c0000000)
  to   space 1266688K, 0% used [0x0000000725600000,0x0000000725600000,0x0000000772b00000)
 ParOldGen       total 20272640K, used 30650K [0x0000000080000000, 0x0000000555580000, 0x0000000555580000)
  object space 20272640K, 0% used [0x0000000080000000,0x0000000081dee890,0x0000000555580000)
 Metaspace       used 48585K, capacity 49022K, committed 49368K, reserved 1093632K
  class space    used 5987K, capacity 6090K, committed 6144K, reserved 1048576K

Card table byte_map: [0x00000000121e0000,0x0000000015bf0000] byte_map_base: 0x0000000011de0000

Marking Bits: (ParMarkBitMap*) 0x000000006323d850
 Begin Bits: [0x0000000018fa0000, 0x0000000035fa0000)
 End Bits:   [0x0000000035fa0000, 0x0000000052fa0000)

Polling page: 0x0000000001170000

CodeCache: size=245760Kb used=19078Kb max_used=19337Kb free=226681Kb
 bounds [0x0000000002e20000, 0x0000000004150000, 0x0000000011e20000]
 total_blobs=5210 nmethods=4557 adapters=570
 compilation: enabled

Compilation events (10 events):
Event: 1168.127 Thread 0x000000005937c800 nmethod 5708 0x000000000402e450 code [0x000000000402e580, 0x000000000402e5f8]
Event: 1168.312 Thread 0x000000005936e000 5709       4       com.f1.utils.OH::valueOf (54 bytes)
Event: 1168.316 Thread 0x000000005936e000 nmethod 5709 0x00000000035744d0 code [0x0000000003574620, 0x0000000003574798]
Event: 1248.174 Thread 0x000000005b381000 5710       3       com.f1.ami.center.table.AmiTableImpl::insertAmiRow (8 bytes)
Event: 1248.174 Thread 0x000000005b36c800 5711       3       com.f1.ami.center.table.AmiTableImpl::insertAmiRow (225 bytes)
Event: 1248.174 Thread 0x000000005b381000 nmethod 5710 0x0000000003292850 code [0x00000000032929c0, 0x0000000003292b68]
Event: 1248.176 Thread 0x000000005b36c800 nmethod 5711 0x0000000003bef610 code [0x0000000003bef940, 0x0000000003bf11e8]
Event: 1252.491 Thread 0x000000005b38d000 5712       3       com.f1.suite.web.portal.impl.AbstractPortlet::callJsFunction (10 bytes)
Event: 1252.491 Thread 0x000000005b38d000 nmethod 5712 0x00000000038a27d0 code [0x00000000038a2940, 0x00000000038a2b08]
Event: 1252.947 Thread 0x000000005b38c800 5713   !   3       com.f1.utils.string.JavaExpressionParser::parseExpression (2633 bytes)

GC Heap History (8 events):
Event: 20.096 GC heap before
{Heap before GC invocations=1 (full 0):
 PSYoungGen      total 8869376K, used 2687078K [0x0000000555580000, 0x00000007c0000000, 0x00000007c0000000)
  eden space 7602688K, 35% used [0x0000000555580000,0x00000005f9599b30,0x0000000725600000)
  from space 1266688K, 0% used [0x0000000772b00000,0x0000000772b00000,0x00000007c0000000)
  to   space 1266688K, 0% used [0x0000000725600000,0x0000000725600000,0x0000000772b00000)
 ParOldGen       total 20272640K, used 0K [0x0000000080000000, 0x0000000555580000, 0x0000000555580000)
  object space 20272640K, 0% used [0x0000000080000000,0x0000000080000000,0x0000000555580000)
 Metaspace       used 20771K, capacity 21154K, committed 21248K, reserved 1069056K
  class space    used 2431K, capacity 2560K, committed 2560K, reserved 1048576K
Event: 20.116 GC heap after
Heap after GC invocations=1 (full 0):
 PSYoungGen      total 8869376K, used 44460K [0x0000000555580000, 0x00000007c0000000, 0x00000007c0000000)
  eden space 7602688K, 0% used [0x0000000555580000,0x0000000555580000,0x0000000725600000)
  from space 1266688K, 3% used [0x0000000725600000,0x000000072816b200,0x0000000772b00000)
  to   space 1266688K, 0% used [0x0000000772b00000,0x0000000772b00000,0x00000007c0000000)
 ParOldGen       total 20272640K, used 380K [0x0000000080000000, 0x0000000555580000, 0x0000000555580000)
  object space 20272640K, 0% used [0x0000000080000000,0x000000008005f050,0x0000000555580000)
 Metaspace       used 20771K, capacity 21154K, committed 21248K, reserved 1069056K
  class space    used 2431K, capacity 2560K, committed 2560K, reserved 1048576K
}
Event: 20.116 GC heap before
{Heap before GC invocations=2 (full 1):
 PSYoungGen      total 8869376K, used 44460K [0x0000000555580000, 0x00000007c0000000, 0x00000007c0000000)
  eden space 7602688K, 0% used [0x0000000555580000,0x0000000555580000,0x0000000725600000)
  from space 1266688K, 3% used [0x0000000725600000,0x000000072816b200,0x0000000772b00000)
  to   space 1266688K, 0% used [0x0000000772b00000,0x0000000772b00000,0x00000007c0000000)
 ParOldGen       total 20272640K, used 380K [0x0000000080000000, 0x0000000555580000, 0x0000000555580000)
  object space 20272640K, 0% used [0x0000000080000000,0x000000008005f050,0x0000000555580000)
 Metaspace       used 20771K, capacity 21154K, committed 21248K, reserved 1069056K
  class space    used 2431K, capacity 2560K, committed 2560K, reserved 1048576K
Event: 20.279 GC heap after
Heap after GC invocations=2 (full 1):
 PSYoungGen      total 8869376K, used 0K [0x0000000555580000, 0x00000007c0000000, 0x00000007c0000000)
  eden space 7602688K, 0% used [0x0000000555580000,0x0000000555580000,0x0000000725600000)
  from space 1266688K, 0% used [0x0000000725600000,0x0000000725600000,0x0000000772b00000)
  to   space 1266688K, 0% used [0x0000000772b00000,0x0000000772b00000,0x00000007c0000000)
 ParOldGen       total 20272640K, used 44461K [0x0000000080000000, 0x0000000555580000, 0x0000000555580000)
  object space 20272640K, 0% used [0x0000000080000000,0x0000000082b6b448,0x0000000555580000)
 Metaspace       used 20771K, capacity 21154K, committed 21248K, reserved 1069056K
  class space    used 2431K, capacity 2560K, committed 2560K, reserved 1048576K
}
Event: 26.458 GC heap before
{Heap before GC invocations=3 (full 1):
 PSYoungGen      total 8869376K, used 2858614K [0x0000000555580000, 0x00000007c0000000, 0x00000007c0000000)
  eden space 7602688K, 37% used [0x0000000555580000,0x0000000603d1db80,0x0000000725600000)
  from space 1266688K, 0% used [0x0000000725600000,0x0000000725600000,0x0000000772b00000)
  to   space 1266688K, 0% used [0x0000000772b00000,0x0000000772b00000,0x00000007c0000000)
 ParOldGen       total 20272640K, used 44461K [0x0000000080000000, 0x0000000555580000, 0x0000000555580000)
  object space 20272640K, 0% used [0x0000000080000000,0x0000000082b6b448,0x0000000555580000)
 Metaspace       used 34766K, capacity 35166K, committed 35416K, reserved 1081344K
  class space    used 4092K, capacity 4202K, committed 4224K, reserved 1048576K
Event: 26.464 GC heap after
Heap after GC invocations=3 (full 1):
 PSYoungGen      total 8869376K, used 5977K [0x0000000555580000, 0x00000007c0000000, 0x00000007c0000000)
  eden space 7602688K, 0% used [0x0000000555580000,0x0000000555580000,0x0000000725600000)
  from space 1266688K, 0% used [0x0000000772b00000,0x00000007730d6618,0x00000007c0000000)
  to   space 1266688K, 0% used [0x0000000725600000,0x0000000725600000,0x0000000772b00000)
 ParOldGen       total 20272640K, used 44469K [0x0000000080000000, 0x0000000555580000, 0x0000000555580000)
  object space 20272640K, 0% used [0x0000000080000000,0x0000000082b6d448,0x0000000555580000)
 Metaspace       used 34766K, capacity 35166K, committed 35416K, reserved 1081344K
  class space    used 4092K, capacity 4202K, committed 4224K, reserved 1048576K
}
Event: 26.465 GC heap before
{Heap before GC invocations=4 (full 2):
 PSYoungGen      total 8869376K, used 5977K [0x0000000555580000, 0x00000007c0000000, 0x00000007c0000000)
  eden space 7602688K, 0% used [0x0000000555580000,0x0000000555580000,0x0000000725600000)
  from space 1266688K, 0% used [0x0000000772b00000,0x00000007730d6618,0x00000007c0000000)
  to   space 1266688K, 0% used [0x0000000725600000,0x0000000725600000,0x0000000772b00000)
 ParOldGen       total 20272640K, used 44469K [0x0000000080000000, 0x0000000555580000, 0x0000000555580000)
  object space 20272640K, 0% used [0x0000000080000000,0x0000000082b6d448,0x0000000555580000)
 Metaspace       used 34766K, capacity 35166K, committed 35416K, reserved 1081344K
  class space    used 4092K, capacity 4202K, committed 4224K, reserved 1048576K
Event: 26.567 GC heap after
Heap after GC invocations=4 (full 2):
 PSYoungGen      total 8869376K, used 0K [0x0000000555580000, 0x00000007c0000000, 0x00000007c0000000)
  eden space 7602688K, 0% used [0x0000000555580000,0x0000000555580000,0x0000000725600000)
  from space 1266688K, 0% used [0x0000000772b00000,0x0000000772b00000,0x00000007c0000000)
  to   space 1266688K, 0% used [0x0000000725600000,0x0000000725600000,0x0000000772b00000)
 ParOldGen       total 20272640K, used 30650K [0x0000000080000000, 0x0000000555580000, 0x0000000555580000)
  object space 20272640K, 0% used [0x0000000080000000,0x0000000081dee890,0x0000000555580000)
 Metaspace       used 34766K, capacity 35166K, committed 35416K, reserved 1081344K
  class space    used 4092K, capacity 4202K, committed 4224K, reserved 1048576K
}

Deoptimization events (10 events):
Event: 376.782 Thread 0x0000000061601000 Uncommon trap: reason=unstable_if action=reinterpret pc=0x000000000405e588 method=com.f1.http.impl.BasicHttpRequestResponse.getSession(Z)Lcom/f1/http/HttpSession; @ 4
Event: 416.188 Thread 0x0000000061601000 Uncommon trap: reason=unstable_if action=reinterpret pc=0x0000000003c5f914 method=com.f1.http.impl.BasicHttpRequestResponse.parseParams()V @ 199
Event: 416.189 Thread 0x0000000061601000 Uncommon trap: reason=null_check action=make_not_entrant pc=0x000000000402bee8 method=com.f1.utils.AbstractCaster.cast(Ljava/lang/Object;)Ljava/lang/Object; @ 22
Event: 456.473 Thread 0x000000005ce48000 Uncommon trap: reason=unhandled action=none pc=0x0000000003a5d760 method=java.net.URLClassLoader.findClass(Ljava/lang/String;)Ljava/lang/Class; @ 44
Event: 531.293 Thread 0x000000005d259800 Uncommon trap: reason=unstable_if action=reinterpret pc=0x000000000381f5ec method=java.util.concurrent.locks.AbstractQueuedSynchronizer.isOnSyncQueue(Ljava/util/concurrent/locks/AbstractQueuedSynchronizer$Node;)Z @ 22
Event: 557.731 Thread 0x000000005d259800 Uncommon trap: reason=unstable_if action=reinterpret pc=0x00000000038c1688 method=java.util.concurrent.locks.AbstractQueuedSynchronizer.unparkSuccessor(Ljava/util/concurrent/locks/AbstractQueuedSynchronizer$Node;)V @ 22
Event: 623.069 Thread 0x0000000061602800 Uncommon trap: reason=unstable_if action=reinterpret pc=0x00000000040920f8 method=com.f1.http.impl.BasicHttpRequestResponse.writeHeader(I)V @ 114
Event: 775.011 Thread 0x0000000061603800 Uncommon trap: reason=unstable_if action=reinterpret pc=0x0000000003fe9f18 method=java.util.concurrent.locks.AbstractQueuedSynchronizer$ConditionObject.signal()V @ 24
Event: 937.465 Thread 0x0000000061601000 Uncommon trap: reason=unstable_if action=reinterpret pc=0x0000000003365284 method=com.f1.ami.web.AmiWebAutosaveManager.onFrontendCalled()V @ 51
Event: 937.466 Thread 0x0000000061601000 Uncommon trap: reason=class_check action=maybe_recompile pc=0x0000000003b8ec00 method=com.f1.utils.MapWrapper.isEmpty()Z @ 1

Internal exceptions (10 events):
Event: 1227.408 Thread 0x000000005d258800 Exception <a 'java/net/ConnectException': Connection refused: connect> (0x00000005ce3c33f8) thrown at [C:\re\workspace\8-2-build-windows-amd64-cygwin\jdk8u144\9417\hotspot\src\share\vm\prims\jni.cpp, line 735]
Event: 1229.422 Thread 0x000000005d258800 Exception <a 'java/net/ConnectException': Connection refused: connect> (0x00000005ce3c4650) thrown at [C:\re\workspace\8-2-build-windows-amd64-cygwin\jdk8u144\9417\hotspot\src\share\vm\prims\jni.cpp, line 735]
Event: 1231.467 Thread 0x000000005d258800 Exception <a 'java/net/ConnectException': Connection refused: connect> (0x00000005ce3c58a8) thrown at [C:\re\workspace\8-2-build-windows-amd64-cygwin\jdk8u144\9417\hotspot\src\share\vm\prims\jni.cpp, line 735]
Event: 1235.524 Thread 0x000000005d258800 Exception <a 'java/net/ConnectException': Connection refused: connect> (0x00000005ce3c6b48) thrown at [C:\re\workspace\8-2-build-windows-amd64-cygwin\jdk8u144\9417\hotspot\src\share\vm\prims\jni.cpp, line 735]
Event: 1237.564 Thread 0x000000005d258800 Exception <a 'java/net/ConnectException': Connection refused: connect> (0x00000005ce3c7da0) thrown at [C:\re\workspace\8-2-build-windows-amd64-cygwin\jdk8u144\9417\hotspot\src\share\vm\prims\jni.cpp, line 735]
Event: 1239.627 Thread 0x000000005d258800 Exception <a 'java/net/ConnectException': Connection refused: connect> (0x00000005ce3c8ff8) thrown at [C:\re\workspace\8-2-build-windows-amd64-cygwin\jdk8u144\9417\hotspot\src\share\vm\prims\jni.cpp, line 735]
Event: 1243.680 Thread 0x000000005d258800 Exception <a 'java/net/ConnectException': Connection refused: connect> (0x00000005ce3ca298) thrown at [C:\re\workspace\8-2-build-windows-amd64-cygwin\jdk8u144\9417\hotspot\src\share\vm\prims\jni.cpp, line 735]
Event: 1245.724 Thread 0x000000005d258800 Exception <a 'java/net/ConnectException': Connection refused: connect> (0x00000005ce3cb4f0) thrown at [C:\re\workspace\8-2-build-windows-amd64-cygwin\jdk8u144\9417\hotspot\src\share\vm\prims\jni.cpp, line 735]
Event: 1247.753 Thread 0x000000005d258800 Exception <a 'java/net/ConnectException': Connection refused: connect> (0x00000005ce3cc748) thrown at [C:\re\workspace\8-2-build-windows-amd64-cygwin\jdk8u144\9417\hotspot\src\share\vm\prims\jni.cpp, line 735]
Event: 1251.770 Thread 0x000000005d258800 Exception <a 'java/net/ConnectException': Connection refused: connect> (0x00000005ce3cdb98) thrown at [C:\re\workspace\8-2-build-windows-amd64-cygwin\jdk8u144\9417\hotspot\src\share\vm\prims\jni.cpp, line 735]

Events (10 events):
Event: 1251.771 Thread 0x000000005d258800 DEOPT PACKING pc=0x000000000310b38c sp=0x000000006788eac0
Event: 1251.771 Thread 0x000000005d258800 DEOPT UNPACKING pc=0x0000000002e6787f sp=0x000000006788e7b0 mode 1
Event: 1251.771 Thread 0x000000005d258800 DEOPT PACKING pc=0x00000000036efcac sp=0x000000006788eb50
Event: 1251.771 Thread 0x000000005d258800 DEOPT UNPACKING pc=0x0000000002e6787f sp=0x000000006788e938 mode 1
Event: 1251.771 Thread 0x000000005d258800 DEOPT PACKING pc=0x0000000003bb3294 sp=0x000000006788ec60
Event: 1251.771 Thread 0x000000005d258800 DEOPT UNPACKING pc=0x0000000002e6787f sp=0x000000006788ea38 mode 1
Event: 1251.771 Thread 0x000000005d258800 DEOPT PACKING pc=0x000000000408e8e4 sp=0x000000006788ed70
Event: 1251.771 Thread 0x000000005d258800 DEOPT UNPACKING pc=0x0000000002e6787f sp=0x000000006788ebd0 mode 1
Event: 1251.772 Thread 0x000000005d258800 DEOPT PACKING pc=0x0000000003fe240c sp=0x000000006788ef00
Event: 1251.772 Thread 0x000000005d258800 DEOPT UNPACKING pc=0x0000000002e6787f sp=0x000000006788ecf0 mode 1


Dynamic libraries:
0x00007ff7f0e90000 - 0x00007ff7f0ec7000 	C:\Program Files\Java\jdk1.8.0_144\bin\javaw.exe
0x00007ffff4b80000 - 0x00007ffff4de3000 	C:\WINDOWS\SYSTEM32\ntdll.dll
0x00007ffff4580000 - 0x00007ffff4647000 	C:\WINDOWS\System32\KERNEL32.DLL
0x00007ffff25f0000 - 0x00007ffff29b7000 	C:\WINDOWS\System32\KERNELBASE.dll
0x00007ffff4790000 - 0x00007ffff4844000 	C:\WINDOWS\System32\ADVAPI32.dll
0x00007ffff3290000 - 0x00007ffff3339000 	C:\WINDOWS\System32\msvcrt.dll
0x00007ffff46a0000 - 0x00007ffff4746000 	C:\WINDOWS\System32\sechost.dll
0x00007ffff4400000 - 0x00007ffff4516000 	C:\WINDOWS\System32\RPCRT4.dll
0x00007ffff3600000 - 0x00007ffff37c9000 	C:\WINDOWS\System32\USER32.dll
0x00007ffff1f20000 - 0x00007ffff1f47000 	C:\WINDOWS\System32\win32u.dll
0x00007ffff3ee0000 - 0x00007ffff3f0a000 	C:\WINDOWS\System32\GDI32.dll
0x00007ffff2220000 - 0x00007ffff234b000 	C:\WINDOWS\System32\gdi32full.dll
0x00007ffff24a0000 - 0x00007ffff2543000 	C:\WINDOWS\System32\msvcp_win.dll
0x00007ffff2350000 - 0x00007ffff249c000 	C:\WINDOWS\System32\ucrtbase.dll
0x00007ffff11d0000 - 0x00007ffff1460000 	C:\WINDOWS\WinSxS\amd64_microsoft.windows.common-controls_6595b64144ccf1df_6.0.26100.3037_none_3e09262ce333c378\COMCTL32.dll
0x00007ffff4750000 - 0x00007ffff477f000 	C:\WINDOWS\System32\IMM32.DLL
0x0000000064230000 - 0x0000000064302000 	C:\Program Files\Java\jdk1.8.0_144\jre\bin\msvcr100.dll
0x0000000062a20000 - 0x00000000632bd000 	C:\Program Files\Java\jdk1.8.0_144\jre\bin\server\jvm.dll
0x00007ffff35f0000 - 0x00007ffff35f8000 	C:\WINDOWS\System32\PSAPI.DLL
0x00007fffe9d20000 - 0x00007fffe9d56000 	C:\WINDOWS\SYSTEM32\WINMM.dll
0x00007fffec2a0000 - 0x00007fffec2ab000 	C:\WINDOWS\SYSTEM32\VERSION.dll
0x00007fffbd940000 - 0x00007fffbd94a000 	C:\WINDOWS\SYSTEM32\WSOCK32.dll
0x00007ffff3360000 - 0x00007ffff33d4000 	C:\WINDOWS\System32\WS2_32.dll
0x00000000643e0000 - 0x00000000643ef000 	C:\Program Files\Java\jdk1.8.0_144\jre\bin\verify.dll
0x00000000643b0000 - 0x00000000643d9000 	C:\Program Files\Java\jdk1.8.0_144\jre\bin\java.dll
0x00000000641f0000 - 0x0000000064225000 	C:\Program Files\Java\jdk1.8.0_144\jre\bin\jdwp.dll
0x00000000641e0000 - 0x00000000641e8000 	C:\Program Files\Java\jdk1.8.0_144\jre\bin\npt.dll
0x0000000063db0000 - 0x0000000063dd3000 	C:\Program Files\Java\jdk1.8.0_144\jre\bin\instrument.dll
0x0000000064390000 - 0x00000000643a6000 	C:\Program Files\Java\jdk1.8.0_144\jre\bin\zip.dll
0x00007ffff37d0000 - 0x00007ffff3ed4000 	C:\WINDOWS\System32\SHELL32.dll
0x00007fffeee60000 - 0x00007fffef697000 	C:\WINDOWS\SYSTEM32\windows.storage.dll
0x00007ffff4070000 - 0x00007ffff43ee000 	C:\WINDOWS\System32\combase.dll
0x00007ffff4a50000 - 0x00007ffff4b39000 	C:\WINDOWS\System32\SHCORE.dll
0x00007ffff4520000 - 0x00007ffff457d000 	C:\WINDOWS\System32\shlwapi.dll
0x00007ffff1e30000 - 0x00007ffff1e5e000 	C:\WINDOWS\SYSTEM32\profapi.dll
0x00000000641d0000 - 0x00000000641d9000 	C:\Program Files\Java\jdk1.8.0_144\jre\bin\dt_socket.dll
0x00007fffe9870000 - 0x00007fffe9888000 	C:\WINDOWS\system32\napinsp.dll
0x00007ffff2550000 - 0x00007ffff25e9000 	C:\WINDOWS\System32\bcryptPrimitives.dll
0x00007ffff0890000 - 0x00007ffff08fa000 	C:\WINDOWS\System32\mswsock.dll
0x00007fffefc00000 - 0x00007fffefd25000 	C:\WINDOWS\SYSTEM32\DNSAPI.dll
0x00007fffefbc0000 - 0x00007fffefbf2000 	C:\WINDOWS\SYSTEM32\IPHLPAPI.DLL
0x00007ffff3440000 - 0x00007ffff344a000 	C:\WINDOWS\System32\NSI.dll
0x00007fffe9850000 - 0x00007fffe9862000 	C:\WINDOWS\System32\winrnr.dll
0x00007fffe9820000 - 0x00007fffe9842000 	C:\WINDOWS\system32\nlansp_c.dll
0x00007fffe9800000 - 0x00007fffe9816000 	C:\WINDOWS\system32\wshbth.dll
0x00007fffed490000 - 0x00007fffed515000 	C:\WINDOWS\System32\fwpuclnt.dll
0x00007fffea1b0000 - 0x00007fffea1bb000 	C:\Windows\System32\rasadhlp.dll
0x0000000064370000 - 0x000000006438a000 	C:\Program Files\Java\jdk1.8.0_144\jre\bin\net.dll
0x0000000063da0000 - 0x0000000063dad000 	C:\Program Files\Java\jdk1.8.0_144\jre\bin\management.dll
0x0000000064320000 - 0x0000000064344000 	C:\Program Files\Java\jdk1.8.0_144\jre\bin\sunec.dll
0x00007fffed3a0000 - 0x00007fffed3bf000 	C:\WINDOWS\SYSTEM32\dhcpcsvc6.DLL
0x00007fffed290000 - 0x00007fffed2b5000 	C:\WINDOWS\SYSTEM32\dhcpcsvc.DLL
0x0000000064350000 - 0x0000000064361000 	C:\Program Files\Java\jdk1.8.0_144\jre\bin\nio.dll
0x00007ffff1b60000 - 0x00007ffff1b7c000 	C:\WINDOWS\SYSTEM32\CRYPTSP.dll
0x00007ffff0d70000 - 0x00007ffff0da8000 	C:\WINDOWS\system32\rsaenh.dll
0x00007ffff0900000 - 0x00007ffff092b000 	C:\WINDOWS\SYSTEM32\USERENV.dll
0x00007ffff1690000 - 0x00007ffff16b6000 	C:\WINDOWS\SYSTEM32\bcrypt.dll
0x00007ffff0f90000 - 0x00007ffff0f9c000 	C:\WINDOWS\SYSTEM32\CRYPTBASE.dll
0x0000000063c00000 - 0x0000000063d98000 	C:\Program Files\Java\jdk1.8.0_144\jre\bin\awt.dll
0x00007ffff4970000 - 0x00007ffff4a46000 	C:\WINDOWS\System32\OLEAUT32.dll
0x00007fffebef0000 - 0x00007fffebf8c000 	C:\WINDOWS\SYSTEM32\apphelp.dll
0x00007fffee4e0000 - 0x00007fffee50e000 	C:\WINDOWS\system32\DWMAPI.DLL
0x00007fffedda0000 - 0x00007fffede4d000 	C:\WINDOWS\system32\uxtheme.dll
0x00007ffff17f0000 - 0x00007ffff1a31000 	C:\WINDOWS\SYSTEM32\dbghelp.dll

VM Arguments:
jvm_args: -agentlib:jdwp=transport=dt_socket,suspend=y,address=localhost:57803 -Djava.util.logging.manager=com.f1.speedlogger.sun.SunSpeedLoggerLogManager -Df1.license.mode=dev -Dproperty.f1.autocoded.disabled=false -Dproperty.f1.logging.mode=info -Xms29g -javaagent:C:\Users\XPS17-6\Desktop\Setup\eclipse-jee-2019-12-R-win32-x86_64\eclipse\configuration\org.eclipse.osgi\411\0\.cp\lib\javaagent-shaded.jar -Dfile.encoding=UTF-8 
java_command: com.f1.ami.one.AmiOneMain
java_class_path (initial): C:\Users\XPS17-6\Perforce\Yuan_branch\makers\yuan3\java\ami\amione\target\classes;C:\Users\XPS17-6\Perforce\Yuan_branch\makers\yuan3\java\ami\amicenterfull\target\classes;C:\Users\XPS17-6\Perforce\Yuan_branch\makers\yuan3\java\ami\amicenter\target\classes;C:\Users\XPS17-6\Perforce\Yuan_branch\makers\yuan3\java\ami\amiclient\target\classes;C:\Users\XPS17-6\Perforce\Yuan_branch\makers\yuan3\java\ami\amimysql\target\classes;C:\Users\XPS17-6\.m2\repository\mysql\mysql-connector-java\5.1.39\mysql-connector-java-5.1.39.jar;C:\Users\XPS17-6\Perforce\Yuan_branch\makers\yuan3\java\ami\amipostgresql\target\classes;C:\Users\XPS17-6\.m2\repository\org\postgresql\postgresql\42.5.1\postgresql-42.5.1.jar;C:\Users\XPS17-6\.m2\repository\org\checkerframework\checker-qual\3.5.0\checker-qual-3.5.0.jar;C:\Users\XPS17-6\Perforce\Yuan_branch\makers\yuan3\java\ami\amioracle\target\classes;C:\Users\XPS17-6\.m2\repository\com\oracle\database\jdbc\ojdbc8\18.3.0.0\ojdbc8-18.3.0.0.jar;C:\Users\XPS17-6\.m2\repository\com\oracle\database\jdbc\ucp\18.3.0.0\ucp-18.3.0.0.jar;C:\Users\XPS17-6\.m2\repository\com\oracle\database\security\oraclepki\18.3.0.0\oraclepki-18.3.0.0.jar;C:\Users\XPS17-6\.m2\repository\com\oracle\database\security\osdt_cert\18.3.0.0\osdt_cert-18.3.0.0.jar;C:\Users\XPS17-6\.m2\repository\com\oracle\database\security\osdt_core\18.3.0.0\osdt_core-18.3.0.0.jar;C:\Users\XPS17-6\.m2\repository\com\oracle\database\ha\simplefan\18.3.0.0\simplefan-18.3.0.0.jar;C:\Users\XPS17-6\.m2\repository\com\oracle\database\ha\ons\18.3.0.0\ons-18.3.0.0.jar;C:\Users\XPS17-6\Perforce\Yuan_branch\makers\yuan3\java\ami\amiexcel\target\classes;C:\Users\XPS17-6\.m2\repository\org\apache\poi\poi\5.2.3\poi-5.2.3.jar;C:\Users\XPS17-6\.m2\repository\commons-codec\commons-codec\1.15\commons-codec-1.15.jar;C:\Users\XPS17-6\.m2\repository\org\apache\commons\commons-collections4\4.4\commons-collections4-4.4.jar;C:\Users\XPS17-6\.m2\repository\org\apache\commons\commons-math3\3.6.1\co
Launcher Type: SUN_STANDARD

Environment Variables:
JAVA_HOME=C:\Program Files\Java\jdk1.8.0_144
CLASSPATH=C:\Program Files\Java\jdk1.8.0_144\lib;C:\Program Files\Java\jdk1.8.0_144\jre\lib
PATH=C:\Program Files\Java\jdk1.8.0_144\jre\bin;C:/Program Files/Java/jdk1.8.0_144/bin/../jre/bin/server;C:/Program Files/Java/jdk1.8.0_144/bin/../jre/bin;C:/Program Files/Java/jdk1.8.0_144/bin/../jre/lib/amd64;C:\Windows\system32;C:\Windows;C:\Windows\System32\Wbem;C:\Windows\System32\WindowsPowerShell\v1.0\;C:\Windows\System32\OpenSSH\;C:\Program Files (x86)\NVIDIA Corporation\PhysX\Common;C:\Program Files (x86)\PuTTY\;C:\Program Files (x86)\apache-maven-3.8.4\bin;C:\Program Files\Java\jdk1.8.0_144\bin;C:\Program Files\Git\cmd;C:\Program Files\dotnet\;C:\WINDOWS\system32;C:\WINDOWS;C:\WINDOWS\System32\Wbem;C:\WINDOWS\System32\WindowsPowerShell\v1.0\;C:\WINDOWS\System32\OpenSSH\;C:\sqlite;C:\Program Files (x86)\Microsoft SQL Server\160\Tools\Binn\;C:\Program Files\Microsoft SQL Server\160\Tools\Binn\;C:\Program Files\Microsoft SQL Server\Client SDK\ODBC\170\Tools\Binn\;C:\Program Files\Microsoft SQL Server\160\DTS\Binn\;C:\Program Files\Java\jre1.8.0_144;C:\q\w64;;C:\Program Files\Docker\Docker\resources\bin;C:\Program Files\Perforce\;C:\Users\XPS17-6\AppData\Roaming\.dotnet;C:\Users\XPS17-6\AppData\Local\Microsoft\WindowsApps;C:\Users\XPS17-6\AppData\Local\Programs\Microsoft VS Code\bin;C:\q\w64;C:\Users\XPS17-6\.dotnet\tools;;C:\Users\XPS17-6\Desktop\Setup\eclipse-jee-2019-12-R-win32-x86_64\eclipse;
USERNAME=YuanYao
OS=Windows_NT
PROCESSOR_IDENTIFIER=Intel64 Family 6 Model 165 Stepping 2, GenuineIntel



---------------  S Y S T E M  ---------------

OS: Windows 10.0 , 64 bit Build 26100 (10.0.26100.3037)

CPU:total 16 (initial active 16) (8 cores per cpu, 2 threads per core) family 6 model 165 stepping 2, cmov, cx8, fxsr, mmx, sse, sse2, sse3, ssse3, sse4.1, sse4.2, popcnt, avx, avx2, aes, clmul, erms, 3dnowpref, lzcnt, ht, tsc, tscinvbit, bmi1, bmi2, adx

Memory: 4k page, physical 33292996k(16583532k free), swap 104596164k(54930544k free)

vm_info: Java HotSpot(TM) 64-Bit Server VM (25.144-b01) for windows-amd64 JRE (1.8.0_144-b01), built on Jul 21 2017 21:57:33 by "java_re" with MS VC++ 10.0 (VS2010)

time: Sun Mar 16 01:49:17 2025
elapsed time: 1252 seconds (0d 0h 20m 52s)

