#
# A fatal error has been detected by the Java Runtime Environment:
#
#  EXCEPTION_ACCESS_VIOLATION (0xc0000005) at pc=0x0000000056ee2120, pid=6308, tid=0x0000000000008208
#
# JRE version: Java(TM) SE Runtime Environment (8.0_144-b01) (build 1.8.0_144-b01)
# Java VM: Java HotSpot(TM) 64-Bit Server VM (25.144-b01 mixed mode windows-amd64 compressed oops)
# Problematic frame:
# V  [jvm.dll+0x4a2120]
#
# Failed to write core dump. Minidumps are not enabled by default on client versions of Windows
#
# If you would like to submit a bug report, please visit:
#   http://bugreport.java.com/bugreport/crash.jsp
#

---------------  T H R E A D  ---------------

Current thread (0x000000005bfb0800):  JavaThread "C2 CompilerThread6" daemon [_thread_in_native, id=33288, stack(0x000000005ce70000,0x000000005cf70000)]

siginfo: ExceptionCode=0xc0000005, reading address 0x000000205725df90

Registers:
RAX=0x0000000000000000, RBX=0x000000006a1748d0, RCX=0x000000205725df90, RDX=0x0000000000000000
RSP=0x000000005cf6bd60, RBP=0x000000000000004e, RSI=0x0000000000000270, RDI=0x000000005cf6bdb0
R8 =0x0000000000000020, R9 =0x000000005edf3040, R10=0x0000000056a40000, R11=0x000000005cf6bc80
R12=0x000000005725df90, R13=0x0000000056a40000, R14=0x000000005bfcaca8, R15=0x00000000000003d8
RIP=0x0000000056ee2120, EFLAGS=0x0000000000010246

Top of Stack: (sp=0x000000005cf6bd60)
0x000000005cf6bd60:   000000005cf6e530 000000006a30dcf0
0x000000005cf6bd70:   fffffffffffffff8 000000005bf8eba0
0x000000005cf6bd80:   0000000000005005 0000000056edd1ef
0x000000005cf6bd90:   000000006a1748d0 000000006a1748d0
0x000000005cf6bda0:   0000000000005005 000000005cf6be90
0x000000005cf6bdb0:   000026f900000000 0000000000000008
0x000000005cf6bdc0:   000000205725df90 0000000000000027
0x000000005cf6bdd0:   0000000061996ac0 0000000000000057
0x000000005cf6bde0:   000000006a30f370 000000005cf6c180
0x000000005cf6bdf0:   000000005bfca8d0 000000005cf6c180
0x000000005cf6be00:   000000005bfca8c0 0000000056ea9166
0x000000005cf6be10:   000000005cf6c290 000000005cf6bf10
0x000000005cf6be20:   0000000000000000 0000000000000009
0x000000005cf6be30:   0000000000000002 000000005bfca8c0
0x000000005cf6be40:   000000005edeefd0 000000005edf3600
0x000000005cf6be50:   000000005edf6fb8 0000000001c51ea0 

Instructions: (pc=0x0000000056ee2120)
0x0000000056ee2100:   48 8b 4f 20 48 39 04 0e 0f 84 9d 00 00 00 48 8b
0x0000000056ee2110:   0c 0e 33 d2 33 c0 48 89 4f 10 66 0f 1f 44 00 00
0x0000000056ee2120:   83 3c 08 00 0f 85 36 01 00 00 ff c2 48 83 c0 04
0x0000000056ee2130:   83 fa 08 72 eb 48 8b 47 30 48 89 44 24 30 48 85 


Register to memory mapping:

RAX=0x0000000000000000 is an unknown value
RBX=0x000000006a1748d0 is an unknown value
RCX=0x000000205725df90 is an unknown value
RDX=0x0000000000000000 is an unknown value
RSP=0x000000005cf6bd60 is pointing into the stack for thread: 0x000000005bfb0800
RBP=0x000000000000004e is an unknown value
RSI=0x0000000000000270 is an unknown value
RDI=0x000000005cf6bdb0 is pointing into the stack for thread: 0x000000005bfb0800
R8 =0x0000000000000020 is an unknown value
R9 =0x000000005edf3040 is an unknown value
R10=0x0000000056a40000 is an unknown value
R11=0x000000005cf6bc80 is pointing into the stack for thread: 0x000000005bfb0800
R12=0x000000005725df90 is an unknown value
R13=0x0000000056a40000 is an unknown value
R14=0x000000005bfcaca8 is an unknown value
R15=0x00000000000003d8 is an unknown value


Stack: [0x000000005ce70000,0x000000005cf70000],  sp=0x000000005cf6bd60,  free space=1007k
Native frames: (J=compiled Java code, j=interpreted, Vv=VM code, C=native code)
V  [jvm.dll+0x4a2120]
V  [jvm.dll+0x49d1ef]
V  [jvm.dll+0x469166]
V  [jvm.dll+0x4745bb]
V  [jvm.dll+0x476ec7]
V  [jvm.dll+0x4598c2]
V  [jvm.dll+0xa5dc2]
V  [jvm.dll+0xa66ff]
V  [jvm.dll+0x24524f]
V  [jvm.dll+0x29ca6a]
C  [msvcr100.dll+0x21d9f]
C  [msvcr100.dll+0x21e3b]
C  [KERNEL32.DLL+0x2e8d7]
C  [ntdll.dll+0xb14fc]


Current CompileTask:
C2:  33422 4292   !   4       java.net.URLClassLoader$1::run (63 bytes)


---------------  P R O C E S S  ---------------

Java Threads: ( => current thread )
  0x000000005ffa2800 JavaThread "AMISOCKET1" [_thread_in_native, id=31596, stack(0x0000000069970000,0x0000000069a70000)]
  0x000000005ffa0800 JavaThread "DestroyJavaVM" [_thread_blocked, id=33720, stack(0x0000000002ba0000,0x0000000002ca0000)]
  0x000000005ff9d800 JavaThread "KeepAliveThread" [_thread_blocked, id=9320, stack(0x0000000069870000,0x0000000069970000)]
  0x000000005ff9c800 JavaThread "AmiRelay-GP-1" [_thread_blocked, id=12972, stack(0x0000000069670000,0x0000000069770000)]
  0x000000005ff9f800 JavaThread "pool-3-thread-1" [_thread_blocked, id=27696, stack(0x0000000069570000,0x0000000069670000)]
  0x000000005ff9c000 JavaThread "F1POOL-01" [_thread_blocked, id=17652, stack(0x0000000069470000,0x0000000069570000)]
  0x000000005ff9f000 JavaThread "MsgDirectConnection3" [_thread_blocked, id=6832, stack(0x0000000069370000,0x0000000069470000)]
  0x000000005ff9e000 JavaThread "MsgDirectConnection2" [_thread_blocked, id=29184, stack(0x0000000069270000,0x0000000069370000)]
  0x000000005c374000 JavaThread "MsgDirectConnection1" [_thread_blocked, id=22904, stack(0x0000000069170000,0x0000000069270000)]
  0x000000005c376000 JavaThread "MSGDIRECT_PROC-017" daemon [_thread_in_native, id=32248, stack(0x0000000069070000,0x0000000069170000)]
  0x000000005c372800 JavaThread "MSGDIRECT_PROC-016" [_thread_in_native, id=6560, stack(0x0000000068f70000,0x0000000069070000)]
  0x000000005c374800 JavaThread "MSGDIRECT_PROC-015" daemon [_thread_in_native, id=30380, stack(0x0000000068e70000,0x0000000068f70000)]
  0x000000005c375800 JavaThread "MSGDIRECT_PROC-014" [_thread_in_native, id=25796, stack(0x0000000068d70000,0x0000000068e70000)]
  0x000000005c371000 JavaThread "F1POOL-00" daemon [_thread_blocked, id=19532, stack(0x0000000068c70000,0x0000000068d70000)]
  0x000000005c370000 JavaThread "MSGDIRECT_PROC-013" daemon [_thread_in_native, id=5028, stack(0x0000000068b70000,0x0000000068c70000)]
  0x000000005c371800 JavaThread "MSGDIRECT_PROC-012" [_thread_in_native, id=13864, stack(0x0000000068a70000,0x0000000068b70000)]
  0x000000005c373000 JavaThread "MSGDIRECT_RECN-011" daemon [_thread_blocked, id=8360, stack(0x0000000067770000,0x0000000067870000)]
  0x000000005c36f800 JavaThread "F1POOL-02" [_thread_blocked, id=26332, stack(0x0000000067670000,0x0000000067770000)]
  0x000000005e2cd800 JavaThread "MsgDirectConnection1" [_thread_blocked, id=1528, stack(0x0000000067450000,0x0000000067550000)]
  0x000000005e2c9800 JavaThread "MsgDirectConnection3" [_thread_blocked, id=26328, stack(0x0000000068970000,0x0000000068a70000)]
  0x000000005e2cc000 JavaThread "MsgDirectConnection2" [_thread_blocked, id=32564, stack(0x0000000068870000,0x0000000068970000)]
  0x000000005e2cb000 JavaThread "MSGDIRECT_PROC-010" daemon [_thread_in_native, id=32680, stack(0x0000000068770000,0x0000000068870000)]
  0x000000005e2cc800 JavaThread "MSGDIRECT_PROC-009" [_thread_in_native, id=22816, stack(0x0000000068670000,0x0000000068770000)]
  0x000000005e2c9000 JavaThread "MSGDIRECT_PROC-008" daemon [_thread_in_native, id=34000, stack(0x0000000068570000,0x0000000068670000)]
  0x000000005e2ca800 JavaThread "MSGDIRECT_PROC-007" [_thread_in_native, id=31660, stack(0x0000000068470000,0x0000000068570000)]
  0x000000005e2c8000 JavaThread "MSGDIRECT_PROC-006" daemon [_thread_in_native, id=19024, stack(0x0000000068370000,0x0000000068470000)]
  0x000000005e2c4800 JavaThread "MSGDIRECT_PROC-005" [_thread_in_native, id=32644, stack(0x0000000068270000,0x0000000068370000)]
  0x000000005e2c7800 JavaThread "MsgDirectConnection1" [_thread_blocked, id=15176, stack(0x0000000068170000,0x0000000068270000)]
  0x000000005e2c3800 JavaThread "F1POOL-02" [_thread_blocked, id=13968, stack(0x0000000068070000,0x0000000068170000)]
  0x000000005e2c6800 JavaThread "F1POOL-01" [_thread_blocked, id=34204, stack(0x0000000067f70000,0x0000000068070000)]
  0x000000005e2c5000 JavaThread "pool-2-thread-2" [_thread_blocked, id=16068, stack(0x0000000067e70000,0x0000000067f70000)]
  0x000000005e2c3000 JavaThread "pool-2-thread-1" [_thread_blocked, id=8284, stack(0x0000000067d70000,0x0000000067e70000)]
  0x000000005e2c6000 JavaThread "F1POOL-00" [_thread_blocked, id=32304, stack(0x0000000067c70000,0x0000000067d70000)]
  0x000000005e2bf000 JavaThread "MSGDIRECT_RECN-004" daemon [_thread_in_native, id=14760, stack(0x0000000067b70000,0x0000000067c70000)]
  0x000000005e2c0800 JavaThread "MSGDIRECT_RECN-003" daemon [_thread_blocked, id=16996, stack(0x0000000067a70000,0x0000000067b70000)]
  0x000000005e2c0000 JavaThread "MSGDIRECT_LSTN-002" [_thread_in_native, id=17552, stack(0x0000000067970000,0x0000000067a70000)]
  0x000000005e2c2000 JavaThread "AMICommandLineInterfaceSocket-1390" [_thread_in_native, id=7860, stack(0x0000000067570000,0x0000000067670000)]
  0x000000005e2be800 JavaThread "AMIJDBCSocket-1380" [_thread_in_native, id=8848, stack(0x0000000067870000,0x0000000067970000)]
  0x000000005e2c1800 JavaThread "AmiClient-localhost:3289" daemon [_thread_in_native, id=26292, stack(0x0000000067350000,0x0000000067450000)]
  0x000000005bfeb800 JavaThread "AmiCenterResourcesWatcher" daemon [_thread_blocked, id=28296, stack(0x0000000066d50000,0x0000000066e50000)]
  0x000000005bfed000 JavaThread "MsgDirectConnection1" [_thread_blocked, id=34276, stack(0x0000000066a50000,0x0000000066b50000)]
  0x000000005bfec000 JavaThread "F1POOL-01" [_thread_blocked, id=33112, stack(0x0000000066950000,0x0000000066a50000)]
  0x000000005bfe7800 JavaThread "Abandoned connection cleanup thread" daemon [_thread_blocked, id=20408, stack(0x0000000066850000,0x0000000066950000)]
  0x000000005bfea800 JavaThread "F1POOL-00" [_thread_blocked, id=33544, stack(0x0000000066750000,0x0000000066850000)]
  0x000000005bfe7000 JavaThread "MSGDIRECT_RECN-001" daemon [_thread_blocked, id=15000, stack(0x0000000066650000,0x0000000066750000)]
  0x000000005c058800 JavaThread "Session Reaper" [_thread_blocked, id=9884, stack(0x0000000066550000,0x0000000066650000)]
  0x000000005c058000 JavaThread "HttpServerSocket-13332" [_thread_in_native, id=14736, stack(0x0000000066450000,0x0000000066550000)]
  0x000000005c693000 JavaThread "Java2D Disposer" daemon [_thread_blocked, id=34372, stack(0x0000000066350000,0x0000000066450000)]
  0x000000005ea93800 JavaThread "AMiWebStats" daemon [_thread_blocked, id=26548, stack(0x0000000064b00000,0x0000000064c00000)]
  0x000000005e1ea800 JavaThread "AmiProcessStatsLogger" [_thread_blocked, id=13448, stack(0x0000000064200000,0x0000000064300000)]
  0x000000005fabe800 JavaThread "TerminateFileThread" daemon [_thread_blocked, id=25516, stack(0x0000000062f10000,0x0000000063010000)]
  0x000000005dfa4800 JavaThread "consoleServer1" daemon [_thread_in_native, id=16080, stack(0x0000000060e70000,0x0000000060f70000)]
  0x000000005c6e8000 JavaThread "AutoFlushWritercom.f1.speedlogger.impl.AutoFlushWriter@48ae9b55" daemon [_thread_blocked, id=13380, stack(0x0000000060d70000,0x0000000060e70000)]
  0x000000005c020800 JavaThread "AutoFlushWritercom.f1.speedlogger.impl.AutoFlushWriter@9353778" daemon [_thread_blocked, id=32480, stack(0x0000000060c70000,0x0000000060d70000)]
  0x000000005fe77000 JavaThread "AutoFlushWritercom.f1.speedlogger.impl.AutoFlushWriter@654f0d9c" daemon [_thread_blocked, id=32464, stack(0x000000005f910000,0x000000005fa10000)]
  0x0000000062049800 JavaThread "Thread" daemon [_thread_blocked, id=17248, stack(0x000000005f810000,0x000000005f910000)]
  0x000000005c038800 JavaThread "Service Thread" daemon [_thread_blocked, id=14888, stack(0x000000005d470000,0x000000005d570000)]
  0x000000005bfea000 JavaThread "C1 CompilerThread11" daemon [_thread_blocked, id=26580, stack(0x000000005d370000,0x000000005d470000)]
  0x000000005bfe6000 JavaThread "C1 CompilerThread10" daemon [_thread_blocked, id=33148, stack(0x000000005d270000,0x000000005d370000)]
  0x000000005bfe8800 JavaThread "C1 CompilerThread9" daemon [_thread_blocked, id=2140, stack(0x000000005d170000,0x000000005d270000)]
  0x000000005bfe9000 JavaThread "C1 CompilerThread8" daemon [_thread_blocked, id=7072, stack(0x000000005d070000,0x000000005d170000)]
  0x000000005bfc9800 JavaThread "C2 CompilerThread7" daemon [_thread_blocked, id=25992, stack(0x000000005cf70000,0x000000005d070000)]
=>0x000000005bfb0800 JavaThread "C2 CompilerThread6" daemon [_thread_in_native, id=33288, stack(0x000000005ce70000,0x000000005cf70000)]
  0x0000000055a0e000 JavaThread "C2 CompilerThread5" daemon [_thread_in_native, id=4396, stack(0x000000005cd70000,0x000000005ce70000)]
  0x0000000055a0d000 JavaThread "C2 CompilerThread4" daemon [_thread_blocked, id=32800, stack(0x000000005cb70000,0x000000005cc70000)]
  0x000000005bf78000 JavaThread "C2 CompilerThread3" daemon [_thread_blocked, id=33344, stack(0x000000005ca70000,0x000000005cb70000)]
  0x000000005bf73000 JavaThread "C2 CompilerThread2" daemon [_thread_blocked, id=1920, stack(0x000000005c970000,0x000000005ca70000)]
  0x000000005bf70800 JavaThread "C2 CompilerThread1" daemon [_thread_blocked, id=5816, stack(0x000000005c870000,0x000000005c970000)]
  0x00000000559fe000 JavaThread "C2 CompilerThread0" daemon [_thread_blocked, id=2736, stack(0x000000005c770000,0x000000005c870000)]
  0x0000000055704000 JavaThread "JDWP Command Reader" daemon [_thread_in_native, id=21812, stack(0x000000005be70000,0x000000005bf70000)]
  0x0000000055703000 JavaThread "JDWP Event Helper Thread" daemon [_thread_blocked, id=20024, stack(0x000000005bd70000,0x000000005be70000)]
  0x0000000055702800 JavaThread "JDWP Transport Listener: dt_socket" daemon [_thread_blocked, id=27024, stack(0x000000005bc70000,0x000000005bd70000)]
  0x00000000556f7800 JavaThread "Attach Listener" daemon [_thread_blocked, id=19000, stack(0x000000005b830000,0x000000005b930000)]
  0x00000000556f7000 JavaThread "Signal Dispatcher" daemon [_thread_blocked, id=33940, stack(0x000000005b730000,0x000000005b830000)]
  0x00000000556d6800 JavaThread "Finalizer" daemon [_thread_blocked, id=24720, stack(0x0000000057920000,0x0000000057a20000)]
  0x0000000053c7e800 JavaThread "Reference Handler" daemon [_thread_blocked, id=21416, stack(0x0000000057820000,0x0000000057920000)]

Other Threads:
  0x0000000053c76800 VMThread [stack: 0x0000000057720000,0x0000000057820000] [id=16048]
  0x000000005c03f800 WatcherThread [stack: 0x000000005d570000,0x000000005d670000] [id=31948]

VM state:not at safepoint (normal execution)

VM Mutex/Monitor currently owned by a thread: None

Heap:
 PSYoungGen      total 8869376K, used 2449758K [0x0000000555580000, 0x00000007c0000000, 0x00000007c0000000)
  eden space 7602688K, 32% used [0x0000000555580000,0x00000005eadd7920,0x0000000725600000)
  from space 1266688K, 0% used [0x0000000772b00000,0x0000000772b00000,0x00000007c0000000)
  to   space 1266688K, 0% used [0x0000000725600000,0x0000000725600000,0x0000000772b00000)
 ParOldGen       total 20272640K, used 446301K [0x0000000080000000, 0x0000000555580000, 0x0000000555580000)
  object space 20272640K, 2% used [0x0000000080000000,0x000000009b3d75b8,0x0000000555580000)
 Metaspace       used 36250K, capacity 36674K, committed 37080K, reserved 1081344K
  class space    used 4195K, capacity 4298K, committed 4352K, reserved 1048576K

Card table byte_map: [0x0000000012280000,0x0000000015c90000] byte_map_base: 0x0000000011e80000

Marking Bits: (ParMarkBitMap*) 0x000000005725d850
 Begin Bits: [0x0000000019040000, 0x0000000036040000)
 End Bits:   [0x0000000036040000, 0x0000000053040000)

Polling page: 0x0000000001200000

CodeCache: size=245760Kb used=16405Kb max_used=16578Kb free=229354Kb
 bounds [0x0000000002ec0000, 0x0000000003f10000, 0x0000000011ec0000]
 total_blobs=4334 nmethods=3723 adapters=528
 compilation: enabled

Compilation events (10 events):
Event: 33.114 Thread 0x000000005bf70800 nmethod 4313 0x0000000003433b50 code [0x0000000003433cc0, 0x00000000034342b8]
Event: 33.129 Thread 0x00000000559fe000 nmethod 4308 0x0000000003435850 code [0x00000000034359c0, 0x0000000003436268]
Event: 33.131 Thread 0x000000005bfea000 4316       1       com.f1.utils.structs.LongKeyMap::access$2 (5 bytes)
Event: 33.131 Thread 0x000000005bfea000 nmethod 4316 0x0000000003700b50 code [0x0000000003700ca0, 0x0000000003700d90]
Event: 33.154 Thread 0x000000005bfe6000 4317       1       com.f1.container.impl.BasicProcessor::getStateType (5 bytes)
Event: 33.154 Thread 0x000000005bfe6000 nmethod 4317 0x0000000003700810 code [0x0000000003700960, 0x0000000003700a70]
Event: 33.155 Thread 0x000000005bfe9000 4318       1       com.f1.utils.converter.bytes.BasicFromByteArrayConverterSession::getStream (5 bytes)
Event: 33.155 Thread 0x000000005bfe9000 nmethod 4318 0x0000000003435590 code [0x00000000034356e0, 0x00000000034357f0]
Event: 33.157 Thread 0x000000005bfe8800 4319       3       java.util.concurrent.locks.AbstractQueuedSynchronizer::compareAndSetWaitStatus (13 bytes)
Event: 33.157 Thread 0x000000005bfe8800 nmethod 4319 0x0000000003435250 code [0x00000000034353a0, 0x00000000034354f0]

GC Heap History (8 events):
Event: 22.132 GC heap before
{Heap before GC invocations=1 (full 0):
 PSYoungGen      total 8869376K, used 2839133K [0x0000000555580000, 0x00000007c0000000, 0x00000007c0000000)
  eden space 7602688K, 37% used [0x0000000555580000,0x0000000602a17478,0x0000000725600000)
  from space 1266688K, 0% used [0x0000000772b00000,0x0000000772b00000,0x00000007c0000000)
  to   space 1266688K, 0% used [0x0000000725600000,0x0000000725600000,0x0000000772b00000)
 ParOldGen       total 20272640K, used 0K [0x0000000080000000, 0x0000000555580000, 0x0000000555580000)
  object space 20272640K, 0% used [0x0000000080000000,0x0000000080000000,0x0000000555580000)
 Metaspace       used 20786K, capacity 21158K, committed 21248K, reserved 1069056K
  class space    used 2433K, capacity 2560K, committed 2560K, reserved 1048576K
Event: 22.158 GC heap after
Heap after GC invocations=1 (full 0):
 PSYoungGen      total 8869376K, used 44774K [0x0000000555580000, 0x00000007c0000000, 0x00000007c0000000)
  eden space 7602688K, 0% used [0x0000000555580000,0x0000000555580000,0x0000000725600000)
  from space 1266688K, 3% used [0x0000000725600000,0x00000007281b9890,0x0000000772b00000)
  to   space 1266688K, 0% used [0x0000000772b00000,0x0000000772b00000,0x00000007c0000000)
 ParOldGen       total 20272640K, used 124K [0x0000000080000000, 0x0000000555580000, 0x0000000555580000)
  object space 20272640K, 0% used [0x0000000080000000,0x000000008001f040,0x0000000555580000)
 Metaspace       used 20786K, capacity 21158K, committed 21248K, reserved 1069056K
  class space    used 2433K, capacity 2560K, committed 2560K, reserved 1048576K
}
Event: 22.158 GC heap before
{Heap before GC invocations=2 (full 1):
 PSYoungGen      total 8869376K, used 44774K [0x0000000555580000, 0x00000007c0000000, 0x00000007c0000000)
  eden space 7602688K, 0% used [0x0000000555580000,0x0000000555580000,0x0000000725600000)
  from space 1266688K, 3% used [0x0000000725600000,0x00000007281b9890,0x0000000772b00000)
  to   space 1266688K, 0% used [0x0000000772b00000,0x0000000772b00000,0x00000007c0000000)
 ParOldGen       total 20272640K, used 124K [0x0000000080000000, 0x0000000555580000, 0x0000000555580000)
  object space 20272640K, 0% used [0x0000000080000000,0x000000008001f040,0x0000000555580000)
 Metaspace       used 20786K, capacity 21158K, committed 21248K, reserved 1069056K
  class space    used 2433K, capacity 2560K, committed 2560K, reserved 1048576K
Event: 22.321 GC heap after
Heap after GC invocations=2 (full 1):
 PSYoungGen      total 8869376K, used 0K [0x0000000555580000, 0x00000007c0000000, 0x00000007c0000000)
  eden space 7602688K, 0% used [0x0000000555580000,0x0000000555580000,0x0000000725600000)
  from space 1266688K, 0% used [0x0000000725600000,0x0000000725600000,0x0000000772b00000)
  to   space 1266688K, 0% used [0x0000000772b00000,0x0000000772b00000,0x00000007c0000000)
 ParOldGen       total 20272640K, used 44467K [0x0000000080000000, 0x0000000555580000, 0x0000000555580000)
  object space 20272640K, 0% used [0x0000000080000000,0x0000000082b6ce70,0x0000000555580000)
 Metaspace       used 20786K, capacity 21158K, committed 21248K, reserved 1069056K
  class space    used 2433K, capacity 2560K, committed 2560K, reserved 1048576K
}
Event: 29.864 GC heap before
{Heap before GC invocations=3 (full 1):
 PSYoungGen      total 8869376K, used 2566757K [0x0000000555580000, 0x00000007c0000000, 0x00000007c0000000)
  eden space 7602688K, 33% used [0x0000000555580000,0x00000005f20195f8,0x0000000725600000)
  from space 1266688K, 0% used [0x0000000725600000,0x0000000725600000,0x0000000772b00000)
  to   space 1266688K, 0% used [0x0000000772b00000,0x0000000772b00000,0x00000007c0000000)
 ParOldGen       total 20272640K, used 44467K [0x0000000080000000, 0x0000000555580000, 0x0000000555580000)
  object space 20272640K, 0% used [0x0000000080000000,0x0000000082b6ce70,0x0000000555580000)
 Metaspace       used 34741K, capacity 35138K, committed 35416K, reserved 1081344K
  class space    used 4053K, capacity 4170K, committed 4224K, reserved 1048576K
Event: 30.029 GC heap after
Heap after GC invocations=3 (full 1):
 PSYoungGen      total 8869376K, used 422392K [0x0000000555580000, 0x00000007c0000000, 0x00000007c0000000)
  eden space 7602688K, 0% used [0x0000000555580000,0x0000000555580000,0x0000000725600000)
  from space 1266688K, 33% used [0x0000000772b00000,0x000000078c77e370,0x00000007c0000000)
  to   space 1266688K, 0% used [0x0000000725600000,0x0000000725600000,0x0000000772b00000)
 ParOldGen       total 20272640K, used 44475K [0x0000000080000000, 0x0000000555580000, 0x0000000555580000)
  object space 20272640K, 0% used [0x0000000080000000,0x0000000082b6ee70,0x0000000555580000)
 Metaspace       used 34741K, capacity 35138K, committed 35416K, reserved 1081344K
  class space    used 4053K, capacity 4170K, committed 4224K, reserved 1048576K
}
Event: 30.029 GC heap before
{Heap before GC invocations=4 (full 2):
 PSYoungGen      total 8869376K, used 422392K [0x0000000555580000, 0x00000007c0000000, 0x00000007c0000000)
  eden space 7602688K, 0% used [0x0000000555580000,0x0000000555580000,0x0000000725600000)
  from space 1266688K, 33% used [0x0000000772b00000,0x000000078c77e370,0x00000007c0000000)
  to   space 1266688K, 0% used [0x0000000725600000,0x0000000725600000,0x0000000772b00000)
 ParOldGen       total 20272640K, used 44475K [0x0000000080000000, 0x0000000555580000, 0x0000000555580000)
  object space 20272640K, 0% used [0x0000000080000000,0x0000000082b6ee70,0x0000000555580000)
 Metaspace       used 34741K, capacity 35138K, committed 35416K, reserved 1081344K
  class space    used 4053K, capacity 4170K, committed 4224K, reserved 1048576K
Event: 30.172 GC heap after
Heap after GC invocations=4 (full 2):
 PSYoungGen      total 8869376K, used 0K [0x0000000555580000, 0x00000007c0000000, 0x00000007c0000000)
  eden space 7602688K, 0% used [0x0000000555580000,0x0000000555580000,0x0000000725600000)
  from space 1266688K, 0% used [0x0000000772b00000,0x0000000772b00000,0x00000007c0000000)
  to   space 1266688K, 0% used [0x0000000725600000,0x0000000725600000,0x0000000772b00000)
 ParOldGen       total 20272640K, used 446301K [0x0000000080000000, 0x0000000555580000, 0x0000000555580000)
  object space 20272640K, 2% used [0x0000000080000000,0x000000009b3d75b8,0x0000000555580000)
 Metaspace       used 34741K, capacity 35138K, committed 35416K, reserved 1081344K
  class space    used 4053K, capacity 4170K, committed 4224K, reserved 1048576K
}

Deoptimization events (10 events):
Event: 33.100 Thread 0x0000000002dc6000 Uncommon trap: reason=class_check action=maybe_recompile pc=0x0000000003d74360 method=com.f1.speedlogger.impl.BasicSpeedLoggerAppender.toString(Ljava/lang/Object;Lcom/f1/speedlogger/impl/AppendableBuffer;)V @ 1
Event: 33.100 Thread 0x0000000002dc6000 Uncommon trap: reason=class_check action=maybe_recompile pc=0x0000000003d74360 method=com.f1.speedlogger.impl.BasicSpeedLoggerAppender.toString(Ljava/lang/Object;Lcom/f1/speedlogger/impl/AppendableBuffer;)V @ 1
Event: 33.105 Thread 0x000000005c371000 Uncommon trap: reason=unhandled action=none pc=0x0000000003846760 method=java.net.URLClassLoader.findClass(Ljava/lang/String;)Ljava/lang/Class; @ 44
Event: 33.114 Thread 0x000000005c371000 Uncommon trap: reason=unhandled action=none pc=0x0000000003846760 method=java.net.URLClassLoader.findClass(Ljava/lang/String;)Ljava/lang/Class; @ 44
Event: 33.125 Thread 0x000000005c371000 Uncommon trap: reason=unhandled action=none pc=0x0000000003846760 method=java.net.URLClassLoader.findClass(Ljava/lang/String;)Ljava/lang/Class; @ 44
Event: 33.137 Thread 0x000000005c371000 Uncommon trap: reason=unhandled action=none pc=0x0000000003846760 method=java.net.URLClassLoader.findClass(Ljava/lang/String;)Ljava/lang/Class; @ 44
Event: 33.145 Thread 0x000000005c371000 Uncommon trap: reason=unhandled action=none pc=0x0000000003846760 method=java.net.URLClassLoader.findClass(Ljava/lang/String;)Ljava/lang/Class; @ 44
Event: 33.157 Thread 0x000000005e2c6000 Uncommon trap: reason=unhandled action=none pc=0x0000000003846760 method=java.net.URLClassLoader.findClass(Ljava/lang/String;)Ljava/lang/Class; @ 44
Event: 33.166 Thread 0x000000005c371000 Uncommon trap: reason=unhandled action=none pc=0x0000000003846760 method=java.net.URLClassLoader.findClass(Ljava/lang/String;)Ljava/lang/Class; @ 44
Event: 33.170 Thread 0x000000005e2c6000 Uncommon trap: reason=unhandled action=none pc=0x0000000003846760 method=java.net.URLClassLoader.findClass(Ljava/lang/String;)Ljava/lang/Class; @ 44

Internal exceptions (10 events):
Event: 26.327 Thread 0x0000000002dc6000 Exception <a 'java/lang/ArrayIndexOutOfBoundsException': 55> (0x00000005a780cf10) thrown at [C:\re\workspace\8-2-build-windows-amd64-cygwin\jdk8u144\9417\hotspot\src\share\vm\interpreter\interpreterRuntime.cpp, line 366]
Event: 26.327 Thread 0x0000000002dc6000 Exception <a 'java/lang/ArrayIndexOutOfBoundsException': 38> (0x00000005a780e208) thrown at [C:\re\workspace\8-2-build-windows-amd64-cygwin\jdk8u144\9417\hotspot\src\share\vm\interpreter\interpreterRuntime.cpp, line 366]
Event: 26.327 Thread 0x0000000002dc6000 Exception <a 'java/lang/ArrayIndexOutOfBoundsException': 67> (0x00000005a780f8a8) thrown at [C:\re\workspace\8-2-build-windows-amd64-cygwin\jdk8u144\9417\hotspot\src\share\vm\interpreter\interpreterRuntime.cpp, line 366]
Event: 26.332 Thread 0x0000000002dc6000 Exception <a 'java/lang/ArrayIndexOutOfBoundsException': 38> (0x00000005a783cdb8) thrown at [C:\re\workspace\8-2-build-windows-amd64-cygwin\jdk8u144\9417\hotspot\src\share\vm\interpreter\interpreterRuntime.cpp, line 366]
Event: 26.339 Thread 0x0000000002dc6000 Exception <a 'java/lang/ArrayIndexOutOfBoundsException': 49> (0x00000005a785cbc8) thrown at [C:\re\workspace\8-2-build-windows-amd64-cygwin\jdk8u144\9417\hotspot\src\share\vm\interpreter\interpreterRuntime.cpp, line 366]
Event: 28.457 Thread 0x0000000002dc6000 Implicit null exception at 0x0000000003a3c3da to 0x0000000003a3cdf9
Event: 32.322 Thread 0x0000000002dc6000 Exception <a 'java/net/ConnectException': Connection refused: connect> (0x000000055f11c8a8) thrown at [C:\re\workspace\8-2-build-windows-amd64-cygwin\jdk8u144\9417\hotspot\src\share\vm\prims\jni.cpp, line 735]
Event: 32.515 Thread 0x0000000002dc6000 Implicit null exception at 0x0000000003ecdbf2 to 0x0000000003ece551
Event: 32.516 Thread 0x0000000002dc6000 Implicit null exception at 0x0000000003e84b8a to 0x0000000003e85189
Event: 32.516 Thread 0x0000000002dc6000 Implicit null exception at 0x0000000003ea6e50 to 0x0000000003ea6fa5

Events (10 events):
Event: 33.169 Thread 0x000000005ffa2800 Thread added: 0x000000005ffa2800
Event: 33.169 Executing VM operation: RevokeBias
Event: 33.169 Executing VM operation: RevokeBias done
Event: 33.170 loading class com/f1/ami/center/AmiCenterAmiUtils
Event: 33.170 loading class com/f1/ami/center/AmiCenterAmiUtils done
Event: 33.170 Thread 0x000000005e2c6000 Uncommon trap: trap_request=0xffffffa7 fr.pc=0x0000000003846760
Event: 33.170 Thread 0x000000005e2c6000 DEOPT PACKING pc=0x0000000003846760 sp=0x0000000067d6dbc0
Event: 33.170 Thread 0x000000005e2c6000 DEOPT UNPACKING pc=0x0000000002f0582a sp=0x0000000067d6db58 mode 2
Event: 33.171 Thread 0x000000005e2c6000 DEOPT PACKING pc=0x000000000375f700 sp=0x0000000067d6dc00
Event: 33.171 Thread 0x000000005e2c6000 DEOPT UNPACKING pc=0x0000000002f0787f sp=0x0000000067d6d8f0 mode 1


Dynamic libraries:
0x00007ff6a1d40000 - 0x00007ff6a1d77000 	C:\Program Files\Java\jdk1.8.0_144\bin\javaw.exe
0x00007ff967ee0000 - 0x00007ff968140000 	C:\WINDOWS\SYSTEM32\ntdll.dll
0x00007ff9674b0000 - 0x00007ff967577000 	C:\WINDOWS\System32\KERNEL32.DLL
0x00007ff965620000 - 0x00007ff9659ea000 	C:\WINDOWS\System32\KERNELBASE.dll
0x00007ff966d60000 - 0x00007ff966e12000 	C:\WINDOWS\System32\ADVAPI32.dll
0x00007ff966ff0000 - 0x00007ff967099000 	C:\WINDOWS\System32\msvcrt.dll
0x00007ff967720000 - 0x00007ff9677c6000 	C:\WINDOWS\System32\sechost.dll
0x00007ff967880000 - 0x00007ff967996000 	C:\WINDOWS\System32\RPCRT4.dll
0x00007ff966e20000 - 0x00007ff966fec000 	C:\WINDOWS\System32\USER32.dll
0x00007ff9659f0000 - 0x00007ff965a17000 	C:\WINDOWS\System32\win32u.dll
0x00007ff966c80000 - 0x00007ff966caa000 	C:\WINDOWS\System32\GDI32.dll
0x00007ff9650c0000 - 0x00007ff9651f1000 	C:\WINDOWS\System32\gdi32full.dll
0x00007ff965200000 - 0x00007ff9652a3000 	C:\WINDOWS\System32\msvcp_win.dll
0x00007ff965430000 - 0x00007ff96557b000 	C:\WINDOWS\System32\ucrtbase.dll
0x00007ff964520000 - 0x00007ff9647b7000 	C:\WINDOWS\WinSxS\amd64_microsoft.windows.common-controls_6595b64144ccf1df_6.0.26100.3624_none_3e086962e3345f24\COMCTL32.dll
0x00007ff966180000 - 0x00007ff9661af000 	C:\WINDOWS\System32\IMM32.DLL
0x0000000057a60000 - 0x0000000057b32000 	C:\Program Files\Java\jdk1.8.0_144\jre\bin\msvcr100.dll
0x0000000056a40000 - 0x00000000572dd000 	C:\Program Files\Java\jdk1.8.0_144\jre\bin\server\jvm.dll
0x00007ff966170000 - 0x00007ff966178000 	C:\WINDOWS\System32\PSAPI.DLL
0x00007ff95c860000 - 0x00007ff95c896000 	C:\WINDOWS\SYSTEM32\WINMM.dll
0x00007ff95d1a0000 - 0x00007ff95d1ab000 	C:\WINDOWS\SYSTEM32\VERSION.dll
0x00007ff92ede0000 - 0x00007ff92edea000 	C:\WINDOWS\SYSTEM32\WSOCK32.dll
0x00007ff9670b0000 - 0x00007ff967124000 	C:\WINDOWS\System32\WS2_32.dll
0x0000000057c10000 - 0x0000000057c1f000 	C:\Program Files\Java\jdk1.8.0_144\jre\bin\verify.dll
0x0000000057be0000 - 0x0000000057c09000 	C:\Program Files\Java\jdk1.8.0_144\jre\bin\java.dll
0x0000000056a00000 - 0x0000000056a35000 	C:\Program Files\Java\jdk1.8.0_144\jre\bin\jdwp.dll
0x0000000057a50000 - 0x0000000057a58000 	C:\Program Files\Java\jdk1.8.0_144\jre\bin\npt.dll
0x00000000569d0000 - 0x00000000569f3000 	C:\Program Files\Java\jdk1.8.0_144\jre\bin\instrument.dll
0x0000000057bc0000 - 0x0000000057bd6000 	C:\Program Files\Java\jdk1.8.0_144\jre\bin\zip.dll
0x00007ff966550000 - 0x00007ff966c79000 	C:\WINDOWS\System32\SHELL32.dll
0x00007ff965ab0000 - 0x00007ff965c18000 	C:\WINDOWS\System32\wintypes.dll
0x00007ff9679b0000 - 0x00007ff967d32000 	C:\WINDOWS\System32\combase.dll
0x00007ff961f90000 - 0x00007ff9627e2000 	C:\WINDOWS\SYSTEM32\windows.storage.dll
0x00007ff9675e0000 - 0x00007ff9676cd000 	C:\WINDOWS\System32\SHCORE.dll
0x00007ff9677d0000 - 0x00007ff967834000 	C:\WINDOWS\System32\shlwapi.dll
0x00007ff964fd0000 - 0x00007ff964fff000 	C:\WINDOWS\SYSTEM32\profapi.dll
0x0000000057a40000 - 0x0000000057a49000 	C:\Program Files\Java\jdk1.8.0_144\jre\bin\dt_socket.dll
0x00007ff95c6a0000 - 0x00007ff95c6b8000 	C:\WINDOWS\system32\napinsp.dll
0x00007ff965580000 - 0x00007ff965619000 	C:\WINDOWS\System32\bcryptPrimitives.dll
0x00007ff963a20000 - 0x00007ff963a8a000 	C:\WINDOWS\System32\mswsock.dll
0x00007ff962e00000 - 0x00007ff962f25000 	C:\WINDOWS\SYSTEM32\DNSAPI.dll
0x00007ff962d30000 - 0x00007ff962d63000 	C:\WINDOWS\SYSTEM32\IPHLPAPI.DLL
0x00007ff9670a0000 - 0x00007ff9670aa000 	C:\WINDOWS\System32\NSI.dll
0x00007ff95c640000 - 0x00007ff95c652000 	C:\WINDOWS\System32\winrnr.dll
0x00007ff95c600000 - 0x00007ff95c630000 	C:\WINDOWS\system32\nlansp_c.dll
0x00007ff95c5e0000 - 0x00007ff95c5f6000 	C:\WINDOWS\system32\wshbth.dll
0x00007ff95e1e0000 - 0x00007ff95e265000 	C:\WINDOWS\System32\fwpuclnt.dll
0x00007ff95c6c0000 - 0x00007ff95c6cb000 	C:\Windows\System32\rasadhlp.dll
0x0000000057ba0000 - 0x0000000057bba000 	C:\Program Files\Java\jdk1.8.0_144\jre\bin\net.dll
0x00000000569c0000 - 0x00000000569cd000 	C:\Program Files\Java\jdk1.8.0_144\jre\bin\management.dll
0x0000000057b50000 - 0x0000000057b74000 	C:\Program Files\Java\jdk1.8.0_144\jre\bin\sunec.dll
0x00007ff95d580000 - 0x00007ff95d59f000 	C:\WINDOWS\SYSTEM32\dhcpcsvc6.DLL
0x00007ff95d550000 - 0x00007ff95d575000 	C:\WINDOWS\SYSTEM32\dhcpcsvc.DLL
0x0000000057b80000 - 0x0000000057b91000 	C:\Program Files\Java\jdk1.8.0_144\jre\bin\nio.dll
0x00007ff964cd0000 - 0x00007ff964cec000 	C:\WINDOWS\SYSTEM32\CRYPTSP.dll
0x00007ff964130000 - 0x00007ff96416a000 	C:\WINDOWS\system32\rsaenh.dll
0x00007ff963a90000 - 0x00007ff963abb000 	C:\WINDOWS\SYSTEM32\USERENV.dll
0x00007ff964fa0000 - 0x00007ff964fc6000 	C:\WINDOWS\SYSTEM32\bcrypt.dll
0x00007ff964120000 - 0x00007ff96412c000 	C:\WINDOWS\SYSTEM32\CRYPTBASE.dll
0x0000000065e60000 - 0x0000000065ff8000 	C:\Program Files\Java\jdk1.8.0_144\jre\bin\awt.dll
0x00007ff967d40000 - 0x00007ff967e16000 	C:\WINDOWS\System32\OLEAUT32.dll
0x00007ff960cd0000 - 0x00007ff960d6c000 	C:\WINDOWS\SYSTEM32\apphelp.dll
0x00007ff961640000 - 0x00007ff961676000 	C:\WINDOWS\system32\DWMAPI.DLL
0x00007ff960ea0000 - 0x00007ff960f4e000 	C:\WINDOWS\system32\uxtheme.dll
0x00007ff964960000 - 0x00007ff964ba1000 	C:\WINDOWS\SYSTEM32\dbghelp.dll

VM Arguments:
jvm_args: -agentlib:jdwp=transport=dt_socket,suspend=y,address=localhost:60718 -Djava.util.logging.manager=com.f1.speedlogger.sun.SunSpeedLoggerLogManager -Df1.license.mode=dev -Dproperty.f1.autocoded.disabled=false -Dproperty.f1.logging.mode=info -Xms29g -javaagent:C:\Users\XPS17-6\Desktop\Setup\eclipse-jee-2019-12-R-win32-x86_64\eclipse\configuration\org.eclipse.osgi\411\0\.cp\lib\javaagent-shaded.jar -Dfile.encoding=UTF-8 
java_command: com.f1.ami.one.AmiOneMain
java_class_path (initial): C:\Users\XPS17-6\Perforce\Yuan_branch\makers\yuan3\java\ami\amione\target\classes;C:\Users\XPS17-6\Perforce\Yuan_branch\makers\yuan3\java\ami\amicenterfull\target\classes;C:\Users\XPS17-6\Perforce\Yuan_branch\makers\yuan3\java\ami\amicenter\target\classes;C:\Users\XPS17-6\Perforce\Yuan_branch\makers\yuan3\java\ami\amiclient\target\classes;C:\Users\XPS17-6\Perforce\Yuan_branch\makers\yuan3\java\ami\amimysql\target\classes;C:\Users\XPS17-6\.m2\repository\mysql\mysql-connector-java\5.1.39\mysql-connector-java-5.1.39.jar;C:\Users\XPS17-6\Perforce\Yuan_branch\makers\yuan3\java\ami\amipostgresql\target\classes;C:\Users\XPS17-6\.m2\repository\org\postgresql\postgresql\42.5.1\postgresql-42.5.1.jar;C:\Users\XPS17-6\.m2\repository\org\checkerframework\checker-qual\3.5.0\checker-qual-3.5.0.jar;C:\Users\XPS17-6\Perforce\Yuan_branch\makers\yuan3\java\ami\amioracle\target\classes;C:\Users\XPS17-6\.m2\repository\com\oracle\database\jdbc\ojdbc8\18.3.0.0\ojdbc8-18.3.0.0.jar;C:\Users\XPS17-6\.m2\repository\com\oracle\database\jdbc\ucp\18.3.0.0\ucp-18.3.0.0.jar;C:\Users\XPS17-6\.m2\repository\com\oracle\database\security\oraclepki\18.3.0.0\oraclepki-18.3.0.0.jar;C:\Users\XPS17-6\.m2\repository\com\oracle\database\security\osdt_cert\18.3.0.0\osdt_cert-18.3.0.0.jar;C:\Users\XPS17-6\.m2\repository\com\oracle\database\security\osdt_core\18.3.0.0\osdt_core-18.3.0.0.jar;C:\Users\XPS17-6\.m2\repository\com\oracle\database\ha\simplefan\18.3.0.0\simplefan-18.3.0.0.jar;C:\Users\XPS17-6\.m2\repository\com\oracle\database\ha\ons\18.3.0.0\ons-18.3.0.0.jar;C:\Users\XPS17-6\Perforce\Yuan_branch\makers\yuan3\java\ami\amiexcel\target\classes;C:\Users\XPS17-6\.m2\repository\org\apache\poi\poi\5.2.3\poi-5.2.3.jar;C:\Users\XPS17-6\.m2\repository\commons-codec\commons-codec\1.15\commons-codec-1.15.jar;C:\Users\XPS17-6\.m2\repository\org\apache\commons\commons-collections4\4.4\commons-collections4-4.4.jar;C:\Users\XPS17-6\.m2\repository\org\apache\commons\commons-math3\3.6.1\co
Launcher Type: SUN_STANDARD

Environment Variables:
JAVA_HOME=C:\Program Files\Java\jdk1.8.0_144
CLASSPATH=C:\Program Files\Java\jdk1.8.0_144\lib;C:\Program Files\Java\jdk1.8.0_144\jre\lib
PATH=C:\Program Files\Java\jdk1.8.0_144\jre\bin;C:/Program Files/Java/jdk1.8.0_144/bin/../jre/bin/server;C:/Program Files/Java/jdk1.8.0_144/bin/../jre/bin;C:/Program Files/Java/jdk1.8.0_144/bin/../jre/lib/amd64;C:\Windows\system32;C:\Windows;C:\Windows\System32\Wbem;C:\Windows\System32\WindowsPowerShell\v1.0\;C:\Windows\System32\OpenSSH\;C:\Program Files (x86)\NVIDIA Corporation\PhysX\Common;C:\Program Files (x86)\PuTTY\;C:\Program Files (x86)\apache-maven-3.8.4\bin;C:\Program Files\Java\jdk1.8.0_144\bin;C:\Program Files\Git\cmd;C:\Program Files\dotnet\;C:\WINDOWS\system32;C:\WINDOWS;C:\WINDOWS\System32\Wbem;C:\WINDOWS\System32\WindowsPowerShell\v1.0\;C:\WINDOWS\System32\OpenSSH\;C:\sqlite;C:\Program Files (x86)\Microsoft SQL Server\160\Tools\Binn\;C:\Program Files\Microsoft SQL Server\160\Tools\Binn\;C:\Program Files\Microsoft SQL Server\Client SDK\ODBC\170\Tools\Binn\;C:\Program Files\Microsoft SQL Server\160\DTS\Binn\;C:\Program Files\Java\jre1.8.0_144;C:\q\w64;;C:\Program Files\Docker\Docker\resources\bin;C:\Program Files\Perforce\;C:\Users\XPS17-6\AppData\Roaming\.dotnet;C:\Users\XPS17-6\AppData\Local\Microsoft\WindowsApps;C:\Users\XPS17-6\AppData\Local\Programs\Microsoft VS Code\bin;C:\q\w64;C:\Users\XPS17-6\.dotnet\tools;;C:\Users\XPS17-6\Desktop\Setup\eclipse-jee-2019-12-R-win32-x86_64\eclipse;
USERNAME=YuanYao
OS=Windows_NT
PROCESSOR_IDENTIFIER=Intel64 Family 6 Model 165 Stepping 2, GenuineIntel



---------------  S Y S T E M  ---------------

OS: Windows 10.0 , 64 bit Build 26100 (10.0.26100.3775)

CPU:total 16 (initial active 16) (8 cores per cpu, 2 threads per core) family 6 model 165 stepping 2, cmov, cx8, fxsr, mmx, sse, sse2, sse3, ssse3, sse4.1, sse4.2, popcnt, avx, avx2, aes, clmul, erms, 3dnowpref, lzcnt, ht, tsc, tscinvbit, bmi1, bmi2, adx

Memory: 4k page, physical 33292996k(16186580k free), swap 64750276k(15905028k free)

vm_info: Java HotSpot(TM) 64-Bit Server VM (25.144-b01) for windows-amd64 JRE (1.8.0_144-b01), built on Jul 21 2017 21:57:33 by "java_re" with MS VC++ 10.0 (VS2010)

time: Fri May 09 14:06:50 2025
elapsed time: 33 seconds (0d 0h 0m 33s)

