#
# A fatal error has been detected by the Java Runtime Environment:
#
#  EXCEPTION_ACCESS_VIOLATION (0xc0000005) at pc=0x000000007789add8, pid=33764, tid=0x0000000000003364
#
# JRE version: Java(TM) SE Runtime Environment (8.0_144-b01) (build 1.8.0_144-b01)
# Java VM: Java HotSpot(TM) 64-Bit Server VM (25.144-b01 mixed mode windows-amd64 compressed oops)
# Problematic frame:
# V  [jvm.dll+0x13add8]
#
# Failed to write core dump. Minidumps are not enabled by default on client versions of Windows
#
# If you would like to submit a bug report, please visit:
#   http://bugreport.java.com/bugreport/crash.jsp
#

---------------  T H R E A D  ---------------

Current thread (0x0000000003051000):  GCTaskThread [stack: 0x00000000188b0000,0x00000000189b0000] [id=13156]

siginfo: ExceptionCode=0xc0000005, reading address 0xffffffffffffffff

Registers:
RAX=0x00000007c0000000, RBX=0x000000000000004e, RCX=0x0000000000000000, RDX=0x0000000000000020
RSP=0x00000000189af2e0, RBP=0x000000001d8255c0, RSI=0x0000000778833da4, RDI=0x0000000000000100
R8 =0x007fffffffc00000, R9 =0x0000000000f49400, R10=0x000000000000000c, R11=0x0000000000f49400
R12=0x0000000778834518, R13=0x0000000000f49600, R14=0x0000000774b0ed08, R15=0x0000000001000000
RIP=0x000000007789add8, EFLAGS=0x0000000000010202

Top of Stack: (sp=0x00000000189af2e0)
0x00000000189af2e0:   000000001d825bc0 000000007787507a
0x00000000189af2f0:   00000007fa01c2e8 0000000077b57559
0x00000000189af300:   0000000774b0ed08 000000007797d992
0x00000000189af310:   0000000000000000 0000000003051220
0x00000000189af320:   000000000304f3f0 0000000000f49400
0x00000000189af330:   000000000000004e 0000000077b5834a
0x00000000189af340:   000000001d8255c0 0000000774b0ed08
0x00000000189af350:   0000000077db4528 00005d1e0000004e
0x00000000189af360:   0000014a00000143 0000014b00000143
0x00000000189af370:   0000000077f7d850 0000000774b0ed08
0x00000000189af380:   0000000000f49400 00000136000082fe
0x00000000189af390:   000000077335efe4 00000000778751f6
0x00000000189af3a0:   0000000773ff7f98 000000000304f3f0
0x00000000189af3b0:   0000000003051230 0000000003051220
0x00000000189af3c0:   0000000077db4528 0000000000000003
0x00000000189af3d0:   000000002451a3d0 0000000000000000 

Instructions: (pc=0x000000007789add8)
0x000000007789adb8:   05 93 2a 6e 00 49 c1 e8 03 49 d3 e8 41 0f b6 c0
0x000000007789adc8:   49 c1 e8 06 24 3f 0f b6 d0 48 8b 05 a8 2a 6e 00
0x000000007789add8:   4a 8b 0c c0 48 0f a3 d1 72 3e 48 8b cf e8 86 0a
0x000000007789ade8:   fd ff 84 c0 74 32 48 8b d7 48 8b cd e8 b7 d8 fc 


Register to memory mapping:

RAX=0x00000007c0000000 is an unknown value
RBX=0x000000000000004e is an unknown value
RCX=0x0000000000000000 is an unknown value
RDX=0x0000000000000020 is an unknown value
RSP=0x00000000189af2e0 is an unknown value
RBP=0x000000001d8255c0 is an unknown value
RSI=0x0000000778833da4 is an unknown value
RDI=0x0000000000000100 is an unknown value
R8 =0x007fffffffc00000 is an unknown value
R9 =0x0000000000f49400 is an unknown value
R10=0x000000000000000c is an unknown value
R11=0x0000000000f49400 is an unknown value
R12=0x0000000778834518 is an unknown value
R13=0x0000000000f49600 is an unknown value
R14=0x0000000774b0ed08 is an oop
[Ljava.lang.Object; 
 - klass: 'java/lang/Object'[]
 - length: 16777216
R15=0x0000000001000000 is an unknown value


Stack: [0x00000000188b0000,0x00000000189b0000],  sp=0x00000000189af2e0,  free space=1020k
Native frames: (J=compiled Java code, j=interpreted, Vv=VM code, C=native code)
V  [jvm.dll+0x13add8]
V  [jvm.dll+0x3f834a]
V  [jvm.dll+0x3f5adf]
V  [jvm.dll+0x3f2fde]
V  [jvm.dll+0x29ca6a]
C  [msvcr100.dll+0x21d9f]
C  [msvcr100.dll+0x21e3b]
C  [KERNEL32.DLL+0x2e8d7]
C  [ntdll.dll+0x3c34c]


---------------  P R O C E S S  ---------------

Java Threads: ( => current thread )
  0x00000000219cd000 JavaThread "AmiCenterResourcesWatcher" daemon [_thread_blocked, id=20620, stack(0x000000002b2a0000,0x000000002b3a0000)]
  0x00000000216ac800 JavaThread "MsgDirectConnection1" [_thread_blocked, id=19532, stack(0x000000002afa0000,0x000000002b0a0000)]
  0x00000000216ae000 JavaThread "F1POOL-01" [_thread_blocked, id=26908, stack(0x000000002aea0000,0x000000002afa0000)]
  0x00000000216ad000 JavaThread "Abandoned connection cleanup thread" daemon [_thread_blocked, id=29216, stack(0x000000002ada0000,0x000000002aea0000)]
  0x00000000216a8800 JavaThread "F1POOL-00" [_thread_blocked, id=28848, stack(0x000000002aca0000,0x000000002ada0000)]
  0x00000000216ab800 JavaThread "MSGDIRECT_RECN-001" daemon [_thread_in_native, id=29368, stack(0x000000002aba0000,0x000000002aca0000)]
  0x00000000216aa000 JavaThread "Session Reaper" [_thread_blocked, id=22768, stack(0x000000002aaa0000,0x000000002aba0000)]
  0x0000000027b09800 JavaThread "HttpServerSocket-13332" [_thread_in_native, id=16824, stack(0x000000002a9a0000,0x000000002aaa0000)]
  0x000000002798b800 JavaThread "Java2D Disposer" daemon [_thread_blocked, id=25752, stack(0x000000002a890000,0x000000002a990000)]
  0x0000000022dbd800 JavaThread "AMiWebStats" daemon [_thread_blocked, id=31532, stack(0x000000002a430000,0x000000002a530000)]
  0x00000000239e8800 JavaThread "AmiProcessStatsLogger" [_thread_blocked, id=23036, stack(0x0000000028950000,0x0000000028a50000)]
  0x0000000023c13000 JavaThread "TerminateFileThread" daemon [_thread_blocked, id=20288, stack(0x0000000028850000,0x0000000028950000)]
  0x00000000239e7800 JavaThread "consoleServer1" daemon [_thread_in_native, id=20928, stack(0x0000000028750000,0x0000000028850000)]
  0x000000002452f000 JavaThread "AutoFlushWritercom.f1.speedlogger.impl.AutoFlushWriter@6a28ffa4" daemon [_thread_blocked, id=4624, stack(0x0000000028450000,0x0000000028550000)]
  0x00000000253b3800 JavaThread "AutoFlushWritercom.f1.speedlogger.impl.AutoFlushWriter@63355449" daemon [_thread_blocked, id=27584, stack(0x0000000026360000,0x0000000026460000)]
  0x0000000025930800 JavaThread "AutoFlushWritercom.f1.speedlogger.impl.AutoFlushWriter@9225652" daemon [_thread_blocked, id=3704, stack(0x0000000026050000,0x0000000026150000)]
  0x0000000025893800 JavaThread "Thread" daemon [_thread_blocked, id=908, stack(0x0000000024ee0000,0x0000000024fe0000)]
  0x000000001f69f800 JavaThread "Service Thread" daemon [_thread_blocked, id=3364, stack(0x0000000022b40000,0x0000000022c40000)]
  0x00000000216ab000 JavaThread "C1 CompilerThread11" daemon [_thread_blocked, id=33276, stack(0x0000000022a40000,0x0000000022b40000)]
  0x00000000216a8000 JavaThread "C1 CompilerThread10" daemon [_thread_blocked, id=5460, stack(0x0000000022940000,0x0000000022a40000)]
  0x00000000216a7000 JavaThread "C1 CompilerThread9" daemon [_thread_blocked, id=26768, stack(0x0000000022840000,0x0000000022940000)]
  0x00000000216a9800 JavaThread "C1 CompilerThread8" daemon [_thread_blocked, id=30692, stack(0x0000000022740000,0x0000000022840000)]
  0x000000002164f800 JavaThread "C2 CompilerThread7" daemon [_thread_blocked, id=21216, stack(0x0000000022640000,0x0000000022740000)]
  0x000000002164f000 JavaThread "C2 CompilerThread6" daemon [_thread_blocked, id=33856, stack(0x0000000022540000,0x0000000022640000)]
  0x000000001f6ae800 JavaThread "C2 CompilerThread5" daemon [_thread_blocked, id=12908, stack(0x0000000022340000,0x0000000022440000)]
  0x000000001f6ad800 JavaThread "C2 CompilerThread4" daemon [_thread_blocked, id=12588, stack(0x0000000022240000,0x0000000022340000)]
  0x0000000021647000 JavaThread "C2 CompilerThread3" daemon [_thread_blocked, id=20936, stack(0x0000000022140000,0x0000000022240000)]
  0x0000000021642800 JavaThread "C2 CompilerThread2" daemon [_thread_blocked, id=23888, stack(0x0000000022040000,0x0000000022140000)]
  0x000000001f6a5000 JavaThread "C2 CompilerThread1" daemon [_thread_blocked, id=17880, stack(0x0000000021f40000,0x0000000022040000)]
  0x0000000021652800 JavaThread "C2 CompilerThread0" daemon [_thread_blocked, id=17176, stack(0x0000000021e40000,0x0000000021f40000)]
  0x000000001f3ab800 JavaThread "JDWP Command Reader" daemon [_thread_in_native, id=25732, stack(0x0000000021540000,0x0000000021640000)]
  0x000000001f3a0800 JavaThread "JDWP Event Helper Thread" daemon [_thread_blocked, id=29312, stack(0x0000000021440000,0x0000000021540000)]
  0x000000001f38e000 JavaThread "JDWP Transport Listener: dt_socket" daemon [_thread_blocked, id=25388, stack(0x0000000021340000,0x0000000021440000)]
  0x000000001f398000 JavaThread "Attach Listener" daemon [_thread_blocked, id=33544, stack(0x0000000020f00000,0x0000000021000000)]
  0x000000001f395800 JavaThread "Signal Dispatcher" daemon [_thread_blocked, id=9856, stack(0x0000000020e00000,0x0000000020f00000)]
  0x000000001f376800 JavaThread "Finalizer" daemon [_thread_blocked, id=17924, stack(0x0000000020bf0000,0x0000000020cf0000)]
  0x000000001d8ec800 JavaThread "Reference Handler" daemon [_thread_blocked, id=15636, stack(0x0000000020af0000,0x0000000020bf0000)]
  0x0000000002e0d000 JavaThread "main" [_thread_blocked, id=28020, stack(0x0000000002cd0000,0x0000000002dd0000)]

Other Threads:
  0x000000001d8e6000 VMThread [stack: 0x00000000209f0000,0x0000000020af0000] [id=32104]
  0x00000000217a0000 WatcherThread [stack: 0x0000000022c40000,0x0000000022d40000] [id=12484]

=>0x0000000003051000 (exited) GCTaskThread [stack: 0x00000000188b0000,0x00000000189b0000] [id=13156]

VM state:at safepoint (normal execution)

VM Mutex/Monitor currently owned by a thread:  ([mutex/lock_event])
[0x00000000030332e0] Threads_lock - owner thread: 0x000000001d8e6000
[0x0000000003033860] Heap_lock - owner thread: 0x00000000216a9800
[0x0000000003033d70] MethodData_lock - owner thread: 0x00000000216a9800

Heap:
 PSYoungGen      total 8869376K, used 427855K [0x0000000555580000, 0x00000007c0000000, 0x00000007c0000000)
  eden space 7602688K, 0% used [0x0000000555580000,0x0000000555580000,0x0000000725600000)
  from space 1266688K, 33% used [0x0000000772b00000,0x000000078ccd3e90,0x00000007c0000000)
  to   space 1266688K, 0% used [0x0000000725600000,0x0000000725600000,0x0000000772b00000)
 ParOldGen       total 20272640K, used 44482K [0x0000000080000000, 0x0000000555580000, 0x0000000555580000)
  object space 20272640K, 0% used [0x0000000080000000,0x0000000082b70908,0x0000000555580000)
 Metaspace       used 34723K, capacity 35138K, committed 35416K, reserved 1081344K
  class space    used 4058K, capacity 4170K, committed 4224K, reserved 1048576K

Card table byte_map: [0x00000000124f0000,0x0000000015f00000] byte_map_base: 0x00000000120f0000

Marking Bits: (ParMarkBitMap*) 0x0000000077f7d850
 Begin Bits: [0x00000007c0000000, 0x00000007dd000000)
 End Bits:   [0x00000007dd000000, 0x00000007fa000000)

Polling page: 0x00000000013d0000

CodeCache: size=245760Kb used=14763Kb max_used=14763Kb free=230996Kb
 bounds [0x0000000003130000, 0x0000000003fb0000, 0x0000000012130000]
 total_blobs=3722 nmethods=3128 adapters=511
 compilation: enabled

Compilation events (10 events):
Event: 19.006 Thread 0x00000000216a8000 nmethod 3566 0x0000000003fa46d0 code [0x0000000003fa4820, 0x0000000003fa4990]
Event: 19.006 Thread 0x00000000216a8000 3569       3       com.f1.ami.center.AmiCenterAmiUtilsForTable$AmiTableSetterGetterString::setString (7 bytes)
Event: 19.006 Thread 0x00000000216ab000 nmethod 3567 0x0000000003fa69d0 code [0x0000000003fa6b40, 0x0000000003fa6d88]
Event: 19.006 Thread 0x00000000216ab000 3570       1       com.f1.utils.IntArrayList::size (5 bytes)
Event: 19.006 Thread 0x00000000216ab000 nmethod 3570 0x0000000003fa6e50 code [0x0000000003fa6fa0, 0x0000000003fa70b0]
Event: 19.006 Thread 0x00000000216ab000 3571       1       com.f1.utils.structs.table.columnar.ColumnarTable::getRows (5 bytes)
Event: 19.007 Thread 0x00000000216ab000 nmethod 3571 0x0000000003fa7110 code [0x0000000003fa7260, 0x0000000003fa7370]
Event: 19.007 Thread 0x00000000216ab000 3572       1       com.f1.ami.center.table.AmiPreparedRowImpl::getAmiTable (5 bytes)
Event: 19.007 Thread 0x000000001f6ad800 3575       4       com.f1.utils.FastBufferedInputStream::readUByte (9 bytes)
Event: 19.007 Thread 0x00000000216a8000 nmethod 3569 0x0000000003fa73d0 code [0x0000000003fa7540, 0x0000000003fa7788]

GC Heap History (7 events):
Event: 13.082 GC heap before
{Heap before GC invocations=1 (full 0):
 PSYoungGen      total 8869376K, used 2839131K [0x0000000555580000, 0x00000007c0000000, 0x00000007c0000000)
  eden space 7602688K, 37% used [0x0000000555580000,0x0000000602a16f18,0x0000000725600000)
  from space 1266688K, 0% used [0x0000000772b00000,0x0000000772b00000,0x00000007c0000000)
  to   space 1266688K, 0% used [0x0000000725600000,0x0000000725600000,0x0000000772b00000)
 ParOldGen       total 20272640K, used 0K [0x0000000080000000, 0x0000000555580000, 0x0000000555580000)
  object space 20272640K, 0% used [0x0000000080000000,0x0000000080000000,0x0000000555580000)
 Metaspace       used 20771K, capacity 21158K, committed 21248K, reserved 1069056K
  class space    used 2429K, capacity 2560K, committed 2560K, reserved 1048576K
Event: 13.103 GC heap after
Heap after GC invocations=1 (full 0):
 PSYoungGen      total 8869376K, used 44473K [0x0000000555580000, 0x00000007c0000000, 0x00000007c0000000)
  eden space 7602688K, 0% used [0x0000000555580000,0x0000000555580000,0x0000000725600000)
  from space 1266688K, 3% used [0x0000000725600000,0x000000072816e628,0x0000000772b00000)
  to   space 1266688K, 0% used [0x0000000772b00000,0x0000000772b00000,0x00000007c0000000)
 ParOldGen       total 20272640K, used 380K [0x0000000080000000, 0x0000000555580000, 0x0000000555580000)
  object space 20272640K, 0% used [0x0000000080000000,0x000000008005f050,0x0000000555580000)
 Metaspace       used 20771K, capacity 21158K, committed 21248K, reserved 1069056K
  class space    used 2429K, capacity 2560K, committed 2560K, reserved 1048576K
}
Event: 13.104 GC heap before
{Heap before GC invocations=2 (full 1):
 PSYoungGen      total 8869376K, used 44473K [0x0000000555580000, 0x00000007c0000000, 0x00000007c0000000)
  eden space 7602688K, 0% used [0x0000000555580000,0x0000000555580000,0x0000000725600000)
  from space 1266688K, 3% used [0x0000000725600000,0x000000072816e628,0x0000000772b00000)
  to   space 1266688K, 0% used [0x0000000772b00000,0x0000000772b00000,0x00000007c0000000)
 ParOldGen       total 20272640K, used 380K [0x0000000080000000, 0x0000000555580000, 0x0000000555580000)
  object space 20272640K, 0% used [0x0000000080000000,0x000000008005f050,0x0000000555580000)
 Metaspace       used 20771K, capacity 21158K, committed 21248K, reserved 1069056K
  class space    used 2429K, capacity 2560K, committed 2560K, reserved 1048576K
Event: 13.217 GC heap after
Heap after GC invocations=2 (full 1):
 PSYoungGen      total 8869376K, used 0K [0x0000000555580000, 0x00000007c0000000, 0x00000007c0000000)
  eden space 7602688K, 0% used [0x0000000555580000,0x0000000555580000,0x0000000725600000)
  from space 1266688K, 0% used [0x0000000725600000,0x0000000725600000,0x0000000772b00000)
  to   space 1266688K, 0% used [0x0000000772b00000,0x0000000772b00000,0x00000007c0000000)
 ParOldGen       total 20272640K, used 44474K [0x0000000080000000, 0x0000000555580000, 0x0000000555580000)
  object space 20272640K, 0% used [0x0000000080000000,0x0000000082b6e908,0x0000000555580000)
 Metaspace       used 20771K, capacity 21158K, committed 21248K, reserved 1069056K
  class space    used 2429K, capacity 2560K, committed 2560K, reserved 1048576K
}
Event: 19.007 GC heap before
{Heap before GC invocations=3 (full 1):
 PSYoungGen      total 8869376K, used 2576524K [0x0000000555580000, 0x00000007c0000000, 0x00000007c0000000)
  eden space 7602688K, 33% used [0x0000000555580000,0x00000005f29a33b0,0x0000000725600000)
  from space 1266688K, 0% used [0x0000000725600000,0x0000000725600000,0x0000000772b00000)
  to   space 1266688K, 0% used [0x0000000772b00000,0x0000000772b00000,0x00000007c0000000)
 ParOldGen       total 20272640K, used 44474K [0x0000000080000000, 0x0000000555580000, 0x0000000555580000)
  object space 20272640K, 0% used [0x0000000080000000,0x0000000082b6e908,0x0000000555580000)
 Metaspace       used 34723K, capacity 35138K, committed 35416K, reserved 1081344K
  class space    used 4058K, capacity 4170K, committed 4224K, reserved 1048576K
Event: 19.168 GC heap after
Heap after GC invocations=3 (full 1):
 PSYoungGen      total 8869376K, used 427855K [0x0000000555580000, 0x00000007c0000000, 0x00000007c0000000)
  eden space 7602688K, 0% used [0x0000000555580000,0x0000000555580000,0x0000000725600000)
  from space 1266688K, 33% used [0x0000000772b00000,0x000000078ccd3e90,0x00000007c0000000)
  to   space 1266688K, 0% used [0x0000000725600000,0x0000000725600000,0x0000000772b00000)
 ParOldGen       total 20272640K, used 44482K [0x0000000080000000, 0x0000000555580000, 0x0000000555580000)
  object space 20272640K, 0% used [0x0000000080000000,0x0000000082b70908,0x0000000555580000)
 Metaspace       used 34723K, capacity 35138K, committed 35416K, reserved 1081344K
  class space    used 4058K, capacity 4170K, committed 4224K, reserved 1048576K
}
Event: 19.168 GC heap before
{Heap before GC invocations=4 (full 2):
 PSYoungGen      total 8869376K, used 427855K [0x0000000555580000, 0x00000007c0000000, 0x00000007c0000000)
  eden space 7602688K, 0% used [0x0000000555580000,0x0000000555580000,0x0000000725600000)
  from space 1266688K, 33% used [0x0000000772b00000,0x000000078ccd3e90,0x00000007c0000000)
  to   space 1266688K, 0% used [0x0000000725600000,0x0000000725600000,0x0000000772b00000)
 ParOldGen       total 20272640K, used 44482K [0x0000000080000000, 0x0000000555580000, 0x0000000555580000)
  object space 20272640K, 0% used [0x0000000080000000,0x0000000082b70908,0x0000000555580000)
 Metaspace       used 34723K, capacity 35138K, committed 35416K, reserved 1081344K
  class space    used 4058K, capacity 4170K, committed 4224K, reserved 1048576K

Deoptimization events (10 events):
Event: 18.903 Thread 0x0000000002e0d000 Uncommon trap: reason=unhandled action=none pc=0x000000000341ed08 method=java.net.URLClassLoader.findClass(Ljava/lang/String;)Ljava/lang/Class; @ 44
Event: 18.906 Thread 0x0000000002e0d000 Uncommon trap: reason=unhandled action=none pc=0x000000000341ed08 method=java.net.URLClassLoader.findClass(Ljava/lang/String;)Ljava/lang/Class; @ 44
Event: 18.915 Thread 0x0000000002e0d000 Uncommon trap: reason=unhandled action=none pc=0x000000000341ed08 method=java.net.URLClassLoader.findClass(Ljava/lang/String;)Ljava/lang/Class; @ 44
Event: 18.916 Thread 0x0000000002e0d000 Uncommon trap: reason=unstable_if action=reinterpret pc=0x0000000003adce60 method=com.f1.utils.OH.compare(Ljava/lang/Comparable;Ljava/lang/Comparable;Z)I @ 2
Event: 18.916 Thread 0x0000000002e0d000 Uncommon trap: reason=unhandled action=none pc=0x000000000341ed08 method=java.net.URLClassLoader.findClass(Ljava/lang/String;)Ljava/lang/Class; @ 44
Event: 18.917 Thread 0x0000000002e0d000 Uncommon trap: reason=unhandled action=none pc=0x000000000341ed08 method=java.net.URLClassLoader.findClass(Ljava/lang/String;)Ljava/lang/Class; @ 44
Event: 18.920 Thread 0x0000000002e0d000 Uncommon trap: reason=unhandled action=none pc=0x000000000341ed08 method=java.net.URLClassLoader.findClass(Ljava/lang/String;)Ljava/lang/Class; @ 44
Event: 18.926 Thread 0x0000000002e0d000 Uncommon trap: reason=unhandled action=none pc=0x000000000341ed08 method=java.net.URLClassLoader.findClass(Ljava/lang/String;)Ljava/lang/Class; @ 44
Event: 18.964 Thread 0x0000000002e0d000 Uncommon trap: reason=unhandled action=none pc=0x000000000341ed08 method=java.net.URLClassLoader.findClass(Ljava/lang/String;)Ljava/lang/Class; @ 44
Event: 18.965 Thread 0x0000000002e0d000 Uncommon trap: reason=unstable_if action=reinterpret pc=0x0000000003f4c678 method=com.f1.ami.center.table.prepared.AmiPreparedCell.<init>(Lcom/f1/ami/center/table/AmiColumn;Z)V @ 16

Internal exceptions (10 events):
Event: 15.710 Thread 0x0000000002e0d000 Exception <a 'java/io/FileNotFoundException'> (0x0000000581ab3dc0) thrown at [C:\re\workspace\8-2-build-windows-amd64-cygwin\jdk8u144\9417\hotspot\src\share\vm\prims\jni.cpp, line 709]
Event: 15.865 Thread 0x0000000002e0d000 Implicit null exception at 0x0000000003cde439 to 0x0000000003cde6fd
Event: 15.866 Thread 0x0000000002e0d000 Exception <a 'java/lang/ArrayIndexOutOfBoundsException': 71> (0x0000000582625078) thrown at [C:\re\workspace\8-2-build-windows-amd64-cygwin\jdk8u144\9417\hotspot\src\share\vm\interpreter\interpreterRuntime.cpp, line 366]
Event: 15.866 Thread 0x0000000002e0d000 Exception <a 'java/lang/ArrayIndexOutOfBoundsException': 71> (0x0000000582627768) thrown at [C:\re\workspace\8-2-build-windows-amd64-cygwin\jdk8u144\9417\hotspot\src\share\vm\interpreter\interpreterRuntime.cpp, line 366]
Event: 15.871 Thread 0x0000000002e0d000 Exception <a 'java/lang/ArrayIndexOutOfBoundsException': 55> (0x000000058264f060) thrown at [C:\re\workspace\8-2-build-windows-amd64-cygwin\jdk8u144\9417\hotspot\src\share\vm\interpreter\interpreterRuntime.cpp, line 366]
Event: 15.871 Thread 0x0000000002e0d000 Exception <a 'java/lang/ArrayIndexOutOfBoundsException': 38> (0x0000000582650358) thrown at [C:\re\workspace\8-2-build-windows-amd64-cygwin\jdk8u144\9417\hotspot\src\share\vm\interpreter\interpreterRuntime.cpp, line 366]
Event: 15.871 Thread 0x0000000002e0d000 Exception <a 'java/lang/ArrayIndexOutOfBoundsException': 67> (0x00000005826519f8) thrown at [C:\re\workspace\8-2-build-windows-amd64-cygwin\jdk8u144\9417\hotspot\src\share\vm\interpreter\interpreterRuntime.cpp, line 366]
Event: 15.877 Thread 0x0000000002e0d000 Exception <a 'java/lang/ArrayIndexOutOfBoundsException': 38> (0x000000058267ee38) thrown at [C:\re\workspace\8-2-build-windows-amd64-cygwin\jdk8u144\9417\hotspot\src\share\vm\interpreter\interpreterRuntime.cpp, line 366]
Event: 15.883 Thread 0x0000000002e0d000 Exception <a 'java/lang/ArrayIndexOutOfBoundsException': 49> (0x000000058269ec48) thrown at [C:\re\workspace\8-2-build-windows-amd64-cygwin\jdk8u144\9417\hotspot\src\share\vm\interpreter\interpreterRuntime.cpp, line 366]
Event: 17.858 Thread 0x0000000002e0d000 Implicit null exception at 0x0000000003d09dda to 0x0000000003d0a881

Events (10 events):
Event: 18.964 loading class com/f1/ami/center/table/persist/AmiTablePersister_Fast$Pointers done
Event: 18.964 Thread 0x0000000002e0d000 Uncommon trap: trap_request=0xffffffa7 fr.pc=0x000000000341ed08
Event: 18.964 Thread 0x0000000002e0d000 DEOPT PACKING pc=0x000000000341ed08 sp=0x0000000002dcdbc0
Event: 18.964 Thread 0x0000000002e0d000 DEOPT UNPACKING pc=0x000000000317582a sp=0x0000000002dcdb58 mode 2
Event: 18.964 Thread 0x0000000002e0d000 DEOPT PACKING pc=0x0000000003491140 sp=0x0000000002dcdc00
Event: 18.964 Thread 0x0000000002e0d000 DEOPT UNPACKING pc=0x000000000317787f sp=0x0000000002dcd8f0 mode 1
Event: 18.965 Thread 0x0000000002e0d000 Uncommon trap: trap_request=0xffffff65 fr.pc=0x0000000003f4c678
Event: 18.965 Thread 0x0000000002e0d000 DEOPT PACKING pc=0x0000000003f4c678 sp=0x0000000002dcea20
Event: 18.965 Thread 0x0000000002e0d000 DEOPT UNPACKING pc=0x000000000317582a sp=0x0000000002dce9b8 mode 2
Event: 19.007 Executing VM operation: CollectForMetadataAllocation


Dynamic libraries:
0x00007ff626bd0000 - 0x00007ff626c07000 	C:\Program Files\Java\jdk1.8.0_144\bin\javaw.exe
0x00007ffc5b440000 - 0x00007ffc5b6a8000 	C:\WINDOWS\SYSTEM32\ntdll.dll
0x00007ffc5a5b0000 - 0x00007ffc5a679000 	C:\WINDOWS\System32\KERNEL32.DLL
0x00007ffc58df0000 - 0x00007ffc591dd000 	C:\WINDOWS\System32\KERNELBASE.dll
0x00007ffc59ee0000 - 0x00007ffc59f94000 	C:\WINDOWS\System32\ADVAPI32.dll
0x00007ffc591e0000 - 0x00007ffc59289000 	C:\WINDOWS\System32\msvcrt.dll
0x00007ffc5aa30000 - 0x00007ffc5aad6000 	C:\WINDOWS\System32\sechost.dll
0x00007ffc59dc0000 - 0x00007ffc59ed8000 	C:\WINDOWS\System32\RPCRT4.dll
0x00007ffc5b230000 - 0x00007ffc5b3fc000 	C:\WINDOWS\System32\USER32.dll
0x00007ffc58c70000 - 0x00007ffc58c97000 	C:\WINDOWS\System32\win32u.dll
0x00007ffc59fc0000 - 0x00007ffc59feb000 	C:\WINDOWS\System32\GDI32.dll
0x00007ffc58770000 - 0x00007ffc588a7000 	C:\WINDOWS\System32\gdi32full.dll
0x00007ffc58ca0000 - 0x00007ffc58d43000 	C:\WINDOWS\System32\msvcp_win.dll
0x00007ffc58590000 - 0x00007ffc586db000 	C:\WINDOWS\System32\ucrtbase.dll
0x00007ffc57850000 - 0x00007ffc57aea000 	C:\WINDOWS\WinSxS\amd64_microsoft.windows.common-controls_6595b64144ccf1df_6.0.26100.4484_none_3e0e6d4ce32ef3b3\COMCTL32.dll
0x00007ffc5ac50000 - 0x00007ffc5ac7f000 	C:\WINDOWS\System32\IMM32.DLL
0x0000000050340000 - 0x0000000050412000 	C:\Program Files\Java\jdk1.8.0_144\jre\bin\msvcr100.dll
0x0000000077760000 - 0x0000000077ffd000 	C:\Program Files\Java\jdk1.8.0_144\jre\bin\server\jvm.dll
0x00007ffc5ac90000 - 0x00007ffc5ac98000 	C:\WINDOWS\System32\PSAPI.DLL
0x00007ffc54250000 - 0x00007ffc54285000 	C:\WINDOWS\SYSTEM32\WINMM.dll
0x00007ffc49380000 - 0x00007ffc4938a000 	C:\WINDOWS\SYSTEM32\WSOCK32.dll
0x00007ffc50650000 - 0x00007ffc5065b000 	C:\WINDOWS\SYSTEM32\VERSION.dll
0x00007ffc59ae0000 - 0x00007ffc59b54000 	C:\WINDOWS\System32\WS2_32.dll
0x0000000050c40000 - 0x0000000050c4f000 	C:\Program Files\Java\jdk1.8.0_144\jre\bin\verify.dll
0x0000000050c10000 - 0x0000000050c39000 	C:\Program Files\Java\jdk1.8.0_144\jre\bin\java.dll
0x0000000050300000 - 0x0000000050335000 	C:\Program Files\Java\jdk1.8.0_144\jre\bin\jdwp.dll
0x00000000502f0000 - 0x00000000502f8000 	C:\Program Files\Java\jdk1.8.0_144\jre\bin\npt.dll
0x00000000502c0000 - 0x00000000502e3000 	C:\Program Files\Java\jdk1.8.0_144\jre\bin\instrument.dll
0x0000000050bf0000 - 0x0000000050c06000 	C:\Program Files\Java\jdk1.8.0_144\jre\bin\zip.dll
0x00007ffc59290000 - 0x00007ffc599da000 	C:\WINDOWS\System32\SHELL32.dll
0x00007ffc58af0000 - 0x00007ffc58c64000 	C:\WINDOWS\System32\wintypes.dll
0x00007ffc5a6a0000 - 0x00007ffc5aa26000 	C:\WINDOWS\System32\combase.dll
0x00007ffc553e0000 - 0x00007ffc55c3b000 	C:\WINDOWS\SYSTEM32\windows.storage.dll
0x00007ffc5a4b0000 - 0x00007ffc5a5a5000 	C:\WINDOWS\System32\SHCORE.dll
0x00007ffc5aae0000 - 0x00007ffc5ab4a000 	C:\WINDOWS\System32\shlwapi.dll
0x00007ffc584a0000 - 0x00007ffc584cf000 	C:\WINDOWS\SYSTEM32\profapi.dll
0x00000000502b0000 - 0x00000000502b9000 	C:\Program Files\Java\jdk1.8.0_144\jre\bin\dt_socket.dll
0x00007ffc4f830000 - 0x00007ffc4f848000 	C:\WINDOWS\system32\napinsp.dll
0x00007ffc58d50000 - 0x00007ffc58de9000 	C:\WINDOWS\System32\bcryptPrimitives.dll
0x00007ffc56ee0000 - 0x00007ffc56f4a000 	C:\WINDOWS\System32\mswsock.dll
0x00007ffc561b0000 - 0x00007ffc562d6000 	C:\WINDOWS\SYSTEM32\DNSAPI.dll
0x00007ffc56170000 - 0x00007ffc561a3000 	C:\WINDOWS\SYSTEM32\IPHLPAPI.DLL
0x00007ffc5abe0000 - 0x00007ffc5abea000 	C:\WINDOWS\System32\NSI.dll
0x00007ffc4f810000 - 0x00007ffc4f822000 	C:\WINDOWS\System32\winrnr.dll
0x00007ffc4f7d0000 - 0x00007ffc4f800000 	C:\WINDOWS\system32\nlansp_c.dll
0x00007ffc4f7a0000 - 0x00007ffc4f7c0000 	C:\WINDOWS\system32\wshbth.dll
0x00007ffc516c0000 - 0x00007ffc51746000 	C:\WINDOWS\System32\fwpuclnt.dll
0x00007ffc4fe00000 - 0x00007ffc4fe0b000 	C:\Windows\System32\rasadhlp.dll
0x0000000050bd0000 - 0x0000000050bea000 	C:\Program Files\Java\jdk1.8.0_144\jre\bin\net.dll
0x00000000502a0000 - 0x00000000502ad000 	C:\Program Files\Java\jdk1.8.0_144\jre\bin\management.dll
0x0000000050780000 - 0x00000000507a4000 	C:\Program Files\Java\jdk1.8.0_144\jre\bin\sunec.dll
0x00007ffc514b0000 - 0x00007ffc514cf000 	C:\WINDOWS\SYSTEM32\dhcpcsvc6.DLL
0x00007ffc51480000 - 0x00007ffc514a5000 	C:\WINDOWS\SYSTEM32\dhcpcsvc.DLL
0x0000000050bb0000 - 0x0000000050bc1000 	C:\Program Files\Java\jdk1.8.0_144\jre\bin\nio.dll
0x00007ffc581d0000 - 0x00007ffc581eb000 	C:\WINDOWS\SYSTEM32\CRYPTSP.dll
0x00007ffc575e0000 - 0x00007ffc5761b000 	C:\WINDOWS\system32\rsaenh.dll
0x00007ffc56f50000 - 0x00007ffc56f7b000 	C:\WINDOWS\SYSTEM32\USERENV.dll
0x00007ffc58470000 - 0x00007ffc58496000 	C:\WINDOWS\SYSTEM32\bcrypt.dll
0x00007ffc575d0000 - 0x00007ffc575dc000 	C:\WINDOWS\SYSTEM32\CRYPTBASE.dll
0x0000000050100000 - 0x0000000050298000 	C:\Program Files\Java\jdk1.8.0_144\jre\bin\awt.dll
0x00007ffc5a3c0000 - 0x00007ffc5a4a0000 	C:\WINDOWS\System32\OLEAUT32.dll
0x00007ffc54330000 - 0x00007ffc543ce000 	C:\WINDOWS\SYSTEM32\apphelp.dll
0x00007ffc549e0000 - 0x00007ffc54a16000 	C:\WINDOWS\system32\DWMAPI.DLL
0x00007ffc546c0000 - 0x00007ffc5476f000 	C:\WINDOWS\system32\uxtheme.dll
0x00007ffc57e60000 - 0x00007ffc580a1000 	C:\WINDOWS\SYSTEM32\dbghelp.dll

VM Arguments:
jvm_args: -agentlib:jdwp=transport=dt_socket,suspend=y,address=localhost:50752 -Djava.util.logging.manager=com.f1.speedlogger.sun.SunSpeedLoggerLogManager -Df1.license.mode=dev -Dproperty.f1.autocoded.disabled=false -Dproperty.f1.logging.mode=info -Xms29g -javaagent:C:\Users\XPS17-6\Desktop\Setup\eclipse-jee-2019-12-R-win32-x86_64\eclipse\configuration\org.eclipse.osgi\411\0\.cp\lib\javaagent-shaded.jar -Dfile.encoding=UTF-8 
java_command: com.f1.ami.one.AmiOneMain
java_class_path (initial): C:\Users\XPS17-6\Perforce\Yuan_branch\makers\yuan3\java\ami\amione\target\classes;C:\Users\XPS17-6\Perforce\Yuan_branch\makers\yuan3\java\ami\amicenterfull\target\classes;C:\Users\XPS17-6\Perforce\Yuan_branch\makers\yuan3\java\ami\amicenter\target\classes;C:\Users\XPS17-6\Perforce\Yuan_branch\makers\yuan3\java\ami\amiclient\target\classes;C:\Users\XPS17-6\Perforce\Yuan_branch\makers\yuan3\java\ami\amimysql\target\classes;C:\Users\XPS17-6\.m2\repository\mysql\mysql-connector-java\5.1.39\mysql-connector-java-5.1.39.jar;C:\Users\XPS17-6\Perforce\Yuan_branch\makers\yuan3\java\ami\amipostgresql\target\classes;C:\Users\XPS17-6\.m2\repository\org\postgresql\postgresql\42.5.1\postgresql-42.5.1.jar;C:\Users\XPS17-6\.m2\repository\org\checkerframework\checker-qual\3.5.0\checker-qual-3.5.0.jar;C:\Users\XPS17-6\Perforce\Yuan_branch\makers\yuan3\java\ami\amioracle\target\classes;C:\Users\XPS17-6\.m2\repository\com\oracle\database\jdbc\ojdbc8\18.3.0.0\ojdbc8-18.3.0.0.jar;C:\Users\XPS17-6\.m2\repository\com\oracle\database\jdbc\ucp\18.3.0.0\ucp-18.3.0.0.jar;C:\Users\XPS17-6\.m2\repository\com\oracle\database\security\oraclepki\18.3.0.0\oraclepki-18.3.0.0.jar;C:\Users\XPS17-6\.m2\repository\com\oracle\database\security\osdt_cert\18.3.0.0\osdt_cert-18.3.0.0.jar;C:\Users\XPS17-6\.m2\repository\com\oracle\database\security\osdt_core\18.3.0.0\osdt_core-18.3.0.0.jar;C:\Users\XPS17-6\.m2\repository\com\oracle\database\ha\simplefan\18.3.0.0\simplefan-18.3.0.0.jar;C:\Users\XPS17-6\.m2\repository\com\oracle\database\ha\ons\18.3.0.0\ons-18.3.0.0.jar;C:\Users\XPS17-6\Perforce\Yuan_branch\makers\yuan3\java\ami\amiexcel\target\classes;C:\Users\XPS17-6\.m2\repository\org\apache\poi\poi\5.2.3\poi-5.2.3.jar;C:\Users\XPS17-6\.m2\repository\commons-codec\commons-codec\1.15\commons-codec-1.15.jar;C:\Users\XPS17-6\.m2\repository\org\apache\commons\commons-collections4\4.4\commons-collections4-4.4.jar;C:\Users\XPS17-6\.m2\repository\org\apache\commons\commons-math3\3.6.1\co
Launcher Type: SUN_STANDARD

Environment Variables:
JAVA_HOME=C:\Program Files\Java\jdk1.8.0_144
CLASSPATH=C:\Program Files\Java\jdk1.8.0_144\lib;C:\Program Files\Java\jdk1.8.0_144\jre\lib
PATH=C:\Program Files\Java\jdk1.8.0_144\jre\bin;C:/Program Files/Java/jdk1.8.0_144/bin/../jre/bin/server;C:/Program Files/Java/jdk1.8.0_144/bin/../jre/bin;C:/Program Files/Java/jdk1.8.0_144/bin/../jre/lib/amd64;C:\Windows\system32;C:\Windows;C:\Windows\System32\Wbem;C:\Windows\System32\WindowsPowerShell\v1.0\;C:\Windows\System32\OpenSSH\;C:\Program Files (x86)\NVIDIA Corporation\PhysX\Common;C:\Program Files (x86)\PuTTY\;C:\Program Files (x86)\apache-maven-3.8.4\bin;C:\Program Files\Java\jdk1.8.0_144\bin;C:\Program Files\Git\cmd;C:\Program Files\dotnet\;C:\WINDOWS\system32;C:\WINDOWS;C:\WINDOWS\System32\Wbem;C:\WINDOWS\System32\WindowsPowerShell\v1.0\;C:\WINDOWS\System32\OpenSSH\;C:\sqlite;C:\Program Files (x86)\Microsoft SQL Server\160\Tools\Binn\;C:\Program Files\Microsoft SQL Server\160\Tools\Binn\;C:\Program Files\Microsoft SQL Server\Client SDK\ODBC\170\Tools\Binn\;C:\Program Files\Microsoft SQL Server\160\DTS\Binn\;C:\Program Files\Java\jre1.8.0_144;C:\q\w64;;C:\Program Files\Docker\Docker\resources\bin;C:\Program Files\Perforce\;C:\Users\XPS17-6\AppData\Roaming\.dotnet;C:\Users\XPS17-6\AppData\Local\Microsoft\WindowsApps;C:\Users\XPS17-6\AppData\Local\Programs\Microsoft VS Code\bin;C:\q\w64;C:\Users\XPS17-6\.dotnet\tools;;C:\Users\XPS17-6\Desktop\Setup\eclipse-jee-2019-12-R-win32-x86_64\eclipse;
USERNAME=YuanYao
OS=Windows_NT
PROCESSOR_IDENTIFIER=Intel64 Family 6 Model 165 Stepping 2, GenuineIntel



---------------  S Y S T E M  ---------------

OS: Windows 10.0 , 64 bit Build 26100 (10.0.26100.4484)

CPU:total 16 (initial active 16) (8 cores per cpu, 2 threads per core) family 6 model 165 stepping 2, cmov, cx8, fxsr, mmx, sse, sse2, sse3, ssse3, sse4.1, sse4.2, popcnt, avx, avx2, aes, clmul, erms, 3dnowpref, lzcnt, ht, tsc, tscinvbit, bmi1, bmi2, adx

Memory: 4k page, physical 33292996k(16275856k free), swap 98304708k(51726516k free)

vm_info: Java HotSpot(TM) 64-Bit Server VM (25.144-b01) for windows-amd64 JRE (1.8.0_144-b01), built on Jul 21 2017 21:57:33 by "java_re" with MS VC++ 10.0 (VS2010)

time: Wed Jul 16 20:24:07 2025
elapsed time: 19 seconds (0d 0h 0m 19s)

