#
# A fatal error has been detected by the Java Runtime Environment:
#
#  EXCEPTION_ACCESS_VIOLATION (0xc0000005) at pc=0x0000000053430dcd, pid=6312, tid=0x0000000000000d74
#
# JRE version: Java(TM) SE Runtime Environment (8.0_144-b01) (build 1.8.0_144-b01)
# Java VM: Java HotSpot(TM) 64-Bit Server VM (25.144-b01 mixed mode windows-amd64 compressed oops)
# Problematic frame:
# V  [jvm.dll+0x510dcd]
#
# Failed to write core dump. Minidumps are not enabled by default on client versions of Windows
#
# If you would like to submit a bug report, please visit:
#   http://bugreport.java.com/bugreport/crash.jsp
#

---------------  T H R E A D  ---------------

Current thread (0x000000001f94d000):  JavaThread "C2 CompilerThread4" daemon [_thread_in_native, id=3444, stack(0x00000000224f0000,0x00000000225f0000)]

siginfo: ExceptionCode=0xc0000005, reading address 0x00000020260cdf80

Registers:
RAX=0x00000020260cdf68, RBX=0x00000000000000d3, RCX=0x0000000000000006, RDX=0x0000000000000013
RSP=0x00000000225ec070, RBP=0x00000000337f7cf0, RSI=0x00000020260cdf68, RDI=0x0000000029a52f98
R8 =0x0000000000000001, R9 =0x0000000029a52f98, R10=0x0000000000000200, R11=0x0000000000000000
R12=0x0000000034374230, R13=0x000000002f053a30, R14=0x00000000225ec660, R15=0x0000000000000001
RIP=0x0000000053430dcd, EFLAGS=0x0000000000010202

Top of Stack: (sp=0x00000000225ec070)
0x00000000225ec070:   0000000029a6b748 0000000000000000
0x00000000225ec080:   0000000029a6b748 000000002796be20
0x00000000225ec090:   0000000034374270 0000000053385aa4
0x00000000225ec0a0:   0000000000000000 0000000034374270
0x00000000225ec0b0:   0000000034374230 000000002f2610f8
0x00000000225ec0c0:   0000000000000698 0000000053431305
0x00000000225ec0d0:   00000000337f7cf0 00000000000000d3
0x00000000225ec0e0:   0000000000000002 000000005343093c
0x00000000225ec0f0:   000000002796be20 0000000034374270
0x00000000225ec100:   0000000034374230 0000000052fee49a
0x00000000225ec110:   00000000000000f5 0000000000000001
0x00000000225ec120:   0000000000000000 000000002f2610f8
0x00000000225ec130:   0000000000000002 0000000034374230
0x00000000225ec140:   0000000034374270 0000000000000026
0x00000000225ec150:   000000002796be20 0000000000000000
0x00000000225ec160:   00000000337f7cf0 00000000225ec280 

Instructions: (pc=0x0000000053430dcd)
0x0000000053430dad:   63 5d 30 ff 90 88 00 00 00 48 8b f0 81 fb 3f 01
0x0000000053430dbd:   00 00 7d 17 48 8b cb 8b d3 48 c1 f9 05 83 e2 1f
0x0000000053430dcd:   8b 0c 88 0f a3 d1 0f 92 c3 eb 0a f7 40 24 00 00
0x0000000053430ddd:   00 80 0f 95 c3 48 8b 07 48 8b cf ff 50 70 8b c8 


Register to memory mapping:

RAX=0x00000020260cdf68 is an unknown value
RBX=0x00000000000000d3 is an unknown value
RCX=0x0000000000000006 is an unknown value
RDX=0x0000000000000013 is an unknown value
RSP=0x00000000225ec070 is pointing into the stack for thread: 0x000000001f94d000
RBP=0x00000000337f7cf0 is an unknown value
RSI=0x00000020260cdf68 is an unknown value
RDI=0x0000000029a52f98 is an unknown value
R8 =0x0000000000000001 is an unknown value
R9 =0x0000000029a52f98 is an unknown value
R10=0x0000000000000200 is an unknown value
R11=0x0000000000000000 is an unknown value
R12=0x0000000034374230 is an unknown value
R13=0x000000002f053a30 is an unknown value
R14=0x00000000225ec660 is pointing into the stack for thread: 0x000000001f94d000
R15=0x0000000000000001 is an unknown value


Stack: [0x00000000224f0000,0x00000000225f0000],  sp=0x00000000225ec070,  free space=1008k
Native frames: (J=compiled Java code, j=interpreted, Vv=VM code, C=native code)
V  [jvm.dll+0x510dcd]
V  [jvm.dll+0x511305]
V  [jvm.dll+0x512635]
V  [jvm.dll+0x4693a3]
V  [jvm.dll+0x4745bb]
V  [jvm.dll+0x476ec7]
V  [jvm.dll+0x4598c2]
V  [jvm.dll+0xa5dc2]
V  [jvm.dll+0xa66ff]
V  [jvm.dll+0x24524f]
V  [jvm.dll+0x29ca6a]
C  [msvcr100.dll+0x21d9f]
C  [msvcr100.dll+0x21e3b]
C  [KERNEL32.DLL+0x2e8d7]
C  [ntdll.dll+0x3c34c]


Current CompileTask:
C2:1954224 4982       4       org.eclipse.jdt.launching.internal.org.objectweb.asm.ClassReader::accept (1251 bytes)


---------------  P R O C E S S  ---------------

Java Threads: ( => current thread )
  0x0000000024196800 JavaThread "http3" [_thread_in_native, id=27652, stack(0x000000002ea20000,0x000000002eb20000)]
  0x0000000024195800 JavaThread "MsgDirectConnection6" [_thread_blocked, id=14932, stack(0x000000002e920000,0x000000002ea20000)]
  0x0000000024195000 JavaThread "MsgDirectConnection5" [_thread_blocked, id=13012, stack(0x000000002e820000,0x000000002e920000)]
  0x0000000024190800 JavaThread "pool-3-thread-2" [_thread_blocked, id=29500, stack(0x000000002e720000,0x000000002e820000)]
  0x0000000024193800 JavaThread "MsgDirectConnection4" [_thread_blocked, id=16764, stack(0x000000002e620000,0x000000002e720000)]
  0x000000002418f800 JavaThread "MsgDirectConnection3" [_thread_blocked, id=31740, stack(0x000000002e520000,0x000000002e620000)]
  0x0000000024192800 JavaThread "MsgDirectConnection2" [_thread_blocked, id=14180, stack(0x000000002e420000,0x000000002e520000)]
  0x000000002418f000 JavaThread "AMISOCKET1" [_thread_in_native, id=31024, stack(0x000000002e320000,0x000000002e420000)]
  0x0000000024191000 JavaThread "DestroyJavaVM" [_thread_blocked, id=16580, stack(0x0000000002fe0000,0x00000000030e0000)]
  0x0000000024192000 JavaThread "KeepAliveThread" [_thread_blocked, id=17140, stack(0x000000002e220000,0x000000002e320000)]
  0x00000000253ee000 JavaThread "AmiRelay-GP-1" [_thread_blocked, id=32328, stack(0x000000002e120000,0x000000002e220000)]
  0x00000000253ec800 JavaThread "pool-3-thread-1" [_thread_blocked, id=28496, stack(0x000000002e020000,0x000000002e120000)]
  0x00000000253ed800 JavaThread "F1POOL-01" [_thread_blocked, id=27884, stack(0x000000002df20000,0x000000002e020000)]
  0x00000000253eb000 JavaThread "MsgDirectConnection3" [_thread_blocked, id=28760, stack(0x000000002de20000,0x000000002df20000)]
  0x00000000253ec000 JavaThread "MsgDirectConnection2" [_thread_blocked, id=27560, stack(0x000000002dd20000,0x000000002de20000)]
  0x00000000253e7800 JavaThread "MsgDirectConnection1" [_thread_blocked, id=27592, stack(0x000000002dc20000,0x000000002dd20000)]
  0x00000000253ea800 JavaThread "MSGDIRECT_PROC-017" daemon [_thread_in_native, id=20008, stack(0x000000002db20000,0x000000002dc20000)]
  0x00000000253e9800 JavaThread "MSGDIRECT_PROC-016" [_thread_in_native, id=14652, stack(0x000000002da20000,0x000000002db20000)]
  0x00000000253e9000 JavaThread "MSGDIRECT_PROC-015" daemon [_thread_in_native, id=24560, stack(0x000000002d920000,0x000000002da20000)]
  0x00000000253e8000 JavaThread "MSGDIRECT_PROC-014" [_thread_in_native, id=10104, stack(0x000000002d820000,0x000000002d920000)]
  0x00000000253e3800 JavaThread "F1POOL-00" daemon [_thread_blocked, id=10752, stack(0x000000002d720000,0x000000002d820000)]
  0x00000000253e6800 JavaThread "MSGDIRECT_PROC-013" daemon [_thread_in_native, id=29268, stack(0x000000002d620000,0x000000002d720000)]
  0x00000000253e6000 JavaThread "MSGDIRECT_PROC-012" [_thread_in_native, id=26312, stack(0x000000002d520000,0x000000002d620000)]
  0x00000000253e4800 JavaThread "MSGDIRECT_RECN-011" daemon [_thread_blocked, id=2792, stack(0x000000002d420000,0x000000002d520000)]
  0x00000000253e3000 JavaThread "F1POOL-03" [_thread_blocked, id=3492, stack(0x000000002d120000,0x000000002d220000)]
  0x00000000253e5000 JavaThread "F1POOL-02" [_thread_blocked, id=17908, stack(0x000000002cf00000,0x000000002d000000)]
  0x00000000253df000 JavaThread "MsgDirectConnection1" [_thread_blocked, id=20000, stack(0x000000002d020000,0x000000002d120000)]
  0x00000000253e0000 JavaThread "MsgDirectConnection3" [_thread_blocked, id=9640, stack(0x000000002ce00000,0x000000002cf00000)]
  0x00000000253e0800 JavaThread "MsgDirectConnection2" [_thread_blocked, id=22332, stack(0x000000002cd00000,0x000000002ce00000)]
  0x00000000253e2000 JavaThread "MSGDIRECT_PROC-010" daemon [_thread_in_native, id=31984, stack(0x000000002cc00000,0x000000002cd00000)]
  0x00000000253e1800 JavaThread "MSGDIRECT_PROC-009" [_thread_in_native, id=9256, stack(0x000000002cb00000,0x000000002cc00000)]
  0x00000000254e5800 JavaThread "MSGDIRECT_PROC-008" daemon [_thread_in_native, id=31324, stack(0x000000002ca00000,0x000000002cb00000)]
  0x00000000254e4800 JavaThread "MSGDIRECT_PROC-007" [_thread_in_native, id=23424, stack(0x000000002c900000,0x000000002ca00000)]
  0x00000000254e4000 JavaThread "MSGDIRECT_PROC-006" daemon [_thread_in_native, id=2452, stack(0x000000002c800000,0x000000002c900000)]
  0x00000000254e1000 JavaThread "MSGDIRECT_PROC-005" [_thread_in_native, id=27816, stack(0x000000002c700000,0x000000002c800000)]
  0x00000000254e3000 JavaThread "MsgDirectConnection1" [_thread_blocked, id=31216, stack(0x000000002c600000,0x000000002c700000)]
  0x00000000254e2800 JavaThread "F1POOL-02" [_thread_blocked, id=27536, stack(0x000000002c500000,0x000000002c600000)]
  0x00000000254e1800 JavaThread "F1POOL-01" [_thread_blocked, id=25748, stack(0x000000002c400000,0x000000002c500000)]
  0x00000000254de000 JavaThread "pool-2-thread-2" [_thread_blocked, id=7596, stack(0x000000002c300000,0x000000002c400000)]
  0x00000000254e0000 JavaThread "pool-2-thread-1" [_thread_blocked, id=2084, stack(0x000000002c200000,0x000000002c300000)]
  0x00000000254dc800 JavaThread "F1POOL-00" [_thread_blocked, id=12588, stack(0x000000002c100000,0x000000002c200000)]
  0x00000000254df800 JavaThread "MSGDIRECT_RECN-004" daemon [_thread_in_native, id=29184, stack(0x000000002c000000,0x000000002c100000)]
  0x00000000254dd000 JavaThread "MSGDIRECT_RECN-003" daemon [_thread_blocked, id=19936, stack(0x000000002bf00000,0x000000002c000000)]
  0x00000000254db800 JavaThread "MSGDIRECT_LSTN-002" [_thread_in_native, id=8616, stack(0x000000002bad0000,0x000000002bbd0000)]
  0x00000000254de800 JavaThread "AMICommandLineInterfaceSocket-1390" [_thread_in_native, id=27668, stack(0x000000002b9d0000,0x000000002bad0000)]
  0x00000000254d8000 JavaThread "AMIJDBCSocket-1380" [_thread_in_native, id=18844, stack(0x000000002bc80000,0x000000002bd80000)]
  0x00000000254db000 JavaThread "AmiClient-localhost:3289" daemon [_thread_in_native, id=25984, stack(0x0000000001510000,0x0000000001610000)]
  0x00000000254d7000 JavaThread "http2" [_thread_in_native, id=31320, stack(0x0000000001410000,0x0000000001510000)]
  0x00000000254da000 JavaThread "http1" [_thread_in_native, id=24332, stack(0x0000000001310000,0x0000000001410000)]
  0x00000000254d6800 JavaThread "AmiCenterResourcesWatcher" daemon [_thread_blocked, id=22608, stack(0x000000002be00000,0x000000002bf00000)]
  0x00000000254d8800 JavaThread "MsgDirectConnection1" [_thread_blocked, id=28556, stack(0x000000002b240000,0x000000002b340000)]
  0x00000000254d9800 JavaThread "F1POOL-01" [_thread_blocked, id=21344, stack(0x000000002b140000,0x000000002b240000)]
  0x0000000021962000 JavaThread "Abandoned connection cleanup thread" daemon [_thread_blocked, id=14596, stack(0x000000002b040000,0x000000002b140000)]
  0x0000000021961000 JavaThread "F1POOL-00" [_thread_blocked, id=2276, stack(0x000000002af40000,0x000000002b040000)]
  0x0000000021960800 JavaThread "MSGDIRECT_RECN-001" daemon [_thread_blocked, id=28172, stack(0x000000002ae40000,0x000000002af40000)]
  0x000000002195c800 JavaThread "Session Reaper" [_thread_blocked, id=15852, stack(0x000000002ad40000,0x000000002ae40000)]
  0x000000002195f800 JavaThread "HttpServerSocket-13332" [_thread_in_native, id=5352, stack(0x000000002ac40000,0x000000002ad40000)]
  0x000000002195c000 JavaThread "Java2D Disposer" daemon [_thread_blocked, id=20184, stack(0x000000002ab40000,0x000000002ac40000)]
  0x000000002725c800 JavaThread "AMiWebStats" daemon [_thread_blocked, id=20492, stack(0x000000002a6e0000,0x000000002a7e0000)]
  0x00000000237c2800 JavaThread "AmiProcessStatsLogger" [_thread_blocked, id=31428, stack(0x0000000028c00000,0x0000000028d00000)]
  0x00000000237c1800 JavaThread "TerminateFileThread" daemon [_thread_blocked, id=5400, stack(0x0000000028b00000,0x0000000028c00000)]
  0x0000000025c9e000 JavaThread "consoleServer1" daemon [_thread_in_native, id=16052, stack(0x0000000028a00000,0x0000000028b00000)]
  0x0000000026e45800 JavaThread "AutoFlushWritercom.f1.speedlogger.impl.AutoFlushWriter@6a28ffa4" daemon [_thread_blocked, id=5336, stack(0x0000000028700000,0x0000000028800000)]
  0x000000002369d800 JavaThread "AutoFlushWritercom.f1.speedlogger.impl.AutoFlushWriter@63355449" daemon [_thread_blocked, id=3980, stack(0x0000000026610000,0x0000000026710000)]
  0x0000000023d27000 JavaThread "AutoFlushWritercom.f1.speedlogger.impl.AutoFlushWriter@9225652" daemon [_thread_blocked, id=16568, stack(0x0000000026300000,0x0000000026400000)]
  0x00000000246c4800 JavaThread "Thread" daemon [_thread_blocked, id=26340, stack(0x0000000025190000,0x0000000025290000)]
  0x00000000219af800 JavaThread "Service Thread" daemon [_thread_blocked, id=5124, stack(0x0000000022df0000,0x0000000022ef0000)]
  0x000000002195f000 JavaThread "C1 CompilerThread11" daemon [_thread_blocked, id=20104, stack(0x0000000022cf0000,0x0000000022df0000)]
  0x000000002195b000 JavaThread "C1 CompilerThread10" daemon [_thread_blocked, id=9664, stack(0x0000000022bf0000,0x0000000022cf0000)]
  0x000000002195e000 JavaThread "C1 CompilerThread9" daemon [_thread_blocked, id=27664, stack(0x0000000022af0000,0x0000000022bf0000)]
  0x000000002195d800 JavaThread "C1 CompilerThread8" daemon [_thread_blocked, id=28076, stack(0x00000000229f0000,0x0000000022af0000)]
  0x00000000218fd800 JavaThread "C2 CompilerThread7" daemon [_thread_blocked, id=15912, stack(0x00000000228f0000,0x00000000229f0000)]
  0x000000001f94e800 JavaThread "C2 CompilerThread6" daemon [_thread_blocked, id=15316, stack(0x00000000227f0000,0x00000000228f0000)]
  0x000000001f94d800 JavaThread "C2 CompilerThread5" daemon [_thread_blocked, id=21428, stack(0x00000000225f0000,0x00000000226f0000)]
=>0x000000001f94d000 JavaThread "C2 CompilerThread4" daemon [_thread_in_native, id=3444, stack(0x00000000224f0000,0x00000000225f0000)]
  0x000000001f944000 JavaThread "C2 CompilerThread3" daemon [_thread_blocked, id=25344, stack(0x00000000223f0000,0x00000000224f0000)]
  0x000000001f943800 JavaThread "C2 CompilerThread2" daemon [_thread_blocked, id=26484, stack(0x00000000222f0000,0x00000000223f0000)]
  0x000000001f93c800 JavaThread "C2 CompilerThread1" daemon [_thread_blocked, id=1520, stack(0x00000000221f0000,0x00000000222f0000)]
  0x0000000021902800 JavaThread "C2 CompilerThread0" daemon [_thread_blocked, id=2476, stack(0x00000000220f0000,0x00000000221f0000)]
  0x000000001f644000 JavaThread "JDWP Command Reader" daemon [_thread_in_native, id=17024, stack(0x00000000217f0000,0x00000000218f0000)]
  0x000000001f642000 JavaThread "JDWP Event Helper Thread" daemon [_thread_blocked, id=7248, stack(0x00000000216f0000,0x00000000217f0000)]
  0x000000001f630000 JavaThread "JDWP Transport Listener: dt_socket" daemon [_thread_blocked, id=26648, stack(0x00000000215f0000,0x00000000216f0000)]
  0x000000001f628800 JavaThread "Attach Listener" daemon [_thread_blocked, id=14668, stack(0x00000000211b0000,0x00000000212b0000)]
  0x000000001f637800 JavaThread "Signal Dispatcher" daemon [_thread_blocked, id=19104, stack(0x00000000210b0000,0x00000000211b0000)]
  0x000000001dba8000 JavaThread "Finalizer" daemon [_thread_blocked, id=20908, stack(0x0000000020ea0000,0x0000000020fa0000)]
  0x000000001db9d000 JavaThread "Reference Handler" daemon [_thread_blocked, id=9912, stack(0x0000000020da0000,0x0000000020ea0000)]

Other Threads:
  0x000000001db96800 VMThread [stack: 0x0000000020ca0000,0x0000000020da0000] [id=10356]
  0x00000000219b7000 WatcherThread [stack: 0x0000000022ef0000,0x0000000022ff0000] [id=28404]

VM state:not at safepoint (normal execution)

VM Mutex/Monitor currently owned by a thread: None

Heap:
 PSYoungGen      total 8869376K, used 2645743K [0x0000000555580000, 0x00000007c0000000, 0x00000007c0000000)
  eden space 7602688K, 34% used [0x0000000555580000,0x00000005f6d3bfb8,0x0000000725600000)
  from space 1266688K, 0% used [0x0000000772b00000,0x0000000772b00000,0x00000007c0000000)
  to   space 1266688K, 0% used [0x0000000725600000,0x0000000725600000,0x0000000772b00000)
 ParOldGen       total 20272640K, used 456727K [0x0000000080000000, 0x0000000555580000, 0x0000000555580000)
  object space 20272640K, 2% used [0x0000000080000000,0x000000009be05f98,0x0000000555580000)
 Metaspace       used 40528K, capacity 41026K, committed 41304K, reserved 1085440K
  class space    used 4791K, capacity 4938K, committed 4992K, reserved 1048576K

Card table byte_map: [0x00000000127a0000,0x00000000161b0000] byte_map_base: 0x00000000123a0000

Marking Bits: (ParMarkBitMap*) 0x000000005373d850
 Begin Bits: [0x00000007c0000000, 0x00000007dd000000)
 End Bits:   [0x00000007dd000000, 0x00000007fa000000)

Polling page: 0x0000000002ed0000

CodeCache: size=245760Kb used=17904Kb max_used=18392Kb free=227855Kb
 bounds [0x00000000033e0000, 0x0000000004640000, 0x00000000123e0000]
 total_blobs=4607 nmethods=3989 adapters=535
 compilation: enabled

Compilation events (10 events):
Event: 1953.900 Thread 0x000000001f943800 nmethod 4987 0x000000000428e690 code [0x000000000428e7e0, 0x000000000428ea78]
Event: 1953.902 Thread 0x000000002195b000 4988       1       com.f1.ami.amiscript.AmiScriptBaseMemberMethods::getMethods (5 bytes)
Event: 1953.902 Thread 0x000000002195b000 nmethod 4988 0x000000000400af90 code [0x000000000400b0e0, 0x000000000400b1f0]
Event: 1954.038 Thread 0x000000002195d800 4989       3       java.lang.Class::isEnum (27 bytes)
Event: 1954.038 Thread 0x000000002195d800 nmethod 4989 0x0000000003a636d0 code [0x0000000003a63840, 0x0000000003a63bb8]
Event: 1954.038 Thread 0x000000002195d800 4990       3       com.f1.ami.amiscript.AmiAbstractMemberMethod::buildParamNames (4 bytes)
Event: 1954.039 Thread 0x000000002195d800 nmethod 4990 0x0000000003f0f350 code [0x0000000003f0f4a0, 0x0000000003f0f5f0]
Event: 1954.040 Thread 0x000000001f944000 nmethod 4972 0x00000000045f2090 code [0x00000000045f28c0, 0x00000000045fed48]
Event: 1954.152 Thread 0x0000000021902800 nmethod 4973 0x0000000004615350 code [0x0000000004615c00, 0x00000000046249f0]
Event: 1954.195 Thread 0x000000001f94d800 4991       4       sun.instrument.InstrumentationImpl::transform (38 bytes)

GC Heap History (8 events):
Event: 12.566 GC heap before
{Heap before GC invocations=1 (full 0):
 PSYoungGen      total 8869376K, used 2839131K [0x0000000555580000, 0x00000007c0000000, 0x00000007c0000000)
  eden space 7602688K, 37% used [0x0000000555580000,0x0000000602a16eb0,0x0000000725600000)
  from space 1266688K, 0% used [0x0000000772b00000,0x0000000772b00000,0x00000007c0000000)
  to   space 1266688K, 0% used [0x0000000725600000,0x0000000725600000,0x0000000772b00000)
 ParOldGen       total 20272640K, used 0K [0x0000000080000000, 0x0000000555580000, 0x0000000555580000)
  object space 20272640K, 0% used [0x0000000080000000,0x0000000080000000,0x0000000555580000)
 Metaspace       used 20778K, capacity 21158K, committed 21248K, reserved 1069056K
  class space    used 2433K, capacity 2560K, committed 2560K, reserved 1048576K
Event: 12.585 GC heap after
Heap after GC invocations=1 (full 0):
 PSYoungGen      total 8869376K, used 44409K [0x0000000555580000, 0x00000007c0000000, 0x00000007c0000000)
  eden space 7602688K, 0% used [0x0000000555580000,0x0000000555580000,0x0000000725600000)
  from space 1266688K, 3% used [0x0000000725600000,0x000000072815e478,0x0000000772b00000)
  to   space 1266688K, 0% used [0x0000000772b00000,0x0000000772b00000,0x00000007c0000000)
 ParOldGen       total 20272640K, used 380K [0x0000000080000000, 0x0000000555580000, 0x0000000555580000)
  object space 20272640K, 0% used [0x0000000080000000,0x000000008005f050,0x0000000555580000)
 Metaspace       used 20778K, capacity 21158K, committed 21248K, reserved 1069056K
  class space    used 2433K, capacity 2560K, committed 2560K, reserved 1048576K
}
Event: 12.585 GC heap before
{Heap before GC invocations=2 (full 1):
 PSYoungGen      total 8869376K, used 44409K [0x0000000555580000, 0x00000007c0000000, 0x00000007c0000000)
  eden space 7602688K, 0% used [0x0000000555580000,0x0000000555580000,0x0000000725600000)
  from space 1266688K, 3% used [0x0000000725600000,0x000000072815e478,0x0000000772b00000)
  to   space 1266688K, 0% used [0x0000000772b00000,0x0000000772b00000,0x00000007c0000000)
 ParOldGen       total 20272640K, used 380K [0x0000000080000000, 0x0000000555580000, 0x0000000555580000)
  object space 20272640K, 0% used [0x0000000080000000,0x000000008005f050,0x0000000555580000)
 Metaspace       used 20778K, capacity 21158K, committed 21248K, reserved 1069056K
  class space    used 2433K, capacity 2560K, committed 2560K, reserved 1048576K
Event: 12.693 GC heap after
Heap after GC invocations=2 (full 1):
 PSYoungGen      total 8869376K, used 0K [0x0000000555580000, 0x00000007c0000000, 0x00000007c0000000)
  eden space 7602688K, 0% used [0x0000000555580000,0x0000000555580000,0x0000000725600000)
  from space 1266688K, 0% used [0x0000000725600000,0x0000000725600000,0x0000000772b00000)
  to   space 1266688K, 0% used [0x0000000772b00000,0x0000000772b00000,0x00000007c0000000)
 ParOldGen       total 20272640K, used 44474K [0x0000000080000000, 0x0000000555580000, 0x0000000555580000)
  object space 20272640K, 0% used [0x0000000080000000,0x0000000082b6e908,0x0000000555580000)
 Metaspace       used 20778K, capacity 21158K, committed 21248K, reserved 1069056K
  class space    used 2433K, capacity 2560K, committed 2560K, reserved 1048576K
}
Event: 1511.209 GC heap before
{Heap before GC invocations=3 (full 1):
 PSYoungGen      total 8869376K, used 2808560K [0x0000000555580000, 0x00000007c0000000, 0x00000007c0000000)
  eden space 7602688K, 36% used [0x0000000555580000,0x0000000600c3c1b0,0x0000000725600000)
  from space 1266688K, 0% used [0x0000000725600000,0x0000000725600000,0x0000000772b00000)
  to   space 1266688K, 0% used [0x0000000772b00000,0x0000000772b00000,0x00000007c0000000)
 ParOldGen       total 20272640K, used 44474K [0x0000000080000000, 0x0000000555580000, 0x0000000555580000)
  object space 20272640K, 0% used [0x0000000080000000,0x0000000082b6e908,0x0000000555580000)
 Metaspace       used 34746K, capacity 35138K, committed 35416K, reserved 1081344K
  class space    used 4056K, capacity 4170K, committed 4224K, reserved 1048576K
Event: 1511.368 GC heap after
Heap after GC invocations=3 (full 1):
 PSYoungGen      total 8869376K, used 433164K [0x0000000555580000, 0x00000007c0000000, 0x00000007c0000000)
  eden space 7602688K, 0% used [0x0000000555580000,0x0000000555580000,0x0000000725600000)
  from space 1266688K, 34% used [0x0000000772b00000,0x000000078d2031d8,0x00000007c0000000)
  to   space 1266688K, 0% used [0x0000000725600000,0x0000000725600000,0x0000000772b00000)
 ParOldGen       total 20272640K, used 44482K [0x0000000080000000, 0x0000000555580000, 0x0000000555580000)
  object space 20272640K, 0% used [0x0000000080000000,0x0000000082b70908,0x0000000555580000)
 Metaspace       used 34746K, capacity 35138K, committed 35416K, reserved 1081344K
  class space    used 4056K, capacity 4170K, committed 4224K, reserved 1048576K
}
Event: 1511.368 GC heap before
{Heap before GC invocations=4 (full 2):
 PSYoungGen      total 8869376K, used 433164K [0x0000000555580000, 0x00000007c0000000, 0x00000007c0000000)
  eden space 7602688K, 0% used [0x0000000555580000,0x0000000555580000,0x0000000725600000)
  from space 1266688K, 34% used [0x0000000772b00000,0x000000078d2031d8,0x00000007c0000000)
  to   space 1266688K, 0% used [0x0000000725600000,0x0000000725600000,0x0000000772b00000)
 ParOldGen       total 20272640K, used 44482K [0x0000000080000000, 0x0000000555580000, 0x0000000555580000)
  object space 20272640K, 0% used [0x0000000080000000,0x0000000082b70908,0x0000000555580000)
 Metaspace       used 34746K, capacity 35138K, committed 35416K, reserved 1081344K
  class space    used 4056K, capacity 4170K, committed 4224K, reserved 1048576K
Event: 1511.524 GC heap after
Heap after GC invocations=4 (full 2):
 PSYoungGen      total 8869376K, used 0K [0x0000000555580000, 0x00000007c0000000, 0x00000007c0000000)
  eden space 7602688K, 0% used [0x0000000555580000,0x0000000555580000,0x0000000725600000)
  from space 1266688K, 0% used [0x0000000772b00000,0x0000000772b00000,0x00000007c0000000)
  to   space 1266688K, 0% used [0x0000000725600000,0x0000000725600000,0x0000000772b00000)
 ParOldGen       total 20272640K, used 456727K [0x0000000080000000, 0x0000000555580000, 0x0000000555580000)
  object space 20272640K, 2% used [0x0000000080000000,0x000000009be05f98,0x0000000555580000)
 Metaspace       used 34746K, capacity 35138K, committed 35416K, reserved 1081344K
  class space    used 4056K, capacity 4170K, committed 4224K, reserved 1048576K
}

Deoptimization events (10 events):
Event: 1954.177 Thread 0x0000000024196800 Uncommon trap: reason=unhandled action=none pc=0x0000000003e6de88 method=java.net.URLClassLoader.findClass(Ljava/lang/String;)Ljava/lang/Class; @ 44
Event: 1954.178 Thread 0x0000000024196800 Uncommon trap: reason=unhandled action=none pc=0x0000000003e6de88 method=java.net.URLClassLoader.findClass(Ljava/lang/String;)Ljava/lang/Class; @ 44
Event: 1954.180 Thread 0x0000000024196800 Uncommon trap: reason=unhandled action=none pc=0x0000000003e6de88 method=java.net.URLClassLoader.findClass(Ljava/lang/String;)Ljava/lang/Class; @ 44
Event: 1954.181 Thread 0x0000000024196800 Uncommon trap: reason=unhandled action=none pc=0x0000000003e6de88 method=java.net.URLClassLoader.findClass(Ljava/lang/String;)Ljava/lang/Class; @ 44
Event: 1954.186 Thread 0x0000000024196800 Uncommon trap: reason=unhandled action=none pc=0x0000000003e6de88 method=java.net.URLClassLoader.findClass(Ljava/lang/String;)Ljava/lang/Class; @ 44
Event: 1954.188 Thread 0x0000000024196800 Uncommon trap: reason=unhandled action=none pc=0x0000000003e6de88 method=java.net.URLClassLoader.findClass(Ljava/lang/String;)Ljava/lang/Class; @ 44
Event: 1954.189 Thread 0x0000000024196800 Uncommon trap: reason=unhandled action=none pc=0x0000000003e6de88 method=java.net.URLClassLoader.findClass(Ljava/lang/String;)Ljava/lang/Class; @ 44
Event: 1954.191 Thread 0x0000000024196800 Uncommon trap: reason=unhandled action=none pc=0x0000000003e6de88 method=java.net.URLClassLoader.findClass(Ljava/lang/String;)Ljava/lang/Class; @ 44
Event: 1954.193 Thread 0x0000000024196800 Uncommon trap: reason=unhandled action=none pc=0x0000000003e6de88 method=java.net.URLClassLoader.findClass(Ljava/lang/String;)Ljava/lang/Class; @ 44
Event: 1954.195 Thread 0x0000000024196800 Uncommon trap: reason=unhandled action=none pc=0x0000000003e6de88 method=java.net.URLClassLoader.findClass(Ljava/lang/String;)Ljava/lang/Class; @ 44

Internal exceptions (10 events):
Event: 1940.791 Thread 0x00000000254db000 Exception <a 'java/net/ConnectException': Connection refused: connect> (0x00000005bd01b358) thrown at [C:\re\workspace\8-2-build-windows-amd64-cygwin\jdk8u144\9417\hotspot\src\share\vm\prims\jni.cpp, line 735]
Event: 1940.822 Thread 0x00000000254df800 Exception <a 'java/net/ConnectException': Connection refused: connect> (0x00000005caf1bb20) thrown at [C:\re\workspace\8-2-build-windows-amd64-cygwin\jdk8u144\9417\hotspot\src\share\vm\prims\jni.cpp, line 735]
Event: 1943.840 Thread 0x00000000254db000 Exception <a 'java/net/ConnectException': Connection refused: connect> (0x00000005bd01c0d8) thrown at [C:\re\workspace\8-2-build-windows-amd64-cygwin\jdk8u144\9417\hotspot\src\share\vm\prims\jni.cpp, line 735]
Event: 1944.850 Thread 0x00000000254df800 Exception <a 'java/net/ConnectException': Connection refused: connect> (0x00000005caf1cdc0) thrown at [C:\re\workspace\8-2-build-windows-amd64-cygwin\jdk8u144\9417\hotspot\src\share\vm\prims\jni.cpp, line 735]
Event: 1946.868 Thread 0x00000000254db000 Exception <a 'java/net/ConnectException': Connection refused: connect> (0x00000005bd01ce58) thrown at [C:\re\workspace\8-2-build-windows-amd64-cygwin\jdk8u144\9417\hotspot\src\share\vm\prims\jni.cpp, line 735]
Event: 1946.900 Thread 0x00000000254df800 Exception <a 'java/net/ConnectException': Connection refused: connect> (0x00000005caf1e018) thrown at [C:\re\workspace\8-2-build-windows-amd64-cygwin\jdk8u144\9417\hotspot\src\share\vm\prims\jni.cpp, line 735]
Event: 1948.907 Thread 0x00000000254df800 Exception <a 'java/net/ConnectException': Connection refused: connect> (0x00000005caf1f270) thrown at [C:\re\workspace\8-2-build-windows-amd64-cygwin\jdk8u144\9417\hotspot\src\share\vm\prims\jni.cpp, line 735]
Event: 1949.889 Thread 0x00000000254db000 Exception <a 'java/net/ConnectException': Connection refused: connect> (0x00000005bd01dbd8) thrown at [C:\re\workspace\8-2-build-windows-amd64-cygwin\jdk8u144\9417\hotspot\src\share\vm\prims\jni.cpp, line 735]
Event: 1952.931 Thread 0x00000000254db000 Exception <a 'java/net/ConnectException': Connection refused: connect> (0x00000005bd01e958) thrown at [C:\re\workspace\8-2-build-windows-amd64-cygwin\jdk8u144\9417\hotspot\src\share\vm\prims\jni.cpp, line 735]
Event: 1952.946 Thread 0x00000000254df800 Exception <a 'java/net/ConnectException': Connection refused: connect> (0x00000005caf20510) thrown at [C:\re\workspace\8-2-build-windows-amd64-cygwin\jdk8u144\9417\hotspot\src\share\vm\prims\jni.cpp, line 735]

Events (10 events):
Event: 1954.194 Thread 0x0000000024196800 DEOPT UNPACKING pc=0x000000000342582a sp=0x000000002eb1dc68 mode 2
Event: 1954.194 Thread 0x0000000024196800 DEOPT PACKING pc=0x00000000045e804c sp=0x000000002eb1dd10
Event: 1954.194 Thread 0x0000000024196800 DEOPT UNPACKING pc=0x000000000342787f sp=0x000000002eb1da10 mode 1
Event: 1954.195 loading class com/f1/ami/web/amiscript/AmiWebScriptMemberMethods_FormField$1
Event: 1954.195 loading class com/f1/ami/web/amiscript/AmiWebScriptMemberMethods_FormField$1 done
Event: 1954.195 Thread 0x0000000024196800 Uncommon trap: trap_request=0xffffffa7 fr.pc=0x0000000003e6de88
Event: 1954.195 Thread 0x0000000024196800 DEOPT PACKING pc=0x0000000003e6de88 sp=0x000000002eb1cd30
Event: 1954.195 Thread 0x0000000024196800 DEOPT UNPACKING pc=0x000000000342582a sp=0x000000002eb1ccc8 mode 2
Event: 1954.195 Thread 0x0000000024196800 DEOPT PACKING pc=0x00000000045e804c sp=0x000000002eb1cd70
Event: 1954.195 Thread 0x0000000024196800 DEOPT UNPACKING pc=0x000000000342787f sp=0x000000002eb1ca70 mode 1


Dynamic libraries:
0x00007ff60f540000 - 0x00007ff60f577000 	C:\Program Files\Java\jdk1.8.0_144\bin\javaw.exe
0x00007ffcecb80000 - 0x00007ffcecde8000 	C:\WINDOWS\SYSTEM32\ntdll.dll
0x00007ffceaf60000 - 0x00007ffceb029000 	C:\WINDOWS\System32\KERNEL32.DLL
0x00007ffcea150000 - 0x00007ffcea53d000 	C:\WINDOWS\System32\KERNELBASE.dll
0x00007ffcebf90000 - 0x00007ffcec044000 	C:\WINDOWS\System32\ADVAPI32.dll
0x00007ffceb040000 - 0x00007ffceb0e9000 	C:\WINDOWS\System32\msvcrt.dll
0x00007ffcec960000 - 0x00007ffceca06000 	C:\WINDOWS\System32\sechost.dll
0x00007ffceca10000 - 0x00007ffcecb28000 	C:\WINDOWS\System32\RPCRT4.dll
0x00007ffceab90000 - 0x00007ffcead5c000 	C:\WINDOWS\System32\USER32.dll
0x00007ffce9cd0000 - 0x00007ffce9cf7000 	C:\WINDOWS\System32\win32u.dll
0x00007ffcebf60000 - 0x00007ffcebf8b000 	C:\WINDOWS\System32\GDI32.dll
0x00007ffcea720000 - 0x00007ffcea857000 	C:\WINDOWS\System32\gdi32full.dll
0x00007ffcea540000 - 0x00007ffcea5e3000 	C:\WINDOWS\System32\msvcp_win.dll
0x00007ffce9d00000 - 0x00007ffce9e4b000 	C:\WINDOWS\System32\ucrtbase.dll
0x00007ffcd1220000 - 0x00007ffcd14ba000 	C:\WINDOWS\WinSxS\amd64_microsoft.windows.common-controls_6595b64144ccf1df_6.0.26100.4484_none_3e0e6d4ce32ef3b3\COMCTL32.dll
0x00007ffceb7c0000 - 0x00007ffceb7ef000 	C:\WINDOWS\System32\IMM32.DLL
0x0000000052d60000 - 0x0000000052e32000 	C:\Program Files\Java\jdk1.8.0_144\jre\bin\msvcr100.dll
0x0000000052f20000 - 0x00000000537bd000 	C:\Program Files\Java\jdk1.8.0_144\jre\bin\server\jvm.dll
0x00007ffceb030000 - 0x00007ffceb038000 	C:\WINDOWS\System32\PSAPI.DLL
0x00007ffcbddd0000 - 0x00007ffcbddda000 	C:\WINDOWS\SYSTEM32\WSOCK32.dll
0x00007ffce4350000 - 0x00007ffce4385000 	C:\WINDOWS\SYSTEM32\WINMM.dll
0x00007ffcdfd80000 - 0x00007ffcdfd8b000 	C:\WINDOWS\SYSTEM32\VERSION.dll
0x00007ffcea9a0000 - 0x00007ffceaa14000 	C:\WINDOWS\System32\WS2_32.dll
0x0000000052f10000 - 0x0000000052f1f000 	C:\Program Files\Java\jdk1.8.0_144\jre\bin\verify.dll
0x0000000052ee0000 - 0x0000000052f09000 	C:\Program Files\Java\jdk1.8.0_144\jre\bin\java.dll
0x0000000052d20000 - 0x0000000052d55000 	C:\Program Files\Java\jdk1.8.0_144\jre\bin\jdwp.dll
0x0000000052d10000 - 0x0000000052d18000 	C:\Program Files\Java\jdk1.8.0_144\jre\bin\npt.dll
0x0000000052ce0000 - 0x0000000052d03000 	C:\Program Files\Java\jdk1.8.0_144\jre\bin\instrument.dll
0x0000000052ec0000 - 0x0000000052ed6000 	C:\Program Files\Java\jdk1.8.0_144\jre\bin\zip.dll
0x00007ffceb800000 - 0x00007ffcebf4a000 	C:\WINDOWS\System32\SHELL32.dll
0x00007ffce9fd0000 - 0x00007ffcea144000 	C:\WINDOWS\System32\wintypes.dll
0x00007ffcec5a0000 - 0x00007ffcec926000 	C:\WINDOWS\System32\combase.dll
0x00007ffce7590000 - 0x00007ffce7deb000 	C:\WINDOWS\SYSTEM32\windows.storage.dll
0x00007ffceb0f0000 - 0x00007ffceb1e5000 	C:\WINDOWS\System32\SHCORE.dll
0x00007ffceae10000 - 0x00007ffceae7a000 	C:\WINDOWS\System32\shlwapi.dll
0x00007ffce9be0000 - 0x00007ffce9c0f000 	C:\WINDOWS\SYSTEM32\profapi.dll
0x0000000052cd0000 - 0x0000000052cd9000 	C:\Program Files\Java\jdk1.8.0_144\jre\bin\dt_socket.dll
0x00007ffcdec30000 - 0x00007ffcdec48000 	C:\WINDOWS\system32\napinsp.dll
0x00007ffcea680000 - 0x00007ffcea719000 	C:\WINDOWS\System32\bcryptPrimitives.dll
0x00007ffce8fa0000 - 0x00007ffce900a000 	C:\WINDOWS\System32\mswsock.dll
0x00007ffce81f0000 - 0x00007ffce8316000 	C:\WINDOWS\SYSTEM32\DNSAPI.dll
0x00007ffce81b0000 - 0x00007ffce81e3000 	C:\WINDOWS\SYSTEM32\IPHLPAPI.DLL
0x00007ffcecb30000 - 0x00007ffcecb3a000 	C:\WINDOWS\System32\NSI.dll
0x00007ffcdec10000 - 0x00007ffcdec22000 	C:\WINDOWS\System32\winrnr.dll
0x00007ffcdebd0000 - 0x00007ffcdec00000 	C:\WINDOWS\system32\nlansp_c.dll
0x00007ffcdeba0000 - 0x00007ffcdebc0000 	C:\WINDOWS\system32\wshbth.dll
0x00007ffce0ae0000 - 0x00007ffce0b66000 	C:\WINDOWS\System32\fwpuclnt.dll
0x00007ffcdf600000 - 0x00007ffcdf60b000 	C:\Windows\System32\rasadhlp.dll
0x0000000052ea0000 - 0x0000000052eba000 	C:\Program Files\Java\jdk1.8.0_144\jre\bin\net.dll
0x0000000052cc0000 - 0x0000000052ccd000 	C:\Program Files\Java\jdk1.8.0_144\jre\bin\management.dll
0x0000000052e50000 - 0x0000000052e74000 	C:\Program Files\Java\jdk1.8.0_144\jre\bin\sunec.dll
0x00007ffce0a40000 - 0x00007ffce0a5f000 	C:\WINDOWS\SYSTEM32\dhcpcsvc6.DLL
0x00007ffce08c0000 - 0x00007ffce08e5000 	C:\WINDOWS\SYSTEM32\dhcpcsvc.DLL
0x0000000052e80000 - 0x0000000052e91000 	C:\Program Files\Java\jdk1.8.0_144\jre\bin\nio.dll
0x00007ffce94a0000 - 0x00007ffce94bb000 	C:\WINDOWS\SYSTEM32\CRYPTSP.dll
0x00007ffce8860000 - 0x00007ffce889b000 	C:\WINDOWS\system32\rsaenh.dll
0x00007ffce9040000 - 0x00007ffce906b000 	C:\WINDOWS\SYSTEM32\USERENV.dll
0x00007ffce9bb0000 - 0x00007ffce9bd6000 	C:\WINDOWS\SYSTEM32\bcrypt.dll
0x00007ffce91e0000 - 0x00007ffce91ec000 	C:\WINDOWS\SYSTEM32\CRYPTBASE.dll
0x0000000052b20000 - 0x0000000052cb8000 	C:\Program Files\Java\jdk1.8.0_144\jre\bin\awt.dll
0x00007ffceb680000 - 0x00007ffceb760000 	C:\WINDOWS\System32\OLEAUT32.dll
0x00007ffce63f0000 - 0x00007ffce648e000 	C:\WINDOWS\SYSTEM32\apphelp.dll
0x00007ffce6980000 - 0x00007ffce69b6000 	C:\WINDOWS\system32\DWMAPI.DLL
0x00007ffce6660000 - 0x00007ffce670f000 	C:\WINDOWS\system32\uxtheme.dll
0x00007ffce7020000 - 0x00007ffce7261000 	C:\WINDOWS\SYSTEM32\dbghelp.dll

VM Arguments:
jvm_args: -agentlib:jdwp=transport=dt_socket,suspend=y,address=localhost:53775 -Djava.util.logging.manager=com.f1.speedlogger.sun.SunSpeedLoggerLogManager -Df1.license.mode=dev -Dproperty.f1.autocoded.disabled=false -Dproperty.f1.logging.mode=info -Xms29g -javaagent:C:\Users\XPS17-6\Desktop\Setup\eclipse-jee-2019-12-R-win32-x86_64\eclipse\configuration\org.eclipse.osgi\411\0\.cp\lib\javaagent-shaded.jar -Dfile.encoding=UTF-8 
java_command: com.f1.ami.one.AmiOneMain
java_class_path (initial): C:\Users\XPS17-6\Perforce\Yuan_branch\makers\yuan3\java\ami\amione\target\classes;C:\Users\XPS17-6\Perforce\Yuan_branch\makers\yuan3\java\ami\amicenterfull\target\classes;C:\Users\XPS17-6\Perforce\Yuan_branch\makers\yuan3\java\ami\amicenter\target\classes;C:\Users\XPS17-6\Perforce\Yuan_branch\makers\yuan3\java\ami\amiclient\target\classes;C:\Users\XPS17-6\Perforce\Yuan_branch\makers\yuan3\java\ami\amimysql\target\classes;C:\Users\XPS17-6\.m2\repository\mysql\mysql-connector-java\5.1.39\mysql-connector-java-5.1.39.jar;C:\Users\XPS17-6\Perforce\Yuan_branch\makers\yuan3\java\ami\amipostgresql\target\classes;C:\Users\XPS17-6\.m2\repository\org\postgresql\postgresql\42.5.1\postgresql-42.5.1.jar;C:\Users\XPS17-6\.m2\repository\org\checkerframework\checker-qual\3.5.0\checker-qual-3.5.0.jar;C:\Users\XPS17-6\Perforce\Yuan_branch\makers\yuan3\java\ami\amioracle\target\classes;C:\Users\XPS17-6\.m2\repository\com\oracle\database\jdbc\ojdbc8\18.3.0.0\ojdbc8-18.3.0.0.jar;C:\Users\XPS17-6\.m2\repository\com\oracle\database\jdbc\ucp\18.3.0.0\ucp-18.3.0.0.jar;C:\Users\XPS17-6\.m2\repository\com\oracle\database\security\oraclepki\18.3.0.0\oraclepki-18.3.0.0.jar;C:\Users\XPS17-6\.m2\repository\com\oracle\database\security\osdt_cert\18.3.0.0\osdt_cert-18.3.0.0.jar;C:\Users\XPS17-6\.m2\repository\com\oracle\database\security\osdt_core\18.3.0.0\osdt_core-18.3.0.0.jar;C:\Users\XPS17-6\.m2\repository\com\oracle\database\ha\simplefan\18.3.0.0\simplefan-18.3.0.0.jar;C:\Users\XPS17-6\.m2\repository\com\oracle\database\ha\ons\18.3.0.0\ons-18.3.0.0.jar;C:\Users\XPS17-6\Perforce\Yuan_branch\makers\yuan3\java\ami\amiexcel\target\classes;C:\Users\XPS17-6\.m2\repository\org\apache\poi\poi\5.2.3\poi-5.2.3.jar;C:\Users\XPS17-6\.m2\repository\commons-codec\commons-codec\1.15\commons-codec-1.15.jar;C:\Users\XPS17-6\.m2\repository\org\apache\commons\commons-collections4\4.4\commons-collections4-4.4.jar;C:\Users\XPS17-6\.m2\repository\org\apache\commons\commons-math3\3.6.1\co
Launcher Type: SUN_STANDARD

Environment Variables:
JAVA_HOME=C:\Program Files\Java\jdk1.8.0_144
CLASSPATH=C:\Program Files\Java\jdk1.8.0_144\lib;C:\Program Files\Java\jdk1.8.0_144\jre\lib
PATH=C:\Program Files\Java\jdk1.8.0_144\jre\bin;C:/Program Files/Java/jdk1.8.0_144/bin/../jre/bin/server;C:/Program Files/Java/jdk1.8.0_144/bin/../jre/bin;C:/Program Files/Java/jdk1.8.0_144/bin/../jre/lib/amd64;C:\Windows\system32;C:\Windows;C:\Windows\System32\Wbem;C:\Windows\System32\WindowsPowerShell\v1.0\;C:\Windows\System32\OpenSSH\;C:\Program Files (x86)\NVIDIA Corporation\PhysX\Common;C:\Program Files (x86)\PuTTY\;C:\Program Files (x86)\apache-maven-3.8.4\bin;C:\Program Files\Java\jdk1.8.0_144\bin;C:\Program Files\Git\cmd;C:\Program Files\dotnet\;C:\WINDOWS\system32;C:\WINDOWS;C:\WINDOWS\System32\Wbem;C:\WINDOWS\System32\WindowsPowerShell\v1.0\;C:\WINDOWS\System32\OpenSSH\;C:\sqlite;C:\Program Files (x86)\Microsoft SQL Server\160\Tools\Binn\;C:\Program Files\Microsoft SQL Server\160\Tools\Binn\;C:\Program Files\Microsoft SQL Server\Client SDK\ODBC\170\Tools\Binn\;C:\Program Files\Microsoft SQL Server\160\DTS\Binn\;C:\Program Files\Java\jre1.8.0_144;C:\q\w64;;C:\Program Files\Docker\Docker\resources\bin;C:\Program Files\Perforce\;C:\Users\XPS17-6\AppData\Roaming\.dotnet;C:\Users\XPS17-6\AppData\Local\Microsoft\WindowsApps;C:\Users\XPS17-6\AppData\Local\Programs\Microsoft VS Code\bin;C:\q\w64;C:\Users\XPS17-6\.dotnet\tools;;C:\Users\XPS17-6\Desktop\Setup\eclipse-jee-2019-12-R-win32-x86_64\eclipse;
USERNAME=YuanYao
OS=Windows_NT
PROCESSOR_IDENTIFIER=Intel64 Family 6 Model 165 Stepping 2, GenuineIntel



---------------  S Y S T E M  ---------------

OS: Windows 10.0 , 64 bit Build 26100 (10.0.26100.4484)

CPU:total 16 (initial active 16) (8 cores per cpu, 2 threads per core) family 6 model 165 stepping 2, cmov, cx8, fxsr, mmx, sse, sse2, sse3, ssse3, sse4.1, sse4.2, popcnt, avx, avx2, aes, clmul, erms, 3dnowpref, lzcnt, ht, tsc, tscinvbit, bmi1, bmi2, adx

Memory: 4k page, physical 33292996k(17286540k free), swap 98304708k(50982856k free)

vm_info: Java HotSpot(TM) 64-Bit Server VM (25.144-b01) for windows-amd64 JRE (1.8.0_144-b01), built on Jul 21 2017 21:57:33 by "java_re" with MS VC++ 10.0 (VS2010)

time: Mon Jul 14 20:39:40 2025
elapsed time: 1954 seconds (0d 0h 32m 34s)

