#
# A fatal error has been detected by the Java Runtime Environment:
#
#  Internal Error (javaCalls.cpp:51), pid=33024, tid=0x00000000000078f8
#  guarantee(thread->is_Java_thread()) failed: crucial check - the VM thread cannot and must not escape to Java code
#
# JRE version: Java(TM) SE Runtime Environment (8.0_144-b01) (build 1.8.0_144-b01)
# Java VM: Java HotSpot(TM) 64-Bit Server VM (25.144-b01 mixed mode windows-amd64 compressed oops)
# Failed to write core dump. Minidumps are not enabled by default on client versions of Windows
#
# If you would like to submit a bug report, please visit:
#   http://bugreport.java.com/bugreport/crash.jsp
#

---------------  T H R E A D  ---------------

Current thread (0x00000000576f6800):  VMThread [stack: 0x000000005a7f0000,0x000000005a8f0000] [id=30968]

Stack: [0x000000005a7f0000,0x000000005a8f0000]
[error occurred during error reporting (printing stack bounds), id 0xc0000005]

Native frames: (J=compiled Java code, j=interpreted, Vv=VM code, C=native code)

VM_Operation (0x000000005b23f120): GetOrSetLocal, mode: safepoint, requested by thread 0x00000000591a0000


---------------  P R O C E S S  ---------------

Java Threads: ( => current thread )
  0x000000005bb72800 JavaThread "AmiCenter-GP-7" [_thread_blocked, id=34784, stack(0x000000006bb30000,0x000000006bc30000)]
  0x000000005bb6f000 JavaThread "AmiCenter-GP-6" [_thread_blocked, id=34844, stack(0x000000006ba30000,0x000000006bb30000)]
  0x000000005bb72000 JavaThread "AmiCenter-GP-5" [_thread_blocked, id=2404, stack(0x000000006b930000,0x000000006ba30000)]
  0x000000005bb6e000 JavaThread "AmiCenter-GP-4" [_thread_blocked, id=10620, stack(0x000000006b830000,0x000000006b930000)]
  0x000000005bb6f800 JavaThread "AmiCenter-GP-3" [_thread_blocked, id=14380, stack(0x000000006b730000,0x000000006b830000)]
  0x0000000060915000 JavaThread "AmiCenter-GP-2" [_thread_blocked, id=7860, stack(0x000000006a390000,0x000000006a490000)]
  0x0000000060914800 JavaThread "AmiCenter-GP-1" [_thread_blocked, id=31764, stack(0x000000006a290000,0x000000006a390000)]
  0x0000000060917800 JavaThread "http6" [_thread_blocked, id=16012, stack(0x000000006b530000,0x000000006b630000)]
  0x0000000060916000 JavaThread "http5" [_thread_in_native, id=19084, stack(0x0000000069140000,0x0000000069240000)]
  0x0000000060916800 JavaThread "http4" [_thread_in_native, id=9684, stack(0x0000000068e30000,0x0000000068f30000)]
  0x0000000060910800 JavaThread "http3" [_thread_in_native, id=28668, stack(0x0000000068480000,0x0000000068580000)]
  0x0000000060913800 JavaThread "http2" [_thread_in_native, id=9736, stack(0x0000000068380000,0x0000000068480000)]
  0x0000000060910000 JavaThread "http1" [_thread_in_native, id=25744, stack(0x0000000068280000,0x0000000068380000)]
  0x0000000060912000 JavaThread "MsgDirectConnection6" [_thread_blocked, id=12300, stack(0x0000000068030000,0x0000000068130000)]
  0x0000000060913000 JavaThread "MsgDirectConnection5" [_thread_blocked, id=3080, stack(0x0000000066f80000,0x0000000067080000)]
  0x000000006090c000 JavaThread "pool-3-thread-2" [_thread_blocked, id=7476, stack(0x0000000066d80000,0x0000000066e80000)]
  0x000000006090d000 JavaThread "MsgDirectConnection4" [_thread_blocked, id=31368, stack(0x0000000066c80000,0x0000000066d80000)]
  0x000000006090f000 JavaThread "MsgDirectConnection3" [_thread_blocked, id=34004, stack(0x0000000066b80000,0x0000000066c80000)]
  0x000000006090e800 JavaThread "MsgDirectConnection2" [_thread_blocked, id=13940, stack(0x0000000066a80000,0x0000000066b80000)]
  0x000000006090d800 JavaThread "AMISOCKET1" [_thread_in_native, id=24744, stack(0x0000000068180000,0x0000000068280000)]
  0x0000000060908800 JavaThread "DestroyJavaVM" [_thread_blocked, id=11480, stack(0x0000000002ac0000,0x0000000002bc0000)]
  0x000000006090b800 JavaThread "KeepAliveThread" [_thread_blocked, id=30496, stack(0x0000000067f30000,0x0000000068030000)]
  0x000000006090a000 JavaThread "AmiRelay-GP-1" [_thread_blocked, id=16852, stack(0x0000000067e30000,0x0000000067f30000)]
  0x000000006090a800 JavaThread "pool-3-thread-1" [_thread_blocked, id=1528, stack(0x0000000067d30000,0x0000000067e30000)]
  0x0000000060909000 JavaThread "F1POOL-01" [_thread_blocked, id=30276, stack(0x0000000067c30000,0x0000000067d30000)]
  0x000000005dd0a000 JavaThread "MsgDirectConnection3" [_thread_blocked, id=16792, stack(0x0000000067b30000,0x0000000067c30000)]
  0x000000005dd0c800 JavaThread "MsgDirectConnection2" [_thread_blocked, id=15952, stack(0x0000000067a30000,0x0000000067b30000)]
  0x000000005dd09800 JavaThread "MsgDirectConnection1" [_thread_blocked, id=25064, stack(0x0000000067930000,0x0000000067a30000)]
  0x000000005dd0b800 JavaThread "MSGDIRECT_PROC-017" daemon [_thread_in_native, id=13228, stack(0x0000000067830000,0x0000000067930000)]
  0x000000005dd0b000 JavaThread "MSGDIRECT_PROC-016" [_thread_in_native, id=33872, stack(0x0000000067730000,0x0000000067830000)]
  0x000000005dd05800 JavaThread "MSGDIRECT_PROC-015" daemon [_thread_in_native, id=11812, stack(0x0000000067630000,0x0000000067730000)]
  0x000000005dd06800 JavaThread "MSGDIRECT_PROC-014" [_thread_in_native, id=19120, stack(0x0000000067530000,0x0000000067630000)]
  0x000000005dd08000 JavaThread "F1POOL-00" daemon [_thread_blocked, id=10724, stack(0x0000000067430000,0x0000000067530000)]
  0x000000005dd08800 JavaThread "MSGDIRECT_PROC-013" daemon [_thread_in_native, id=29984, stack(0x0000000067330000,0x0000000067430000)]
  0x000000005dd05000 JavaThread "MSGDIRECT_PROC-012" [_thread_in_native, id=9632, stack(0x0000000067230000,0x0000000067330000)]
  0x000000005dd04000 JavaThread "MSGDIRECT_RECN-011" daemon [_thread_blocked, id=6148, stack(0x0000000067130000,0x0000000067230000)]
  0x000000005dd07000 JavaThread "F1POOL-03" [_thread_blocked, id=30196, stack(0x0000000066980000,0x0000000066a80000)]
  0x000000005dd00800 JavaThread "F1POOL-02" [_thread_blocked, id=11676, stack(0x0000000066880000,0x0000000066980000)]
  0x000000005dd03800 JavaThread "pool-2-thread-2" [_thread_blocked, id=20340, stack(0x0000000066780000,0x0000000066880000)]
  0x000000005dd02800 JavaThread "MsgDirectConnection1" [_thread_blocked, id=8876, stack(0x0000000066680000,0x0000000066780000)]
  0x000000005dcff000 JavaThread "MsgDirectConnection3" [_thread_blocked, id=21260, stack(0x0000000066580000,0x0000000066680000)]
  0x000000005dd02000 JavaThread "MsgDirectConnection2" [_thread_blocked, id=3684, stack(0x0000000066480000,0x0000000066580000)]
  0x000000005dd01000 JavaThread "MSGDIRECT_PROC-010" daemon [_thread_in_native, id=33588, stack(0x0000000066380000,0x0000000066480000)]
  0x000000005dcff800 JavaThread "MSGDIRECT_PROC-009" [_thread_in_native, id=35232, stack(0x0000000066280000,0x0000000066380000)]
  0x000000005dcfe000 JavaThread "MSGDIRECT_PROC-008" daemon [_thread_in_native, id=34712, stack(0x0000000066180000,0x0000000066280000)]
  0x000000005dcfd800 JavaThread "MSGDIRECT_PROC-007" [_thread_in_native, id=23544, stack(0x0000000066080000,0x0000000066180000)]
  0x00000000612d6000 JavaThread "MSGDIRECT_PROC-006" daemon [_thread_in_native, id=33180, stack(0x0000000065f80000,0x0000000066080000)]
  0x00000000612d5800 JavaThread "MSGDIRECT_PROC-005" [_thread_in_native, id=5364, stack(0x0000000065e80000,0x0000000065f80000)]
  0x00000000612d1800 JavaThread "MsgDirectConnection1" [_thread_blocked, id=33216, stack(0x0000000065d80000,0x0000000065e80000)]
  0x00000000612d4800 JavaThread "F1POOL-02" [_thread_blocked, id=21076, stack(0x0000000065c80000,0x0000000065d80000)]
  0x00000000612d4000 JavaThread "F1POOL-01" [_thread_blocked, id=25812, stack(0x0000000065b80000,0x0000000065c80000)]
  0x00000000612d3000 JavaThread "pool-2-thread-1" [_thread_blocked, id=19600, stack(0x0000000065a80000,0x0000000065b80000)]
  0x00000000612d0000 JavaThread "F1POOL-00" [_thread_blocked, id=33328, stack(0x0000000065980000,0x0000000065a80000)]
  0x00000000612d1000 JavaThread "MSGDIRECT_RECN-004" daemon [_thread_in_native, id=26176, stack(0x0000000065880000,0x0000000065980000)]
  0x00000000612cf800 JavaThread "MSGDIRECT_RECN-003" daemon [_thread_blocked, id=35804, stack(0x0000000065780000,0x0000000065880000)]
  0x00000000612d2800 JavaThread "MSGDIRECT_LSTN-002" [_thread_in_native, id=30396, stack(0x0000000065680000,0x0000000065780000)]
  0x00000000612cb800 JavaThread "AMICommandLineInterfaceSocket-1390" [_thread_in_native, id=33432, stack(0x0000000065580000,0x0000000065680000)]
  0x00000000612cc800 JavaThread "AMIJDBCSocket-1380" [_thread_in_native, id=15988, stack(0x0000000065480000,0x0000000065580000)]
  0x00000000612ce800 JavaThread "AmiCenterResourcesWatcher" daemon [_thread_blocked, id=17360, stack(0x0000000064f80000,0x0000000065080000)]
  0x00000000612ce000 JavaThread "MsgDirectConnection1" [_thread_blocked, id=26588, stack(0x0000000064c80000,0x0000000064d80000)]
  0x00000000612cd000 JavaThread "F1POOL-01" [_thread_blocked, id=29572, stack(0x0000000064b80000,0x0000000064c80000)]
  0x00000000612c8000 JavaThread "Abandoned connection cleanup thread" daemon [_thread_blocked, id=34000, stack(0x0000000064a80000,0x0000000064b80000)]
  0x00000000612cb000 JavaThread "F1POOL-00" [_thread_blocked, id=1456, stack(0x0000000064980000,0x0000000064a80000)]
  0x00000000612c7000 JavaThread "MSGDIRECT_RECN-001" daemon [_thread_blocked, id=30504, stack(0x0000000064880000,0x0000000064980000)]
  0x00000000612ca000 JavaThread "Session Reaper" [_thread_blocked, id=8448, stack(0x0000000064780000,0x0000000064880000)]
  0x00000000612c9800 JavaThread "HttpServerSocket-13332" [_thread_in_native, id=29520, stack(0x00000000645f0000,0x00000000646f0000)]
  0x00000000612c8800 JavaThread "Java2D Disposer" daemon [_thread_blocked, id=8004, stack(0x0000000063ac0000,0x0000000063bc0000)]
  0x000000005b4d2000 JavaThread "AMiWebStats" daemon [_thread_blocked, id=25336, stack(0x0000000062880000,0x0000000062980000)]
  0x000000005b4d1800 JavaThread "AmiProcessStatsLogger" [_thread_blocked, id=17672, stack(0x0000000062780000,0x0000000062880000)]
  0x000000005b4cd800 JavaThread "TerminateFileThread" daemon [_thread_blocked, id=11032, stack(0x0000000062680000,0x0000000062780000)]
  0x000000005b4d0800 JavaThread "consoleServer1" daemon [_thread_in_native, id=23480, stack(0x0000000062580000,0x0000000062680000)]
  0x000000005b4d0000 JavaThread "AutoFlushWritercom.f1.speedlogger.impl.AutoFlushWriter@48ae9b55" daemon [_thread_blocked, id=9208, stack(0x0000000062280000,0x0000000062380000)]
  0x000000005b4cf000 JavaThread "AutoFlushWritercom.f1.speedlogger.impl.AutoFlushWriter@9353778" daemon [_thread_blocked, id=35048, stack(0x0000000061190000,0x0000000061290000)]
  0x000000005b4cc000 JavaThread "AutoFlushWritercom.f1.speedlogger.impl.AutoFlushWriter@654f0d9c" daemon [_thread_blocked, id=5748, stack(0x000000005ede0000,0x000000005eee0000)]
  0x000000005fb55800 JavaThread "Thread" daemon [_thread_blocked, id=14784, stack(0x000000005ece0000,0x000000005ede0000)]
  0x000000005b522000 JavaThread "Service Thread" daemon [_thread_blocked, id=35072, stack(0x000000005c940000,0x000000005ca40000)]
  0x000000005b4cd000 JavaThread "C1 CompilerThread11" daemon [_thread_blocked, id=4588, stack(0x000000005c840000,0x000000005c940000)]
  0x000000005b4ce800 JavaThread "C1 CompilerThread10" daemon [_thread_blocked, id=17928, stack(0x000000005c740000,0x000000005c840000)]
  0x000000005b4cb800 JavaThread "C1 CompilerThread9" daemon [_thread_blocked, id=29912, stack(0x000000005c640000,0x000000005c740000)]
  0x000000005b4b8800 JavaThread "C1 CompilerThread8" daemon [_thread_blocked, id=27024, stack(0x000000005c540000,0x000000005c640000)]
  0x000000005b498000 JavaThread "C2 CompilerThread7" daemon [_thread_blocked, id=9960, stack(0x000000005c440000,0x000000005c540000)]
  0x000000005b487000 JavaThread "C2 CompilerThread6" daemon [_thread_blocked, id=21896, stack(0x000000005c340000,0x000000005c440000)]
  0x000000005b45c800 JavaThread "C2 CompilerThread5" daemon [_thread_blocked, id=35188, stack(0x000000005c140000,0x000000005c240000)]
  0x000000005b453800 JavaThread "C2 CompilerThread4" daemon [_thread_blocked, id=25252, stack(0x000000005c040000,0x000000005c140000)]
  0x000000005b449000 JavaThread "C2 CompilerThread3" daemon [_thread_blocked, id=32172, stack(0x000000005bf40000,0x000000005c040000)]
  0x000000005b444000 JavaThread "C2 CompilerThread2" daemon [_thread_blocked, id=13240, stack(0x000000005be40000,0x000000005bf40000)]
  0x000000005b440800 JavaThread "C2 CompilerThread1" daemon [_thread_blocked, id=34672, stack(0x000000005bd40000,0x000000005be40000)]
  0x00000000594b0000 JavaThread "C2 CompilerThread0" daemon [_thread_blocked, id=17976, stack(0x000000005bc40000,0x000000005bd40000)]
  0x00000000591b3000 JavaThread "JDWP Command Reader" daemon [_thread_in_native, id=35624, stack(0x000000005b340000,0x000000005b440000)]
  0x00000000591b2000 JavaThread "JDWP Event Helper Thread" daemon [_thread_blocked, id=31328, stack(0x000000005b240000,0x000000005b340000)]
  0x00000000591a0000 JavaThread "JDWP Transport Listener: dt_socket" daemon [_thread_blocked, id=1552, stack(0x000000005b140000,0x000000005b240000)]
  0x00000000591aa000 JavaThread "Attach Listener" daemon [_thread_blocked, id=20780, stack(0x000000005ad00000,0x000000005ae00000)]
  0x00000000591a7000 JavaThread "Signal Dispatcher" daemon [_thread_blocked, id=25556, stack(0x000000005ac00000,0x000000005ad00000)]
  0x0000000059186000 JavaThread "Finalizer" daemon [_thread_blocked, id=2228, stack(0x000000005a9f0000,0x000000005aaf0000)]
  0x0000000057700800 JavaThread "Reference Handler" daemon [_thread_blocked, id=29388, stack(0x000000005a8f0000,0x000000005a9f0000)]

Other Threads:
=>0x00000000576f6800 VMThread [stack: 0x000000005a7f0000,0x000000005a8f0000] [id=30968]
  0x000000005b516000 WatcherThread [stack: 0x000000005ca40000,0x000000005cb40000] [id=7684]

VM state:at safepoint (normal execution)

VM Mutex/Monitor currently owned by a thread:  ([mutex/lock_event])
[0x0000000002e43460] Threads_lock - owner thread: 0x00000000576f6800

Heap:
 PSYoungGen      total 8869376K, used 3141563K [0x0000000555580000, 0x00000007c0000000, 0x00000007c0000000)
  eden space 7602688K, 41% used [0x0000000555580000,0x000000061516ec70,0x0000000725600000)
  from space 1266688K, 0% used [0x0000000772b00000,0x0000000772b00000,0x00000007c0000000)
  to   space 1266688K, 0% used [0x0000000725600000,0x0000000725600000,0x0000000772b00000)
 ParOldGen       total 20272640K, used 30746K [0x0000000080000000, 0x0000000555580000, 0x0000000555580000)
  object space 20272640K, 0% used [0x0000000080000000,0x0000000081e068e0,0x0000000555580000)
 Metaspace       used 47894K, capacity 48322K, committed 48600K, reserved 1091584K
  class space    used 5979K, capacity 6090K, committed 6144K, reserved 1048576K

Card table byte_map: [0x0000000012300000,0x0000000015d10000] byte_map_base: 0x0000000011f00000

Marking Bits: (ParMarkBitMap*) 0x000000006323d850
 Begin Bits: [0x00000000190c0000, 0x00000000360c0000)
 End Bits:   [0x00000000360c0000, 0x00000000530c0000)

Polling page: 0x00000000011f0000

CodeCache: size=245760Kb used=17248Kb max_used=17451Kb free=228511Kb
 bounds [0x0000000002f40000, 0x0000000004080000, 0x0000000011f40000]
 total_blobs=4807 nmethods=4154 adapters=570
 compilation: enabled

Compilation events (10 events):
Event: 156.611 Thread 0x000000005b4cd000 nmethod 5007 0x000000000393d290 code [0x000000000393d3e0, 0x000000000393d590]
Event: 156.612 Thread 0x000000005b4ce800 nmethod 5005 0x00000000033f43d0 code [0x00000000033f4560, 0x00000000033f4af8]
Event: 156.612 Thread 0x000000005b4b8800 nmethod 5003 0x0000000003964790 code [0x0000000003964940, 0x0000000003964fa8]
Event: 156.617 Thread 0x000000005b4cb800 nmethod 5002 0x0000000004061b10 code [0x0000000004061fc0, 0x0000000004065848]
Event: 156.860 Thread 0x000000005b453800 5008       4       com.f1.utils.structs.table.columnar.ColumnarColumnPrimitive::setNotNullAtArrayIndex (51 bytes)
Event: 156.863 Thread 0x000000005b453800 nmethod 5008 0x0000000003506290 code [0x00000000035063c0, 0x00000000035064b8]
Event: 157.330 Thread 0x000000005b4cd000 5009       3       com.f1.ami.center.table.AmiTableImpl::removeExpired (158 bytes)
Event: 157.331 Thread 0x000000005b4cd000 nmethod 5009 0x0000000004060310 code [0x0000000004060540, 0x0000000004061328]
Event: 157.486 Thread 0x000000005b487000 5010       4       com.f1.ami.center.table.AmiTableImpl::updateRowInner (751 bytes)
Event: 157.615 Thread 0x000000005b487000 nmethod 5010 0x0000000004073c50 code [0x0000000004073f40, 0x0000000004077600]

GC Heap History (8 events):
Event: 20.837 GC heap before
{Heap before GC invocations=1 (full 0):
 PSYoungGen      total 8869376K, used 2839132K [0x0000000555580000, 0x00000007c0000000, 0x00000007c0000000)
  eden space 7602688K, 37% used [0x0000000555580000,0x0000000602a17300,0x0000000725600000)
  from space 1266688K, 0% used [0x0000000772b00000,0x0000000772b00000,0x00000007c0000000)
  to   space 1266688K, 0% used [0x0000000725600000,0x0000000725600000,0x0000000772b00000)
 ParOldGen       total 20272640K, used 0K [0x0000000080000000, 0x0000000555580000, 0x0000000555580000)
  object space 20272640K, 0% used [0x0000000080000000,0x0000000080000000,0x0000000555580000)
 Metaspace       used 20769K, capacity 21158K, committed 21248K, reserved 1069056K
  class space    used 2428K, capacity 2560K, committed 2560K, reserved 1048576K
Event: 20.861 GC heap after
Heap after GC invocations=1 (full 0):
 PSYoungGen      total 8869376K, used 44454K [0x0000000555580000, 0x00000007c0000000, 0x00000007c0000000)
  eden space 7602688K, 0% used [0x0000000555580000,0x0000000555580000,0x0000000725600000)
  from space 1266688K, 3% used [0x0000000725600000,0x0000000728169880,0x0000000772b00000)
  to   space 1266688K, 0% used [0x0000000772b00000,0x0000000772b00000,0x00000007c0000000)
 ParOldGen       total 20272640K, used 380K [0x0000000080000000, 0x0000000555580000, 0x0000000555580000)
  object space 20272640K, 0% used [0x0000000080000000,0x000000008005f050,0x0000000555580000)
 Metaspace       used 20769K, capacity 21158K, committed 21248K, reserved 1069056K
  class space    used 2428K, capacity 2560K, committed 2560K, reserved 1048576K
}
Event: 20.861 GC heap before
{Heap before GC invocations=2 (full 1):
 PSYoungGen      total 8869376K, used 44454K [0x0000000555580000, 0x00000007c0000000, 0x00000007c0000000)
  eden space 7602688K, 0% used [0x0000000555580000,0x0000000555580000,0x0000000725600000)
  from space 1266688K, 3% used [0x0000000725600000,0x0000000728169880,0x0000000772b00000)
  to   space 1266688K, 0% used [0x0000000772b00000,0x0000000772b00000,0x00000007c0000000)
 ParOldGen       total 20272640K, used 380K [0x0000000080000000, 0x0000000555580000, 0x0000000555580000)
  object space 20272640K, 0% used [0x0000000080000000,0x000000008005f050,0x0000000555580000)
 Metaspace       used 20769K, capacity 21158K, committed 21248K, reserved 1069056K
  class space    used 2428K, capacity 2560K, committed 2560K, reserved 1048576K
Event: 20.977 GC heap after
Heap after GC invocations=2 (full 1):
 PSYoungGen      total 8869376K, used 0K [0x0000000555580000, 0x00000007c0000000, 0x00000007c0000000)
  eden space 7602688K, 0% used [0x0000000555580000,0x0000000555580000,0x0000000725600000)
  from space 1266688K, 0% used [0x0000000725600000,0x0000000725600000,0x0000000772b00000)
  to   space 1266688K, 0% used [0x0000000772b00000,0x0000000772b00000,0x00000007c0000000)
 ParOldGen       total 20272640K, used 44460K [0x0000000080000000, 0x0000000555580000, 0x0000000555580000)
  object space 20272640K, 0% used [0x0000000080000000,0x0000000082b6b3d0,0x0000000555580000)
 Metaspace       used 20769K, capacity 21158K, committed 21248K, reserved 1069056K
  class space    used 2428K, capacity 2560K, committed 2560K, reserved 1048576K
}
Event: 27.800 GC heap before
{Heap before GC invocations=3 (full 1):
 PSYoungGen      total 8869376K, used 2584917K [0x0000000555580000, 0x00000007c0000000, 0x00000007c0000000)
  eden space 7602688K, 34% used [0x0000000555580000,0x00000005f31d56f0,0x0000000725600000)
  from space 1266688K, 0% used [0x0000000725600000,0x0000000725600000,0x0000000772b00000)
  to   space 1266688K, 0% used [0x0000000772b00000,0x0000000772b00000,0x00000007c0000000)
 ParOldGen       total 20272640K, used 44460K [0x0000000080000000, 0x0000000555580000, 0x0000000555580000)
  object space 20272640K, 0% used [0x0000000080000000,0x0000000082b6b3d0,0x0000000555580000)
 Metaspace       used 34771K, capacity 35170K, committed 35416K, reserved 1081344K
  class space    used 4092K, capacity 4202K, committed 4224K, reserved 1048576K
Event: 27.807 GC heap after
Heap after GC invocations=3 (full 1):
 PSYoungGen      total 8869376K, used 6218K [0x0000000555580000, 0x00000007c0000000, 0x00000007c0000000)
  eden space 7602688K, 0% used [0x0000000555580000,0x0000000555580000,0x0000000725600000)
  from space 1266688K, 0% used [0x0000000772b00000,0x0000000773112bc8,0x00000007c0000000)
  to   space 1266688K, 0% used [0x0000000725600000,0x0000000725600000,0x0000000772b00000)
 ParOldGen       total 20272640K, used 44468K [0x0000000080000000, 0x0000000555580000, 0x0000000555580000)
  object space 20272640K, 0% used [0x0000000080000000,0x0000000082b6d3d0,0x0000000555580000)
 Metaspace       used 34771K, capacity 35170K, committed 35416K, reserved 1081344K
  class space    used 4092K, capacity 4202K, committed 4224K, reserved 1048576K
}
Event: 27.807 GC heap before
{Heap before GC invocations=4 (full 2):
 PSYoungGen      total 8869376K, used 6218K [0x0000000555580000, 0x00000007c0000000, 0x00000007c0000000)
  eden space 7602688K, 0% used [0x0000000555580000,0x0000000555580000,0x0000000725600000)
  from space 1266688K, 0% used [0x0000000772b00000,0x0000000773112bc8,0x00000007c0000000)
  to   space 1266688K, 0% used [0x0000000725600000,0x0000000725600000,0x0000000772b00000)
 ParOldGen       total 20272640K, used 44468K [0x0000000080000000, 0x0000000555580000, 0x0000000555580000)
  object space 20272640K, 0% used [0x0000000080000000,0x0000000082b6d3d0,0x0000000555580000)
 Metaspace       used 34771K, capacity 35170K, committed 35416K, reserved 1081344K
  class space    used 4092K, capacity 4202K, committed 4224K, reserved 1048576K
Event: 27.869 GC heap after
Heap after GC invocations=4 (full 2):
 PSYoungGen      total 8869376K, used 0K [0x0000000555580000, 0x00000007c0000000, 0x00000007c0000000)
  eden space 7602688K, 0% used [0x0000000555580000,0x0000000555580000,0x0000000725600000)
  from space 1266688K, 0% used [0x0000000772b00000,0x0000000772b00000,0x00000007c0000000)
  to   space 1266688K, 0% used [0x0000000725600000,0x0000000725600000,0x0000000772b00000)
 ParOldGen       total 20272640K, used 30746K [0x0000000080000000, 0x0000000555580000, 0x0000000555580000)
  object space 20272640K, 0% used [0x0000000080000000,0x0000000081e068e0,0x0000000555580000)
 Metaspace       used 34771K, capacity 35170K, committed 35416K, reserved 1081344K
  class space    used 4092K, capacity 4202K, committed 4224K, reserved 1048576K
}

Deoptimization events (10 events):
Event: 51.679 Thread 0x000000005bb72800 Uncommon trap: reason=unhandled action=none pc=0x000000000360e220 method=java.net.URLClassLoader.findClass(Ljava/lang/String;)Ljava/lang/Class; @ 44
Event: 51.689 Thread 0x000000005dd00800 Uncommon trap: reason=unhandled action=none pc=0x000000000360e220 method=java.net.URLClassLoader.findClass(Ljava/lang/String;)Ljava/lang/Class; @ 44
Event: 53.104 Thread 0x0000000060917800 Uncommon trap: reason=bimorphic action=maybe_recompile pc=0x0000000003f89f34 method=com.f1.utils.concurrent.HasherMap.put(Ljava/lang/Object;Ljava/lang/Object;)Ljava/lang/Object; @ 15
Event: 54.318 Thread 0x0000000060917800 Uncommon trap: reason=unhandled action=none pc=0x000000000360e220 method=java.net.URLClassLoader.findClass(Ljava/lang/String;)Ljava/lang/Class; @ 44
Event: 54.942 Thread 0x0000000060917800 Uncommon trap: reason=bimorphic action=maybe_recompile pc=0x0000000003f89f34 method=com.f1.utils.concurrent.HasherMap.put(Ljava/lang/Object;Ljava/lang/Object;)Ljava/lang/Object; @ 15
Event: 55.096 Thread 0x0000000060917800 Uncommon trap: reason=unhandled action=none pc=0x000000000360e220 method=java.net.URLClassLoader.findClass(Ljava/lang/String;)Ljava/lang/Class; @ 44
Event: 55.558 Thread 0x00000000612d4800 Uncommon trap: reason=unhandled action=none pc=0x000000000360e220 method=java.net.URLClassLoader.findClass(Ljava/lang/String;)Ljava/lang/Class; @ 44
Event: 55.563 Thread 0x00000000612cb000 Uncommon trap: reason=unstable_if action=reinterpret pc=0x0000000003fd1aac method=com.f1.utils.FastByteArrayDataInputStream.readUTF()Ljava/lang/String; @ 102
Event: 55.563 Thread 0x00000000612cb000 Uncommon trap: reason=unhandled action=none pc=0x000000000360e220 method=java.net.URLClassLoader.findClass(Ljava/lang/String;)Ljava/lang/Class; @ 44
Event: 121.797 Thread 0x00000000612d4800 Uncommon trap: reason=unstable_if action=reinterpret pc=0x000000000375becc method=java.util.concurrent.locks.ReentrantLock$NonfairSync.lock()V @ 6

Internal exceptions (10 events):
Event: 131.002 Thread 0x00000000612d1000 Exception <a 'java/net/ConnectException': Connection refused: connect> (0x00000005cb384690) thrown at [C:\re\workspace\8-2-build-windows-amd64-cygwin\jdk8u144\9417\hotspot\src\share\vm\prims\jni.cpp, line 735]
Event: 135.040 Thread 0x00000000612d1000 Exception <a 'java/net/ConnectException': Connection refused: connect> (0x00000005cb385930) thrown at [C:\re\workspace\8-2-build-windows-amd64-cygwin\jdk8u144\9417\hotspot\src\share\vm\prims\jni.cpp, line 735]
Event: 137.062 Thread 0x00000000612d1000 Exception <a 'java/net/ConnectException': Connection refused: connect> (0x00000005cb386b88) thrown at [C:\re\workspace\8-2-build-windows-amd64-cygwin\jdk8u144\9417\hotspot\src\share\vm\prims\jni.cpp, line 735]
Event: 139.094 Thread 0x00000000612d1000 Exception <a 'java/net/ConnectException': Connection refused: connect> (0x00000005cb387de0) thrown at [C:\re\workspace\8-2-build-windows-amd64-cygwin\jdk8u144\9417\hotspot\src\share\vm\prims\jni.cpp, line 735]
Event: 143.143 Thread 0x00000000612d1000 Exception <a 'java/net/ConnectException': Connection refused: connect> (0x00000005cb389080) thrown at [C:\re\workspace\8-2-build-windows-amd64-cygwin\jdk8u144\9417\hotspot\src\share\vm\prims\jni.cpp, line 735]
Event: 145.168 Thread 0x00000000612d1000 Exception <a 'java/net/ConnectException': Connection refused: connect> (0x00000005cb38a2d8) thrown at [C:\re\workspace\8-2-build-windows-amd64-cygwin\jdk8u144\9417\hotspot\src\share\vm\prims\jni.cpp, line 735]
Event: 147.190 Thread 0x00000000612d1000 Exception <a 'java/net/ConnectException': Connection refused: connect> (0x00000005cb38b530) thrown at [C:\re\workspace\8-2-build-windows-amd64-cygwin\jdk8u144\9417\hotspot\src\share\vm\prims\jni.cpp, line 735]
Event: 151.204 Thread 0x00000000612d1000 Exception <a 'java/net/ConnectException': Connection refused: connect> (0x00000005cb38c980) thrown at [C:\re\workspace\8-2-build-windows-amd64-cygwin\jdk8u144\9417\hotspot\src\share\vm\prims\jni.cpp, line 735]
Event: 153.230 Thread 0x00000000612d1000 Exception <a 'java/net/ConnectException': Connection refused: connect> (0x00000005cb38dbd8) thrown at [C:\re\workspace\8-2-build-windows-amd64-cygwin\jdk8u144\9417\hotspot\src\share\vm\prims\jni.cpp, line 735]
Event: 155.277 Thread 0x00000000612d1000 Exception <a 'java/net/ConnectException': Connection refused: connect> (0x00000005cb38ee30) thrown at [C:\re\workspace\8-2-build-windows-amd64-cygwin\jdk8u144\9417\hotspot\src\share\vm\prims\jni.cpp, line 735]

Events (10 events):
Event: 158.497 Executing VM operation: EnterInterpOnlyMode done
Event: 158.497 Executing VM operation: GetCurrentLocation
Event: 158.498 Executing VM operation: GetCurrentLocation done
Event: 158.498 Executing VM operation: ChangeSingleStep
Event: 158.498 Executing VM operation: ChangeSingleStep done
Event: 158.498 Executing VM operation: GetOrSetLocal
Event: 158.499 Executing VM operation: GetOrSetLocal done
Event: 158.500 Executing VM operation: ChangeSingleStep
Event: 158.500 Executing VM operation: ChangeSingleStep done
Event: 158.811 Executing VM operation: GetOrSetLocal


Dynamic libraries:
0x00007ff7f0e90000 - 0x00007ff7f0ec7000 	C:\Program Files\Java\jdk1.8.0_144\bin\javaw.exe
0x00007ffff4b80000 - 0x00007ffff4de3000 	C:\WINDOWS\SYSTEM32\ntdll.dll
0x00007ffff4580000 - 0x00007ffff4647000 	C:\WINDOWS\System32\KERNEL32.DLL
0x00007ffff25f0000 - 0x00007ffff29b7000 	C:\WINDOWS\System32\KERNELBASE.dll
0x00007ffff4790000 - 0x00007ffff4844000 	C:\WINDOWS\System32\ADVAPI32.dll
0x00007ffff3290000 - 0x00007ffff3339000 	C:\WINDOWS\System32\msvcrt.dll
0x00007ffff46a0000 - 0x00007ffff4746000 	C:\WINDOWS\System32\sechost.dll
0x00007ffff4400000 - 0x00007ffff4516000 	C:\WINDOWS\System32\RPCRT4.dll
0x00007ffff3600000 - 0x00007ffff37c9000 	C:\WINDOWS\System32\USER32.dll
0x00007ffff1f20000 - 0x00007ffff1f47000 	C:\WINDOWS\System32\win32u.dll
0x00007ffff3ee0000 - 0x00007ffff3f0a000 	C:\WINDOWS\System32\GDI32.dll
0x00007ffff2220000 - 0x00007ffff234b000 	C:\WINDOWS\System32\gdi32full.dll
0x00007ffff24a0000 - 0x00007ffff2543000 	C:\WINDOWS\System32\msvcp_win.dll
0x00007ffff2350000 - 0x00007ffff249c000 	C:\WINDOWS\System32\ucrtbase.dll
0x00007ffff11d0000 - 0x00007ffff1460000 	C:\WINDOWS\WinSxS\amd64_microsoft.windows.common-controls_6595b64144ccf1df_6.0.26100.3037_none_3e09262ce333c378\COMCTL32.dll
0x00007ffff4750000 - 0x00007ffff477f000 	C:\WINDOWS\System32\IMM32.DLL
0x0000000064230000 - 0x0000000064302000 	C:\Program Files\Java\jdk1.8.0_144\jre\bin\msvcr100.dll
0x0000000062a20000 - 0x00000000632bd000 	C:\Program Files\Java\jdk1.8.0_144\jre\bin\server\jvm.dll
0x00007ffff35f0000 - 0x00007ffff35f8000 	C:\WINDOWS\System32\PSAPI.DLL
0x00007fffec2a0000 - 0x00007fffec2ab000 	C:\WINDOWS\SYSTEM32\VERSION.dll
0x00007fffe9d20000 - 0x00007fffe9d56000 	C:\WINDOWS\SYSTEM32\WINMM.dll
0x00007fffbd940000 - 0x00007fffbd94a000 	C:\WINDOWS\SYSTEM32\WSOCK32.dll
0x00007ffff3360000 - 0x00007ffff33d4000 	C:\WINDOWS\System32\WS2_32.dll
0x00000000643e0000 - 0x00000000643ef000 	C:\Program Files\Java\jdk1.8.0_144\jre\bin\verify.dll
0x00000000643b0000 - 0x00000000643d9000 	C:\Program Files\Java\jdk1.8.0_144\jre\bin\java.dll
0x00000000641f0000 - 0x0000000064225000 	C:\Program Files\Java\jdk1.8.0_144\jre\bin\jdwp.dll
0x00000000641e0000 - 0x00000000641e8000 	C:\Program Files\Java\jdk1.8.0_144\jre\bin\npt.dll
0x0000000063db0000 - 0x0000000063dd3000 	C:\Program Files\Java\jdk1.8.0_144\jre\bin\instrument.dll
0x0000000064390000 - 0x00000000643a6000 	C:\Program Files\Java\jdk1.8.0_144\jre\bin\zip.dll
0x00007ffff37d0000 - 0x00007ffff3ed4000 	C:\WINDOWS\System32\SHELL32.dll
0x00007fffeee60000 - 0x00007fffef697000 	C:\WINDOWS\SYSTEM32\windows.storage.dll
0x00007ffff4070000 - 0x00007ffff43ee000 	C:\WINDOWS\System32\combase.dll
0x00007ffff4a50000 - 0x00007ffff4b39000 	C:\WINDOWS\System32\SHCORE.dll
0x00007ffff4520000 - 0x00007ffff457d000 	C:\WINDOWS\System32\shlwapi.dll
0x00007ffff1e30000 - 0x00007ffff1e5e000 	C:\WINDOWS\SYSTEM32\profapi.dll
0x00000000641d0000 - 0x00000000641d9000 	C:\Program Files\Java\jdk1.8.0_144\jre\bin\dt_socket.dll
0x00007fffe9870000 - 0x00007fffe9888000 	C:\WINDOWS\system32\napinsp.dll
0x00007ffff2550000 - 0x00007ffff25e9000 	C:\WINDOWS\System32\bcryptPrimitives.dll
0x00007ffff0890000 - 0x00007ffff08fa000 	C:\WINDOWS\System32\mswsock.dll
0x00007fffefc00000 - 0x00007fffefd25000 	C:\WINDOWS\SYSTEM32\DNSAPI.dll
0x00007fffefbc0000 - 0x00007fffefbf2000 	C:\WINDOWS\SYSTEM32\IPHLPAPI.DLL
0x00007ffff3440000 - 0x00007ffff344a000 	C:\WINDOWS\System32\NSI.dll
0x00007fffe9850000 - 0x00007fffe9862000 	C:\WINDOWS\System32\winrnr.dll
0x00007fffe9820000 - 0x00007fffe9842000 	C:\WINDOWS\system32\nlansp_c.dll
0x00007fffe9800000 - 0x00007fffe9816000 	C:\WINDOWS\system32\wshbth.dll
0x00007fffed490000 - 0x00007fffed515000 	C:\WINDOWS\System32\fwpuclnt.dll
0x00007fffea1b0000 - 0x00007fffea1bb000 	C:\Windows\System32\rasadhlp.dll
0x0000000064370000 - 0x000000006438a000 	C:\Program Files\Java\jdk1.8.0_144\jre\bin\net.dll
0x0000000063da0000 - 0x0000000063dad000 	C:\Program Files\Java\jdk1.8.0_144\jre\bin\management.dll
0x0000000064320000 - 0x0000000064344000 	C:\Program Files\Java\jdk1.8.0_144\jre\bin\sunec.dll
0x00007fffed3a0000 - 0x00007fffed3bf000 	C:\WINDOWS\SYSTEM32\dhcpcsvc6.DLL
0x00007fffed290000 - 0x00007fffed2b5000 	C:\WINDOWS\SYSTEM32\dhcpcsvc.DLL
0x0000000064350000 - 0x0000000064361000 	C:\Program Files\Java\jdk1.8.0_144\jre\bin\nio.dll
0x00007ffff1b60000 - 0x00007ffff1b7c000 	C:\WINDOWS\SYSTEM32\CRYPTSP.dll
0x00007ffff0d70000 - 0x00007ffff0da8000 	C:\WINDOWS\system32\rsaenh.dll
0x00007ffff0900000 - 0x00007ffff092b000 	C:\WINDOWS\SYSTEM32\USERENV.dll
0x00007ffff1690000 - 0x00007ffff16b6000 	C:\WINDOWS\SYSTEM32\bcrypt.dll
0x00007ffff0f90000 - 0x00007ffff0f9c000 	C:\WINDOWS\SYSTEM32\CRYPTBASE.dll
0x0000000063c00000 - 0x0000000063d98000 	C:\Program Files\Java\jdk1.8.0_144\jre\bin\awt.dll
0x00007ffff4970000 - 0x00007ffff4a46000 	C:\WINDOWS\System32\OLEAUT32.dll
0x00007fffebef0000 - 0x00007fffebf8c000 	C:\WINDOWS\SYSTEM32\apphelp.dll
0x00007fffee4e0000 - 0x00007fffee50e000 	C:\WINDOWS\system32\DWMAPI.DLL
0x00007fffedda0000 - 0x00007fffede4d000 	C:\WINDOWS\system32\uxtheme.dll

VM Arguments:
jvm_args: -agentlib:jdwp=transport=dt_socket,suspend=y,address=localhost:57693 -Djava.util.logging.manager=com.f1.speedlogger.sun.SunSpeedLoggerLogManager -Df1.license.mode=dev -Dproperty.f1.autocoded.disabled=false -Dproperty.f1.logging.mode=info -Xms29g -javaagent:C:\Users\XPS17-6\Desktop\Setup\eclipse-jee-2019-12-R-win32-x86_64\eclipse\configuration\org.eclipse.osgi\411\0\.cp\lib\javaagent-shaded.jar -Dfile.encoding=UTF-8 
java_command: com.f1.ami.one.AmiOneMain
java_class_path (initial): C:\Users\XPS17-6\Perforce\Yuan_branch\makers\yuan3\java\ami\amione\target\classes;C:\Users\XPS17-6\Perforce\Yuan_branch\makers\yuan3\java\ami\amicenterfull\target\classes;C:\Users\XPS17-6\Perforce\Yuan_branch\makers\yuan3\java\ami\amicenter\target\classes;C:\Users\XPS17-6\Perforce\Yuan_branch\makers\yuan3\java\ami\amiclient\target\classes;C:\Users\XPS17-6\Perforce\Yuan_branch\makers\yuan3\java\ami\amimysql\target\classes;C:\Users\XPS17-6\.m2\repository\mysql\mysql-connector-java\5.1.39\mysql-connector-java-5.1.39.jar;C:\Users\XPS17-6\Perforce\Yuan_branch\makers\yuan3\java\ami\amipostgresql\target\classes;C:\Users\XPS17-6\.m2\repository\org\postgresql\postgresql\42.5.1\postgresql-42.5.1.jar;C:\Users\XPS17-6\.m2\repository\org\checkerframework\checker-qual\3.5.0\checker-qual-3.5.0.jar;C:\Users\XPS17-6\Perforce\Yuan_branch\makers\yuan3\java\ami\amioracle\target\classes;C:\Users\XPS17-6\.m2\repository\com\oracle\database\jdbc\ojdbc8\18.3.0.0\ojdbc8-18.3.0.0.jar;C:\Users\XPS17-6\.m2\repository\com\oracle\database\jdbc\ucp\18.3.0.0\ucp-18.3.0.0.jar;C:\Users\XPS17-6\.m2\repository\com\oracle\database\security\oraclepki\18.3.0.0\oraclepki-18.3.0.0.jar;C:\Users\XPS17-6\.m2\repository\com\oracle\database\security\osdt_cert\18.3.0.0\osdt_cert-18.3.0.0.jar;C:\Users\XPS17-6\.m2\repository\com\oracle\database\security\osdt_core\18.3.0.0\osdt_core-18.3.0.0.jar;C:\Users\XPS17-6\.m2\repository\com\oracle\database\ha\simplefan\18.3.0.0\simplefan-18.3.0.0.jar;C:\Users\XPS17-6\.m2\repository\com\oracle\database\ha\ons\18.3.0.0\ons-18.3.0.0.jar;C:\Users\XPS17-6\Perforce\Yuan_branch\makers\yuan3\java\ami\amiexcel\target\classes;C:\Users\XPS17-6\.m2\repository\org\apache\poi\poi\5.2.3\poi-5.2.3.jar;C:\Users\XPS17-6\.m2\repository\commons-codec\commons-codec\1.15\commons-codec-1.15.jar;C:\Users\XPS17-6\.m2\repository\org\apache\commons\commons-collections4\4.4\commons-collections4-4.4.jar;C:\Users\XPS17-6\.m2\repository\org\apache\commons\commons-math3\3.6.1\co
Launcher Type: SUN_STANDARD

Environment Variables:
JAVA_HOME=C:\Program Files\Java\jdk1.8.0_144
CLASSPATH=C:\Program Files\Java\jdk1.8.0_144\lib;C:\Program Files\Java\jdk1.8.0_144\jre\lib
PATH=C:\Program Files\Java\jdk1.8.0_144\jre\bin;C:/Program Files/Java/jdk1.8.0_144/bin/../jre/bin/server;C:/Program Files/Java/jdk1.8.0_144/bin/../jre/bin;C:/Program Files/Java/jdk1.8.0_144/bin/../jre/lib/amd64;C:\Windows\system32;C:\Windows;C:\Windows\System32\Wbem;C:\Windows\System32\WindowsPowerShell\v1.0\;C:\Windows\System32\OpenSSH\;C:\Program Files (x86)\NVIDIA Corporation\PhysX\Common;C:\Program Files (x86)\PuTTY\;C:\Program Files (x86)\apache-maven-3.8.4\bin;C:\Program Files\Java\jdk1.8.0_144\bin;C:\Program Files\Git\cmd;C:\Program Files\dotnet\;C:\WINDOWS\system32;C:\WINDOWS;C:\WINDOWS\System32\Wbem;C:\WINDOWS\System32\WindowsPowerShell\v1.0\;C:\WINDOWS\System32\OpenSSH\;C:\sqlite;C:\Program Files (x86)\Microsoft SQL Server\160\Tools\Binn\;C:\Program Files\Microsoft SQL Server\160\Tools\Binn\;C:\Program Files\Microsoft SQL Server\Client SDK\ODBC\170\Tools\Binn\;C:\Program Files\Microsoft SQL Server\160\DTS\Binn\;C:\Program Files\Java\jre1.8.0_144;C:\q\w64;;C:\Program Files\Docker\Docker\resources\bin;C:\Program Files\Perforce\;C:\Users\XPS17-6\AppData\Roaming\.dotnet;C:\Users\XPS17-6\AppData\Local\Microsoft\WindowsApps;C:\Users\XPS17-6\AppData\Local\Programs\Microsoft VS Code\bin;C:\q\w64;C:\Users\XPS17-6\.dotnet\tools;;C:\Users\XPS17-6\Desktop\Setup\eclipse-jee-2019-12-R-win32-x86_64\eclipse;
USERNAME=YuanYao
OS=Windows_NT
PROCESSOR_IDENTIFIER=Intel64 Family 6 Model 165 Stepping 2, GenuineIntel



---------------  S Y S T E M  ---------------

OS: Windows 10.0 , 64 bit Build 26100 (10.0.26100.3037)

CPU:total 16 (initial active 16) (8 cores per cpu, 2 threads per core) family 6 model 165 stepping 2, cmov, cx8, fxsr, mmx, sse, sse2, sse3, ssse3, sse4.1, sse4.2, popcnt, avx, avx2, aes, clmul, erms, 3dnowpref, lzcnt, ht, tsc, tscinvbit, bmi1, bmi2, adx

Memory: 4k page, physical 33292996k(16873712k free), swap 104596164k(55199236k free)

vm_info: Java HotSpot(TM) 64-Bit Server VM (25.144-b01) for windows-amd64 JRE (1.8.0_144-b01), built on Jul 21 2017 21:57:33 by "java_re" with MS VC++ 10.0 (VS2010)

time: Sun Mar 16 01:28:14 2025
elapsed time: 158 seconds (0d 0h 2m 38s)

