#
# A fatal error has been detected by the Java Runtime Environment:
#
#  EXCEPTION_ACCESS_VIOLATION (0xc0000005) at pc=0x0000000077c02120, pid=22076, tid=0x000000000000538c
#
# JRE version: Java(TM) SE Runtime Environment (8.0_144-b01) (build 1.8.0_144-b01)
# Java VM: Java HotSpot(TM) 64-Bit Server VM (25.144-b01 mixed mode windows-amd64 compressed oops)
# Problematic frame:
# V  [jvm.dll+0x4a2120]
#
# Failed to write core dump. Minidumps are not enabled by default on client versions of Windows
#
# If you would like to submit a bug report, please visit:
#   http://bugreport.java.com/bugreport/crash.jsp
#

---------------  T H R E A D  ---------------

Current thread (0x0000000021b18000):  JavaThread "C2 CompilerThread3" daemon [_thread_in_native, id=21388, stack(0x0000000022610000,0x0000000022710000)]

siginfo: ExceptionCode=0xc0000005, reading address 0x0000002077f7df90

Registers:
RAX=0x0000000000000000, RBX=0x0000000000000000, RCX=0x0000002077f7df90, RDX=0x0000000000000000
RSP=0x000000002270c390, RBP=0x0000000000000066, RSI=0x0000000000000330, RDI=0x000000002270c3e0
R8 =0x0000000000000000, R9 =0x000000000000554b, R10=0x0000000077760000, R11=0x000000002270c2b0
R12=0x00000000004125f0, R13=0x00000000000094e9, R14=0x0000000077760000, R15=0x00000000000003d8
RIP=0x0000000077c02120, EFLAGS=0x0000000000010246

Top of Stack: (sp=0x000000002270c390)
0x000000002270c390:   000000002270eb60 0000000028d3d7b0
0x000000002270c3a0:   fffffffffffffff8 000000001fb7ede0
0x000000002270c3b0:   0000000000000001 0000000077bfd9f5
0x000000002270c3c0:   0000000028f71d10 0000000000000000
0x000000002270c3d0:   000000002270c4c0 0000000000000051
0x000000002270c3e0:   0000555000000000 0000000000000003
0x000000002270c3f0:   0000002077f7df90 0000000000000056
0x000000002270c400:   000000002824aa00 00000000000000bb
0x000000002270c410:   000000002908c1f0 000000002270c7b0
0x000000002270c420:   0000000021c52448 0000000021c52070
0x000000002270c430:   000000002270c540 0000000077bc933a
0x000000002270c440:   0000000000000000 0000000021c52060
0x000000002270c450:   000000002270c7b0 0000000000000000
0x000000002270c460:   0000000000000002 0000000021c52060
0x000000002270c470:   000000002b0a6d50 000000002b0a86e0
0x000000002270c480:   000000002b0aed38 0000000006466118 

Instructions: (pc=0x0000000077c02120)
0x0000000077c02100:   48 8b 4f 20 48 39 04 0e 0f 84 9d 00 00 00 48 8b
0x0000000077c02110:   0c 0e 33 d2 33 c0 48 89 4f 10 66 0f 1f 44 00 00
0x0000000077c02120:   83 3c 08 00 0f 85 36 01 00 00 ff c2 48 83 c0 04
0x0000000077c02130:   83 fa 08 72 eb 48 8b 47 30 48 89 44 24 30 48 85 


Register to memory mapping:

RAX=0x0000000000000000 is an unknown value
RBX=0x0000000000000000 is an unknown value
RCX=0x0000002077f7df90 is an unknown value
RDX=0x0000000000000000 is an unknown value
RSP=0x000000002270c390 is pointing into the stack for thread: 0x0000000021b18000
RBP=0x0000000000000066 is an unknown value
RSI=0x0000000000000330 is an unknown value
RDI=0x000000002270c3e0 is pointing into the stack for thread: 0x0000000021b18000
R8 =0x0000000000000000 is an unknown value
R9 =0x000000000000554b is an unknown value
R10=0x0000000077760000 is an unknown value
R11=0x000000002270c2b0 is pointing into the stack for thread: 0x0000000021b18000
R12=0x00000000004125f0 is an unknown value
R13=0x00000000000094e9 is an unknown value
R14=0x0000000077760000 is an unknown value
R15=0x00000000000003d8 is an unknown value


Stack: [0x0000000022610000,0x0000000022710000],  sp=0x000000002270c390,  free space=1008k
Native frames: (J=compiled Java code, j=interpreted, Vv=VM code, C=native code)
V  [jvm.dll+0x4a2120]
V  [jvm.dll+0x49d9f5]
V  [jvm.dll+0x46933a]
V  [jvm.dll+0x4745bb]
V  [jvm.dll+0x476ec7]
V  [jvm.dll+0x4598c2]
V  [jvm.dll+0xa5dc2]
V  [jvm.dll+0xa66ff]
V  [jvm.dll+0x24524f]
V  [jvm.dll+0x29ca6a]
C  [msvcr100.dll+0x21d9f]
C  [msvcr100.dll+0x21e3b]
C  [KERNEL32.DLL+0x2e8d7]
C  [ntdll.dll+0x3c34c]


Current CompileTask:
C2:   2142  325 %     4       org.eclipse.jdt.launching.internal.org.objectweb.asm.ClassReader::readCode @ 2165 (5089 bytes)


---------------  P R O C E S S  ---------------

Java Threads: ( => current thread )
  0x000000001fb7f800 JavaThread "Service Thread" daemon [_thread_blocked, id=26964, stack(0x0000000023010000,0x0000000023110000)]
  0x0000000021b61000 JavaThread "C1 CompilerThread11" daemon [_thread_blocked, id=22084, stack(0x0000000022f10000,0x0000000023010000)]
  0x0000000021b5b000 JavaThread "C1 CompilerThread10" daemon [_thread_blocked, id=31108, stack(0x0000000022e10000,0x0000000022f10000)]
  0x0000000021b5e000 JavaThread "C1 CompilerThread9" daemon [_thread_blocked, id=30420, stack(0x0000000022d10000,0x0000000022e10000)]
  0x0000000021b5a800 JavaThread "C1 CompilerThread8" daemon [_thread_blocked, id=22392, stack(0x0000000022c10000,0x0000000022d10000)]
  0x0000000021b5d800 JavaThread "C2 CompilerThread7" daemon [_thread_blocked, id=19840, stack(0x0000000022b10000,0x0000000022c10000)]
  0x0000000021b5c800 JavaThread "C2 CompilerThread6" daemon [_thread_blocked, id=14296, stack(0x0000000022a10000,0x0000000022b10000)]
  0x0000000021b5c000 JavaThread "C2 CompilerThread5" daemon [_thread_blocked, id=4740, stack(0x0000000022810000,0x0000000022910000)]
  0x0000000021b48800 JavaThread "C2 CompilerThread4" daemon [_thread_blocked, id=8124, stack(0x0000000022710000,0x0000000022810000)]
=>0x0000000021b18000 JavaThread "C2 CompilerThread3" daemon [_thread_in_native, id=21388, stack(0x0000000022610000,0x0000000022710000)]
  0x0000000021b13000 JavaThread "C2 CompilerThread2" daemon [_thread_blocked, id=164, stack(0x0000000022510000,0x0000000022610000)]
  0x0000000021b10800 JavaThread "C2 CompilerThread1" daemon [_thread_blocked, id=22096, stack(0x0000000022410000,0x0000000022510000)]
  0x000000001fb85000 JavaThread "C2 CompilerThread0" daemon [_thread_blocked, id=1912, stack(0x0000000022310000,0x0000000022410000)]
  0x000000001f882000 JavaThread "JDWP Command Reader" daemon [_thread_in_native, id=6536, stack(0x0000000021a10000,0x0000000021b10000)]
  0x000000001f880800 JavaThread "JDWP Event Helper Thread" daemon [_thread_blocked, id=20372, stack(0x0000000021910000,0x0000000021a10000)]
  0x000000001f86e000 JavaThread "JDWP Transport Listener: dt_socket" daemon [_thread_blocked, id=19628, stack(0x0000000021810000,0x0000000021910000)]
  0x000000001f878000 JavaThread "Attach Listener" daemon [_thread_blocked, id=14820, stack(0x00000000213d0000,0x00000000214d0000)]
  0x000000001f875800 JavaThread "Signal Dispatcher" daemon [_thread_blocked, id=32356, stack(0x00000000212d0000,0x00000000213d0000)]
  0x000000001f856800 JavaThread "Finalizer" daemon [_thread_blocked, id=10248, stack(0x00000000210c0000,0x00000000211c0000)]
  0x000000001ddec800 JavaThread "Reference Handler" daemon [_thread_blocked, id=10424, stack(0x0000000020fc0000,0x00000000210c0000)]
  0x00000000030fd000 JavaThread "main" [_thread_in_native, id=34308, stack(0x0000000003280000,0x0000000003380000)]

Other Threads:
  0x000000001dde6000 VMThread [stack: 0x0000000020ec0000,0x0000000020fc0000] [id=34616]
  0x0000000021d4e000 WatcherThread [stack: 0x0000000023110000,0x0000000023210000] [id=17716]

VM state:not at safepoint (normal execution)

VM Mutex/Monitor currently owned by a thread: None

Heap:
 PSYoungGen      total 8869376K, used 1216438K [0x0000000555580000, 0x00000007c0000000, 0x00000007c0000000)
  eden space 7602688K, 16% used [0x0000000555580000,0x000000059f96d8e8,0x0000000725600000)
  from space 1266688K, 0% used [0x0000000772b00000,0x0000000772b00000,0x00000007c0000000)
  to   space 1266688K, 0% used [0x0000000725600000,0x0000000725600000,0x0000000772b00000)
 ParOldGen       total 20272640K, used 0K [0x0000000080000000, 0x0000000555580000, 0x0000000555580000)
  object space 20272640K, 0% used [0x0000000080000000,0x0000000080000000,0x0000000555580000)
 Metaspace       used 8893K, capacity 8984K, committed 9088K, reserved 1056768K
  class space    used 862K, capacity 887K, committed 896K, reserved 1048576K

Card table byte_map: [0x00000000129f0000,0x0000000016400000] byte_map_base: 0x00000000125f0000

Marking Bits: (ParMarkBitMap*) 0x0000000077f7d850
 Begin Bits: [0x00000007c0000000, 0x00000007dd000000)
 End Bits:   [0x00000007dd000000, 0x00000007fa000000)

Polling page: 0x00000000030a0000

CodeCache: size=245760Kb used=6459Kb max_used=6459Kb free=239300Kb
 bounds [0x0000000003630000, 0x0000000003c90000, 0x0000000012630000]
 total_blobs=1279 nmethods=947 adapters=250
 compilation: enabled

Compilation events (10 events):
Event: 1.671 Thread 0x0000000021b61000  945       1       sun.security.x509.X509AttributeName::getSuffix (5 bytes)
Event: 1.671 Thread 0x0000000021b61000 nmethod 945 0x0000000003c4ecd0 code [0x0000000003c4ee20, 0x0000000003c4ef30]
Event: 1.671 Thread 0x0000000021b5d800 nmethod 932 0x0000000003c7f9d0 code [0x0000000003c7fb40, 0x0000000003c7ff88]
Event: 1.671 Thread 0x0000000021b5a800 nmethod 942 0x0000000003c803d0 code [0x0000000003c80780, 0x0000000003c829e8]
Event: 1.672 Thread 0x0000000021b61000  946       3       sun.security.provider.DigestBase::engineUpdate (189 bytes)
Event: 1.672 Thread 0x0000000021b5e000  947       3       sun.security.provider.SHA::implCompress (491 bytes)
Event: 1.673 Thread 0x0000000021b5b000  948       1       java.nio.charset.CharsetEncoder::maxBytesPerChar (5 bytes)
Event: 1.673 Thread 0x0000000021b5b000 nmethod 948 0x0000000003c6d650 code [0x0000000003c6d7a0, 0x0000000003c6d8b0]
Event: 1.673 Thread 0x0000000021b5e000 nmethod 947 0x0000000003c7e5d0 code [0x0000000003c7e7c0, 0x0000000003c7f0c8]
Event: 1.673 Thread 0x0000000021b61000 nmethod 946 0x0000000003c7d3d0 code [0x0000000003c7d5e0, 0x0000000003c7e258]

GC Heap History (0 events):
No events

Deoptimization events (10 events):
Event: 1.535 Thread 0x00000000030fd000 Uncommon trap: reason=class_check action=maybe_recompile pc=0x000000000397456c method=java.lang.String.equals(Ljava/lang/Object;)Z @ 8
Event: 1.535 Thread 0x00000000030fd000 Uncommon trap: reason=class_check action=maybe_recompile pc=0x000000000397456c method=java.lang.String.equals(Ljava/lang/Object;)Z @ 8
Event: 1.535 Thread 0x00000000030fd000 Uncommon trap: reason=class_check action=maybe_recompile pc=0x000000000397456c method=java.lang.String.equals(Ljava/lang/Object;)Z @ 8
Event: 1.535 Thread 0x00000000030fd000 Uncommon trap: reason=class_check action=maybe_recompile pc=0x000000000397456c method=java.lang.String.equals(Ljava/lang/Object;)Z @ 8
Event: 1.559 Thread 0x00000000030fd000 Uncommon trap: reason=unstable_if action=reinterpret pc=0x0000000003ba5060 method=sun.util.calendar.ZoneInfoFile$ZoneOffsetTransitionRule.toEpochDay(III)J @ 119
Event: 1.559 Thread 0x00000000030fd000 Uncommon trap: reason=unstable_if action=reinterpret pc=0x0000000003ba0ccc method=sun.util.calendar.ZoneInfoFile$ZoneOffsetTransitionRule.toEpochDay(III)J @ 119
Event: 1.627 Thread 0x00000000030fd000 Uncommon trap: reason=unstable_if action=reinterpret pc=0x0000000003ba6708 method=java.util.HashMap.putVal(ILjava/lang/Object;Ljava/lang/Object;ZZ)Ljava/lang/Object; @ 193
Event: 1.627 Thread 0x00000000030fd000 Uncommon trap: reason=unstable_if action=reinterpret pc=0x0000000003b81360 method=java.util.HashMap.putVal(ILjava/lang/Object;Ljava/lang/Object;ZZ)Ljava/lang/Object; @ 193
Event: 1.654 Thread 0x00000000030fd000 Uncommon trap: reason=unstable_if action=reinterpret pc=0x000000000396140c method=java.io.WinNTFileSystem.normalize(Ljava/lang/String;)Ljava/lang/String; @ 128
Event: 1.668 Thread 0x00000000030fd000 Uncommon trap: reason=unstable_if action=reinterpret pc=0x0000000003b83394 method=java.io.ByteArrayInputStream.read()I @ 8

Internal exceptions (10 events):
Event: 0.408 Thread 0x00000000030fd000 Exception <a 'java/security/PrivilegedActionException'> (0x00000005556848c8) thrown at [C:\re\workspace\8-2-build-windows-amd64-cygwin\jdk8u144\9417\hotspot\src\share\vm\prims\jvm.cpp, line 1390]
Event: 0.408 Thread 0x00000000030fd000 Exception <a 'java/security/PrivilegedActionException'> (0x0000000555684ad8) thrown at [C:\re\workspace\8-2-build-windows-amd64-cygwin\jdk8u144\9417\hotspot\src\share\vm\prims\jvm.cpp, line 1390]
Event: 0.408 Thread 0x00000000030fd000 Exception <a 'java/security/PrivilegedActionException'> (0x0000000555685e38) thrown at [C:\re\workspace\8-2-build-windows-amd64-cygwin\jdk8u144\9417\hotspot\src\share\vm\prims\jvm.cpp, line 1390]
Event: 0.408 Thread 0x00000000030fd000 Exception <a 'java/security/PrivilegedActionException'> (0x0000000555686048) thrown at [C:\re\workspace\8-2-build-windows-amd64-cygwin\jdk8u144\9417\hotspot\src\share\vm\prims\jvm.cpp, line 1390]
Event: 0.423 Thread 0x00000000030fd000 Exception <a 'java/security/PrivilegedActionException'> (0x00000005556d3598) thrown at [C:\re\workspace\8-2-build-windows-amd64-cygwin\jdk8u144\9417\hotspot\src\share\vm\prims\jvm.cpp, line 1390]
Event: 0.423 Thread 0x00000000030fd000 Exception <a 'java/security/PrivilegedActionException'> (0x00000005556d37a8) thrown at [C:\re\workspace\8-2-build-windows-amd64-cygwin\jdk8u144\9417\hotspot\src\share\vm\prims\jvm.cpp, line 1390]
Event: 1.352 Thread 0x00000000030fd000 Exception <a 'java/security/PrivilegedActionException'> (0x000000055808d160) thrown at [C:\re\workspace\8-2-build-windows-amd64-cygwin\jdk8u144\9417\hotspot\src\share\vm\prims\jvm.cpp, line 1390]
Event: 1.352 Thread 0x00000000030fd000 Exception <a 'java/security/PrivilegedActionException'> (0x000000055808d370) thrown at [C:\re\workspace\8-2-build-windows-amd64-cygwin\jdk8u144\9417\hotspot\src\share\vm\prims\jvm.cpp, line 1390]
Event: 1.353 Thread 0x00000000030fd000 Exception <a 'java/security/PrivilegedActionException'> (0x0000000558091280) thrown at [C:\re\workspace\8-2-build-windows-amd64-cygwin\jdk8u144\9417\hotspot\src\share\vm\prims\jvm.cpp, line 1390]
Event: 1.353 Thread 0x00000000030fd000 Exception <a 'java/security/PrivilegedActionException'> (0x0000000558091490) thrown at [C:\re\workspace\8-2-build-windows-amd64-cygwin\jdk8u144\9417\hotspot\src\share\vm\prims\jvm.cpp, line 1390]

Events (10 events):
Event: 1.671 loading class java/util/Hashtable$KeySet
Event: 1.671 loading class java/util/Hashtable$KeySet done
Event: 1.673 loading class java/net/NetworkInterface
Event: 1.673 loading class java/net/NetworkInterface done
Event: 1.673 loading class java/net/NetworkInterface$1
Event: 1.673 loading class java/net/NetworkInterface$1 done
Event: 1.673 loading class java/net/InterfaceAddress
Event: 1.673 loading class java/net/InterfaceAddress done
Event: 1.673 loading class java/net/DefaultInterface
Event: 1.673 loading class java/net/DefaultInterface done


Dynamic libraries:
0x00007ff626bd0000 - 0x00007ff626c07000 	C:\Program Files\Java\jdk1.8.0_144\bin\javaw.exe
0x00007ffc5b440000 - 0x00007ffc5b6a8000 	C:\WINDOWS\SYSTEM32\ntdll.dll
0x00007ffc5a5b0000 - 0x00007ffc5a679000 	C:\WINDOWS\System32\KERNEL32.DLL
0x00007ffc58df0000 - 0x00007ffc591dd000 	C:\WINDOWS\System32\KERNELBASE.dll
0x00007ffc59ee0000 - 0x00007ffc59f94000 	C:\WINDOWS\System32\ADVAPI32.dll
0x00007ffc591e0000 - 0x00007ffc59289000 	C:\WINDOWS\System32\msvcrt.dll
0x00007ffc5aa30000 - 0x00007ffc5aad6000 	C:\WINDOWS\System32\sechost.dll
0x00007ffc59dc0000 - 0x00007ffc59ed8000 	C:\WINDOWS\System32\RPCRT4.dll
0x00007ffc5b230000 - 0x00007ffc5b3fc000 	C:\WINDOWS\System32\USER32.dll
0x00007ffc58c70000 - 0x00007ffc58c97000 	C:\WINDOWS\System32\win32u.dll
0x00007ffc59fc0000 - 0x00007ffc59feb000 	C:\WINDOWS\System32\GDI32.dll
0x00007ffc58770000 - 0x00007ffc588a7000 	C:\WINDOWS\System32\gdi32full.dll
0x00007ffc58ca0000 - 0x00007ffc58d43000 	C:\WINDOWS\System32\msvcp_win.dll
0x00007ffc58590000 - 0x00007ffc586db000 	C:\WINDOWS\System32\ucrtbase.dll
0x00007ffc57850000 - 0x00007ffc57aea000 	C:\WINDOWS\WinSxS\amd64_microsoft.windows.common-controls_6595b64144ccf1df_6.0.26100.4484_none_3e0e6d4ce32ef3b3\COMCTL32.dll
0x00007ffc5ac50000 - 0x00007ffc5ac7f000 	C:\WINDOWS\System32\IMM32.DLL
0x0000000050340000 - 0x0000000050412000 	C:\Program Files\Java\jdk1.8.0_144\jre\bin\msvcr100.dll
0x0000000077760000 - 0x0000000077ffd000 	C:\Program Files\Java\jdk1.8.0_144\jre\bin\server\jvm.dll
0x00007ffc5ac90000 - 0x00007ffc5ac98000 	C:\WINDOWS\System32\PSAPI.DLL
0x00007ffc50650000 - 0x00007ffc5065b000 	C:\WINDOWS\SYSTEM32\VERSION.dll
0x00007ffc54250000 - 0x00007ffc54285000 	C:\WINDOWS\SYSTEM32\WINMM.dll
0x00007ffc49380000 - 0x00007ffc4938a000 	C:\WINDOWS\SYSTEM32\WSOCK32.dll
0x00007ffc59ae0000 - 0x00007ffc59b54000 	C:\WINDOWS\System32\WS2_32.dll
0x0000000050c40000 - 0x0000000050c4f000 	C:\Program Files\Java\jdk1.8.0_144\jre\bin\verify.dll
0x0000000050c10000 - 0x0000000050c39000 	C:\Program Files\Java\jdk1.8.0_144\jre\bin\java.dll
0x0000000050300000 - 0x0000000050335000 	C:\Program Files\Java\jdk1.8.0_144\jre\bin\jdwp.dll
0x00000000502f0000 - 0x00000000502f8000 	C:\Program Files\Java\jdk1.8.0_144\jre\bin\npt.dll
0x00000000502c0000 - 0x00000000502e3000 	C:\Program Files\Java\jdk1.8.0_144\jre\bin\instrument.dll
0x0000000050bf0000 - 0x0000000050c06000 	C:\Program Files\Java\jdk1.8.0_144\jre\bin\zip.dll
0x00007ffc59290000 - 0x00007ffc599da000 	C:\WINDOWS\System32\SHELL32.dll
0x00007ffc58af0000 - 0x00007ffc58c64000 	C:\WINDOWS\System32\wintypes.dll
0x00007ffc5a6a0000 - 0x00007ffc5aa26000 	C:\WINDOWS\System32\combase.dll
0x00007ffc553e0000 - 0x00007ffc55c3b000 	C:\WINDOWS\SYSTEM32\windows.storage.dll
0x00007ffc5a4b0000 - 0x00007ffc5a5a5000 	C:\WINDOWS\System32\SHCORE.dll
0x00007ffc5aae0000 - 0x00007ffc5ab4a000 	C:\WINDOWS\System32\shlwapi.dll
0x00007ffc584a0000 - 0x00007ffc584cf000 	C:\WINDOWS\SYSTEM32\profapi.dll
0x00000000502b0000 - 0x00000000502b9000 	C:\Program Files\Java\jdk1.8.0_144\jre\bin\dt_socket.dll
0x00007ffc4f830000 - 0x00007ffc4f848000 	C:\WINDOWS\system32\napinsp.dll
0x00007ffc58d50000 - 0x00007ffc58de9000 	C:\WINDOWS\System32\bcryptPrimitives.dll
0x00007ffc56ee0000 - 0x00007ffc56f4a000 	C:\WINDOWS\System32\mswsock.dll
0x00007ffc561b0000 - 0x00007ffc562d6000 	C:\WINDOWS\SYSTEM32\DNSAPI.dll
0x00007ffc56170000 - 0x00007ffc561a3000 	C:\WINDOWS\SYSTEM32\IPHLPAPI.DLL
0x00007ffc5abe0000 - 0x00007ffc5abea000 	C:\WINDOWS\System32\NSI.dll
0x00007ffc4f810000 - 0x00007ffc4f822000 	C:\WINDOWS\System32\winrnr.dll
0x00007ffc4f7d0000 - 0x00007ffc4f800000 	C:\WINDOWS\system32\nlansp_c.dll
0x00007ffc4f7a0000 - 0x00007ffc4f7c0000 	C:\WINDOWS\system32\wshbth.dll
0x00007ffc516c0000 - 0x00007ffc51746000 	C:\WINDOWS\System32\fwpuclnt.dll
0x00007ffc4fe00000 - 0x00007ffc4fe0b000 	C:\Windows\System32\rasadhlp.dll
0x0000000050bd0000 - 0x0000000050bea000 	C:\Program Files\Java\jdk1.8.0_144\jre\bin\net.dll
0x00000000502a0000 - 0x00000000502ad000 	C:\Program Files\Java\jdk1.8.0_144\jre\bin\management.dll
0x0000000050780000 - 0x00000000507a4000 	C:\Program Files\Java\jdk1.8.0_144\jre\bin\sunec.dll
0x00007ffc514b0000 - 0x00007ffc514cf000 	C:\WINDOWS\SYSTEM32\dhcpcsvc6.DLL
0x00007ffc51480000 - 0x00007ffc514a5000 	C:\WINDOWS\SYSTEM32\dhcpcsvc.DLL
0x00007ffc57e60000 - 0x00007ffc580a1000 	C:\WINDOWS\SYSTEM32\dbghelp.dll
0x00007ffc5a3c0000 - 0x00007ffc5a4a0000 	C:\WINDOWS\System32\OLEAUT32.dll

VM Arguments:
jvm_args: -agentlib:jdwp=transport=dt_socket,suspend=y,address=localhost:50998 -Djava.util.logging.manager=com.f1.speedlogger.sun.SunSpeedLoggerLogManager -Df1.license.mode=dev -Dproperty.f1.autocoded.disabled=false -Dproperty.f1.logging.mode=info -Xms29g -javaagent:C:\Users\XPS17-6\Desktop\Setup\eclipse-jee-2019-12-R-win32-x86_64\eclipse\configuration\org.eclipse.osgi\411\0\.cp\lib\javaagent-shaded.jar -Dfile.encoding=UTF-8 
java_command: com.f1.ami.one.AmiOneMain
java_class_path (initial): C:\Users\XPS17-6\Perforce\Yuan_branch\makers\yuan3\java\ami\amione\target\classes;C:\Users\XPS17-6\Perforce\Yuan_branch\makers\yuan3\java\ami\amicenterfull\target\classes;C:\Users\XPS17-6\Perforce\Yuan_branch\makers\yuan3\java\ami\amicenter\target\classes;C:\Users\XPS17-6\Perforce\Yuan_branch\makers\yuan3\java\ami\amiclient\target\classes;C:\Users\XPS17-6\Perforce\Yuan_branch\makers\yuan3\java\ami\amimysql\target\classes;C:\Users\XPS17-6\.m2\repository\mysql\mysql-connector-java\5.1.39\mysql-connector-java-5.1.39.jar;C:\Users\XPS17-6\Perforce\Yuan_branch\makers\yuan3\java\ami\amipostgresql\target\classes;C:\Users\XPS17-6\.m2\repository\org\postgresql\postgresql\42.5.1\postgresql-42.5.1.jar;C:\Users\XPS17-6\.m2\repository\org\checkerframework\checker-qual\3.5.0\checker-qual-3.5.0.jar;C:\Users\XPS17-6\Perforce\Yuan_branch\makers\yuan3\java\ami\amioracle\target\classes;C:\Users\XPS17-6\.m2\repository\com\oracle\database\jdbc\ojdbc8\18.3.0.0\ojdbc8-18.3.0.0.jar;C:\Users\XPS17-6\.m2\repository\com\oracle\database\jdbc\ucp\18.3.0.0\ucp-18.3.0.0.jar;C:\Users\XPS17-6\.m2\repository\com\oracle\database\security\oraclepki\18.3.0.0\oraclepki-18.3.0.0.jar;C:\Users\XPS17-6\.m2\repository\com\oracle\database\security\osdt_cert\18.3.0.0\osdt_cert-18.3.0.0.jar;C:\Users\XPS17-6\.m2\repository\com\oracle\database\security\osdt_core\18.3.0.0\osdt_core-18.3.0.0.jar;C:\Users\XPS17-6\.m2\repository\com\oracle\database\ha\simplefan\18.3.0.0\simplefan-18.3.0.0.jar;C:\Users\XPS17-6\.m2\repository\com\oracle\database\ha\ons\18.3.0.0\ons-18.3.0.0.jar;C:\Users\XPS17-6\Perforce\Yuan_branch\makers\yuan3\java\ami\amiexcel\target\classes;C:\Users\XPS17-6\.m2\repository\org\apache\poi\poi\5.2.3\poi-5.2.3.jar;C:\Users\XPS17-6\.m2\repository\commons-codec\commons-codec\1.15\commons-codec-1.15.jar;C:\Users\XPS17-6\.m2\repository\org\apache\commons\commons-collections4\4.4\commons-collections4-4.4.jar;C:\Users\XPS17-6\.m2\repository\org\apache\commons\commons-math3\3.6.1\co
Launcher Type: SUN_STANDARD

Environment Variables:
JAVA_HOME=C:\Program Files\Java\jdk1.8.0_144
CLASSPATH=C:\Program Files\Java\jdk1.8.0_144\lib;C:\Program Files\Java\jdk1.8.0_144\jre\lib
PATH=C:\Program Files\Java\jdk1.8.0_144\jre\bin;C:/Program Files/Java/jdk1.8.0_144/bin/../jre/bin/server;C:/Program Files/Java/jdk1.8.0_144/bin/../jre/bin;C:/Program Files/Java/jdk1.8.0_144/bin/../jre/lib/amd64;C:\Windows\system32;C:\Windows;C:\Windows\System32\Wbem;C:\Windows\System32\WindowsPowerShell\v1.0\;C:\Windows\System32\OpenSSH\;C:\Program Files (x86)\NVIDIA Corporation\PhysX\Common;C:\Program Files (x86)\PuTTY\;C:\Program Files (x86)\apache-maven-3.8.4\bin;C:\Program Files\Java\jdk1.8.0_144\bin;C:\Program Files\Git\cmd;C:\Program Files\dotnet\;C:\WINDOWS\system32;C:\WINDOWS;C:\WINDOWS\System32\Wbem;C:\WINDOWS\System32\WindowsPowerShell\v1.0\;C:\WINDOWS\System32\OpenSSH\;C:\sqlite;C:\Program Files (x86)\Microsoft SQL Server\160\Tools\Binn\;C:\Program Files\Microsoft SQL Server\160\Tools\Binn\;C:\Program Files\Microsoft SQL Server\Client SDK\ODBC\170\Tools\Binn\;C:\Program Files\Microsoft SQL Server\160\DTS\Binn\;C:\Program Files\Java\jre1.8.0_144;C:\q\w64;;C:\Program Files\Docker\Docker\resources\bin;C:\Program Files\Perforce\;C:\Users\XPS17-6\AppData\Roaming\.dotnet;C:\Users\XPS17-6\AppData\Local\Microsoft\WindowsApps;C:\Users\XPS17-6\AppData\Local\Programs\Microsoft VS Code\bin;C:\q\w64;C:\Users\XPS17-6\.dotnet\tools;;C:\Users\XPS17-6\Desktop\Setup\eclipse-jee-2019-12-R-win32-x86_64\eclipse;
USERNAME=YuanYao
OS=Windows_NT
PROCESSOR_IDENTIFIER=Intel64 Family 6 Model 165 Stepping 2, GenuineIntel



---------------  S Y S T E M  ---------------

OS: Windows 10.0 , 64 bit Build 26100 (10.0.26100.4484)

CPU:total 16 (initial active 16) (8 cores per cpu, 2 threads per core) family 6 model 165 stepping 2, cmov, cx8, fxsr, mmx, sse, sse2, sse3, ssse3, sse4.1, sse4.2, popcnt, avx, avx2, aes, clmul, erms, 3dnowpref, lzcnt, ht, tsc, tscinvbit, bmi1, bmi2, adx

Memory: 4k page, physical 33292996k(19499580k free), swap 98304708k(51780080k free)

vm_info: Java HotSpot(TM) 64-Bit Server VM (25.144-b01) for windows-amd64 JRE (1.8.0_144-b01), built on Jul 21 2017 21:57:33 by "java_re" with MS VC++ 10.0 (VS2010)

time: Wed Jul 16 20:50:31 2025
elapsed time: 2 seconds (0d 0h 0m 2s)

